[35m[Appium][39m Welcome to Appium v2.4.1
[35m[Appium][39m Non-default server args:
[35m[Appium][39m { basePath: [32m'/wd/hub'[39m, loglevel: [32m'info'[39m, port: [33m64517[39m }
[35m[Appium][39m Attempting to load driver uiautomator2...
[35m[Appium][39m Appium REST http interface listener started on http://0.0.0.0:64517/wd/hub
[35m[Appium][39m You can provide the following URLs in your client code to connect to this server:
[35m[Appium][39m 	http://192.168.11.8:64517/wd/hub
[35m[Appium][39m 	http://192.168.1.10:64517/wd/hub
[35m[Appium][39m 	http://127.0.0.1:64517/wd/hub (only accessible from the same host)
[35m[Appium][39m Available drivers:
[35m[Appium][39m   - uiautomator2@2.43.2 (automationName 'UiAutomator2')
[35m[Appium][39m No plugins have been installed. Use the "appium plugin" command to install the one(s) you want to use.
[38;5;0m[HTTP][0m [37m-->[39m [37mGET[39m [37m/wd/hub/status[39m
[38;5;0m[HTTP][0m [90m{}[39m
[38;5;0m[HTTP][0m [37m<-- GET /wd/hub/status [39m[32m200[39m [90m18 ms - 110[39m
[38;5;0m[HTTP][0m [90m[39m
[38;5;0m[HTTP][0m [37m-->[39m [37mGET[39m [37m/wd/hub/status[39m
[38;5;0m[HTTP][0m [90m{}[39m
[38;5;0m[HTTP][0m [37m<-- GET /wd/hub/status [39m[32m200[39m [90m2 ms - 110[39m
[38;5;0m[HTTP][0m [90m[39m
[38;5;0m[HTTP][0m [37m-->[39m [37mPOST[39m [37m/wd/hub/session[39m
[38;5;0m[HTTP][0m [90m{"desiredCapabilities":{"appium:systemPort":8254,"appium:udid":"emulator-5554","appium:autoGrantPermissions":true,"appium:newCommandTimeout":1800,"appium:platformName":"ANDROID","appium:appActivity":".Settings","appium:deviceName":"emulator-5554 (Android SDK built for x86 - Android 10)","platformName":"Android","appium:automationName":"uiautomator2","appium:platformVersion":"10","appium:appPackage":"com.android.settings"},"capabilities":{"firstMatch":[{"appium:appActivity":".Settings","appium:appPackage":"com.android.settings","appium:autoGrantPermissions":true,"appium:automationName":"uiautomator2","appium:deviceName":"emulator-5554 (Android SDK built for x86 - Android 10)","appium:newCommandTimeout":1800,"appium:platformName":"ANDROID","appium:platformVersion":"10","appium:systemPort":8254,"appium:udid":"emulator-5554","platformName":"android"}]}}[39m
[38;5;32m[BaseDriver][0m Ignoring capability 'appium:platformName=ANDROID' and using capability 'platformName=android'
[38;5;32m[BaseDriver][0m The capabilities ["platformName"] are standard capabilities and do not require "appium:" prefix
[35m[Appium][39m Attempting to find matching driver for automationName 'uiautomator2' and platformName 'android'
[35m[Appium][39m The 'uiautomator2' driver was installed and matched caps.
[35m[Appium][39m Will require it at C:\Users\FA-08\.appium\node_modules\appium-uiautomator2-driver
[38;5;16m[AppiumDriver@36a0][0m Appium v2.4.1 creating new AndroidUiautomator2Driver (v2.43.2) session
[38;5;16m[AppiumDriver@36a0][0m Checking BaseDriver versions for Appium and AndroidUiautomator2Driver
[38;5;16m[AppiumDriver@36a0][0m Appium's BaseDriver version is 9.5.0
[38;5;16m[AppiumDriver@36a0][0m AndroidUiautomator2Driver's BaseDriver version is 9.5.0
[38;5;48m[AndroidUiautomator2Driver@7183 (5115c822)][0m Session created with session id: 5115c822-c5dd-456a-84ca-5dd880f52980
[38;5;48m[AndroidUiautomator2Driver@7183 (5115c822)][0m Starting 'com.android.settings' directly on the device
[38;5;64m[ADB][0m Found 1 'build-tools' folders under 'C:\Users\FA-08\AppData\Local\Android\Sdk' (newest first):
[38;5;64m[ADB][0m     C:\Users\FA-08\AppData\Local\Android\Sdk\build-tools\34.0.0
[38;5;64m[ADB][0m Using 'adb.exe' from 'C:\Users\FA-08\AppData\Local\Android\Sdk\platform-tools\adb.exe'
[38;5;48m[AndroidUiautomator2Driver@7183 (5115c822)][0m Retrieving device list
[38;5;48m[AndroidUiautomator2Driver@7183 (5115c822)][0m Using device: emulator-5554
[38;5;64m[ADB][0m Using 'adb.exe' from 'C:\Users\FA-08\AppData\Local\Android\Sdk\platform-tools\adb.exe'
[38;5;64m[ADB][0m Getting device platform version
[38;5;48m[AndroidUiautomator2Driver@7183 (5115c822)][0m Relaxing hidden api policy
[38;5;48m[AndroidUiautomator2Driver@7183 (5115c822)][0m No app sent in, not parsing package/activity
[38;5;64m[ADB][0m Using 'apksigner.jar' from 'C:\Users\FA-08\AppData\Local\Android\Sdk\build-tools\34.0.0\lib\apksigner.jar'
[38;5;64m[ADB][0m 'C:\Users\FA-08\.appium\node_modules\appium-uiautomator2-driver\node_modules\appium-uiautomator2-server\apks\appium-uiautomator2-server-debug-androidTest.apk' is signed with the default certificate
[38;5;64m[ADB][0m 'C:\Users\FA-08\.appium\node_modules\appium-uiautomator2-driver\node_modules\appium-uiautomator2-server\apks\appium-uiautomator2-server-v6.0.6.apk' is signed with the default certificate
[38;5;48m[AndroidUiautomator2Driver@7183 (5115c822)][0m Server packages are not going to be (re)installed
[38;5;64m[ADB][0m Adding packages ["io.appium.settings","io.appium.uiautomator2.server","io.appium.uiautomator2.server.test"] to Doze whitelist
[38;5;48m[AndroidUiautomator2Driver@7183 (5115c822)][0m Starting UIAutomator2 server 6.0.6
[38;5;48m[AndroidUiautomator2Driver@7183 (5115c822)][0m Using UIAutomator2 server from 'C:\Users\FA-08\.appium\node_modules\appium-uiautomator2-driver\node_modules\appium-uiautomator2-server\apks\appium-uiautomator2-server-v6.0.6.apk' and test from 'C:\Users\FA-08\.appium\node_modules\appium-uiautomator2-driver\node_modules\appium-uiautomator2-server\apks\appium-uiautomator2-server-debug-androidTest.apk'
[38;5;48m[AndroidUiautomator2Driver@7183 (5115c822)][0m Waiting up to 30000ms for UiAutomator2 to be online...
[38;5;48m[AndroidUiautomator2Driver@7183 (5115c822)][0m socket hang up
[38;5;48m[AndroidUiautomator2Driver@7183 (5115c822)][0m socket hang up
[38;5;48m[AndroidUiautomator2Driver@7183 (5115c822)][0m socket hang up
[38;5;48m[AndroidUiautomator2Driver@7183 (5115c822)][0m socket hang up
[38;5;48m[AndroidUiautomator2Driver@7183 (5115c822)][0m socket hang up
[38;5;48m[AndroidUiautomator2Driver@7183 (5115c822)][0m socket hang up
[38;5;48m[AndroidUiautomator2Driver@7183 (5115c822)][0m socket hang up
[38;5;48m[AndroidUiautomator2Driver@7183 (5115c822)][0m socket hang up
[38;5;48m[AndroidUiautomator2Driver@7183 (5115c822)][0m socket hang up
[38;5;48m[AndroidUiautomator2Driver@7183 (5115c822)][0m socket hang up
[38;5;48m[AndroidUiautomator2Driver@7183 (5115c822)][0m Determined the downstream protocol as 'W3C'
[38;5;48m[AndroidUiautomator2Driver@7183 (5115c822)][0m Screen already unlocked, doing nothing
[38;5;48m[AndroidUiautomator2Driver@7183 (5115c822)][0m Starting 'com.android.settings/.Settings and waiting for 'com.android.settings/.Settings'
[38;5;16m[AppiumDriver@36a0][0m New AndroidUiautomator2Driver session created successfully, session 5115c822-c5dd-456a-84ca-5dd880f52980 added to master session list
[38;5;0m[HTTP][0m [37m<-- POST /wd/hub/session [39m[32m200[39m [90m28766 ms - 1137[39m
[38;5;0m[HTTP][0m [90m[39m
[38;5;0m[HTTP][0m [37m-->[39m [37mGET[39m [37m/wd/hub/session/5115c822-c5dd-456a-84ca-5dd880f52980[39m
[38;5;0m[HTTP][0m [90m{}[39m
[38;5;0m[HTTP][0m [37m<-- GET /wd/hub/session/5115c822-c5dd-456a-84ca-5dd880f52980 [39m[32m200[39m [90m160 ms - 339[39m
[38;5;0m[HTTP][0m [90m[39m
[38;5;0m[HTTP][0m [37m-->[39m [37mGET[39m [37m/wd/hub/session/5115c822-c5dd-456a-84ca-5dd880f52980[39m
[38;5;0m[HTTP][0m [90m{}[39m
[38;5;0m[HTTP][0m [37m<-- GET /wd/hub/session/5115c822-c5dd-456a-84ca-5dd880f52980 [39m[32m200[39m [90m63 ms - 339[39m
[38;5;0m[HTTP][0m [90m[39m
[38;5;0m[HTTP][0m [37m-->[39m [37mGET[39m [37m/wd/hub/status[39m
[38;5;0m[HTTP][0m [90m{}[39m
[38;5;0m[HTTP][0m [37m<-- GET /wd/hub/status [39m[32m200[39m [90m1 ms - 110[39m
[38;5;0m[HTTP][0m [90m[39m
[38;5;0m[HTTP][0m [37m-->[39m [37mPOST[39m [37m/wd/hub/session/5115c822-c5dd-456a-84ca-5dd880f52980/timeouts[39m
[38;5;0m[HTTP][0m [90m{"implicit":60000}[39m
[38;5;0m[HTTP][0m [37m<-- POST /wd/hub/session/5115c822-c5dd-456a-84ca-5dd880f52980/timeouts [39m[32m200[39m [90m9 ms - 14[39m
[38;5;0m[HTTP][0m [90m[39m
[38;5;0m[HTTP][0m [37m-->[39m [37mGET[39m [37m/wd/hub/session/5115c822-c5dd-456a-84ca-5dd880f52980/appium/device/system_bars[39m
[38;5;0m[HTTP][0m [90m{}[39m
[38;5;0m[HTTP][0m [37m<-- GET /wd/hub/session/5115c822-c5dd-456a-84ca-5dd880f52980/appium/device/system_bars [39m[32m200[39m [90m567 ms - 152[39m
[38;5;0m[HTTP][0m [90m[39m
[38;5;0m[HTTP][0m [37m-->[39m [37mPOST[39m [37m/wd/hub/session/5115c822-c5dd-456a-84ca-5dd880f52980/appium/device/activate_app[39m
[38;5;0m[HTTP][0m [90m{"bundleId":"id.binar.fp.secondhand"}[39m
[38;5;0m[HTTP][0m [37m<-- POST /wd/hub/session/5115c822-c5dd-456a-84ca-5dd880f52980/appium/device/activate_app [39m[32m200[39m [90m814 ms - 14[39m
[38;5;0m[HTTP][0m [90m[39m
[38;5;0m[HTTP][0m [37m-->[39m [37mGET[39m [37m/wd/hub/session/5115c822-c5dd-456a-84ca-5dd880f52980/source[39m
[38;5;0m[HTTP][0m [90m{}[39m
[38;5;48m[AndroidUiautomator2Driver@7183 (5115c822)][0m Driver proxy active, passing request on via HTTP proxy
[38;5;48m[AndroidUiautomator2Driver@7183 (5115c822)][0m Replacing sessionId 7d2e6186-27b7-4bc9-bc2e-0b3c40906c80 with 5115c822-c5dd-456a-84ca-5dd880f52980
[38;5;0m[HTTP][0m [37m<-- GET /wd/hub/session/5115c822-c5dd-456a-84ca-5dd880f52980/source [39m[32m200[39m [90m3871 ms - 27334[39m
[38;5;0m[HTTP][0m [90m[39m
[38;5;0m[HTTP][0m [37m-->[39m [37mGET[39m [37m/wd/hub/session/5115c822-c5dd-456a-84ca-5dd880f52980/screenshot[39m
[38;5;0m[HTTP][0m [90m{}[39m
[38;5;0m[HTTP][0m [37m<-- GET /wd/hub/session/5115c822-c5dd-456a-84ca-5dd880f52980/screenshot [39m[32m200[39m [90m1206 ms - 114160[39m
[38;5;0m[HTTP][0m [90m[39m
[38;5;0m[HTTP][0m [37m-->[39m [37mGET[39m [37m/wd/hub/session/5115c822-c5dd-456a-84ca-5dd880f52980/source[39m
[38;5;0m[HTTP][0m [90m{}[39m
[38;5;48m[AndroidUiautomator2Driver@7183 (5115c822)][0m Driver proxy active, passing request on via HTTP proxy
[38;5;48m[AndroidUiautomator2Driver@7183 (5115c822)][0m Replacing sessionId 7d2e6186-27b7-4bc9-bc2e-0b3c40906c80 with 5115c822-c5dd-456a-84ca-5dd880f52980
[38;5;0m[HTTP][0m [37m<-- GET /wd/hub/session/5115c822-c5dd-456a-84ca-5dd880f52980/source [39m[32m200[39m [90m255 ms - 27100[39m
[38;5;0m[HTTP][0m [90m[39m
[38;5;0m[HTTP][0m [37m-->[39m [37mGET[39m [37m/wd/hub/session/5115c822-c5dd-456a-84ca-5dd880f52980/screenshot[39m
[38;5;0m[HTTP][0m [90m{}[39m
[38;5;0m[HTTP][0m [37m<-- GET /wd/hub/session/5115c822-c5dd-456a-84ca-5dd880f52980/screenshot [39m[32m200[39m [90m711 ms - 114160[39m
[38;5;0m[HTTP][0m [90m[39m
[38;5;0m[HTTP][0m [37m-->[39m [37mPOST[39m [37m/wd/hub/session/5115c822-c5dd-456a-84ca-5dd880f52980/elements[39m
[38;5;0m[HTTP][0m [90m{"using":"xpath","value":"//*[@class = 'android.widget.TextView' and @resource-id = 'id.binar.fp.secondhand:id/tv_email' and (@text = '' or . = '')]"}[39m
[38;5;0m[HTTP][0m [37m<-- POST /wd/hub/session/5115c822-c5dd-456a-84ca-5dd880f52980/elements [39m[32m200[39m [90m1262 ms - 139[39m
[38;5;0m[HTTP][0m [90m[39m
[38;5;0m[HTTP][0m [37m-->[39m [37mPOST[39m [37m/wd/hub/session/5115c822-c5dd-456a-84ca-5dd880f52980/elements[39m
[38;5;0m[HTTP][0m [90m{"using":"xpath","value":"//*[@class = 'android.widget.TextView' and @resource-id = 'id.binar.fp.secondhand:id/tv_name' and (@text = '' or . = '')]"}[39m
[38;5;0m[HTTP][0m [37m<-- POST /wd/hub/session/5115c822-c5dd-456a-84ca-5dd880f52980/elements [39m[32m200[39m [90m684 ms - 139[39m
[38;5;0m[HTTP][0m [90m[39m
[38;5;0m[HTTP][0m [37m-->[39m [37mPOST[39m [37m/wd/hub/session/5115c822-c5dd-456a-84ca-5dd880f52980/elements[39m
[38;5;0m[HTTP][0m [90m{"using":"xpath","value":"//*[@class = 'android.widget.TextView' and @resource-id = 'id.binar.fp.secondhand:id/tv_email' and (@text = '' or . = '')]"}[39m
[38;5;0m[HTTP][0m [37m<-- POST /wd/hub/session/5115c822-c5dd-456a-84ca-5dd880f52980/elements [39m[32m200[39m [90m213 ms - 139[39m
[38;5;0m[HTTP][0m [90m[39m
[38;5;0m[HTTP][0m [37m-->[39m [37mDELETE[39m [37m/wd/hub/session/5115c822-c5dd-456a-84ca-5dd880f52980[39m
[38;5;0m[HTTP][0m [90m{}[39m
[38;5;16m[AppiumDriver@36a0][0m Removing session 5115c822-c5dd-456a-84ca-5dd880f52980 from our master session list
[38;5;48m[AndroidUiautomator2Driver@7183 (5115c822)][0m Did not get confirmation UiAutomator2 deleteSession worked; Error was: UnknownError: An unknown server-side error occurred while processing the command. Original error: 'DELETE /' cannot be proxied to UiAutomator2 server because the instrumentation process is not running (probably crashed). Check the server log and/or the logcat output for more details
[38;5;48m[AndroidUiautomator2Driver@7183 (5115c822)][0m Unable to force stop app: Error executing adbExec. Original error: 'Command 'C:\\Users\\FA-08\\AppData\\Local\\Android\\Sdk\\platform-tools\\adb.exe -P 5037 -s emulator-5554 shell am force-stop com.android.settings' exited with code 1'; Command output: adb.exe: device 'emulator-5554' not found
[38;5;48m[AndroidUiautomator2Driver@7183 (5115c822)][0m 
[38;5;64m[ADB][0m Error sending command, reconnecting device and retrying: forward,--remove,tcp:8254
[38;5;48m[AndroidUiautomator2Driver@7183 (5115c822)][0m Unable to remove system port forward: Could not find a connected Android device in 20000ms
[38;5;48m[AndroidUiautomator2Driver@7183 (5115c822)][0m Restoring hidden api policy to the device default configuration
[38;5;0m[HTTP][0m [37m<-- DELETE /wd/hub/session/5115c822-c5dd-456a-84ca-5dd880f52980 [39m[31m500[39m [90m24121 ms - 1358[39m
[38;5;0m[HTTP][0m [90m[39m
[38;5;48m[AndroidUiautomator2Driver@7183 (5115c822)][0m Shutting down because we waited 1800 seconds for a command
[38;5;16m[AppiumDriver@36a0][0m Ending session, cause was 'New Command Timeout of 1800 seconds expired. Try customizing the timeout using the 'newCommandTimeout' desired capability'
[38;5;16m[AppiumDriver@36a0][0m Removing session '5115c822-c5dd-456a-84ca-5dd880f52980' from our master session list
[38;5;48m[AndroidUiautomator2Driver@7183 (5115c822)][0m Did not get confirmation UiAutomator2 deleteSession worked; Error was: UnknownError: An unknown server-side error occurred while processing the command. Original error: 'DELETE /' cannot be proxied to UiAutomator2 server because the instrumentation process is not running (probably crashed). Check the server log and/or the logcat output for more details
[38;5;48m[AndroidUiautomator2Driver@7183 (5115c822)][0m Unable to remove system port forward: Error executing adbExec. Original error: 'Command 'C:\\Users\\FA-08\\AppData\\Local\\Android\\Sdk\\platform-tools\\adb.exe -P 5037 -s emulator-5554 forward --remove tcp\:8254' exited with code 1'; Command output: adb.exe: error: listener 'tcp:8254' not found
[38;5;48m[AndroidUiautomator2Driver@7183 (5115c822)][0m 
[38;5;48m[AndroidUiautomator2Driver@7183 (5115c822)][0m Restoring hidden api policy to the device default configuration
