#
# There is insufficient memory for the Java Runtime Environment to continue.
# Native memory allocation (malloc) failed to allocate 1366656 bytes for Chunk::new
# Possible reasons:
#   The system is out of physical RAM or swap space
#   The process is running with CompressedOops enabled, and the Java Heap may be blocking the growth of the native heap
# Possible solutions:
#   Reduce memory load on the system
#   Increase physical memory or swap space
#   Check if swap backing store is full
#   Decrease Java heap size (-Xmx/-Xms)
#   Decrease number of Java threads
#   Decrease Java thread stack sizes (-Xss)
#   Set larger code cache with -XX:ReservedCodeCacheSize=
#   JVM is running with Unscaled Compressed Oops mode in which the Java heap is
#     placed in the first 4GB address space. The Java Heap base address is the
#     maximum limit for the native heap growth. Please use -XX:HeapBaseMinAddress
#     to set the Java Heap base and to place the Java Heap above 4GB virtual address.
# This output file may be truncated or incomplete.
#
#  Out of Memory Error (arena.cpp:189), pid=17784, tid=956
#
# JRE version: OpenJDK Runtime Environment Temurin-17.0.7+7 (17.0.7+7) (build 17.0.7+7)
# Java VM: OpenJDK 64-Bit Server VM Temurin-17.0.7+7 (17.0.7+7, mixed mode, tiered, compressed oops, compressed class ptrs, g1 gc, windows-amd64)
# No core dump will be written. Minidumps are not enabled by default on client versions of Windows
#

---------------  S U M M A R Y ------------

Command Line: -Dgroovy.home=C:\Users\LENOVO/.groovy -Djava.system.class.loader=groovy.lang.GroovyClassLoader -Xmx2048m -Dfile.encoding=UTF-8 -XX:+ShowCodeDetailsInExceptionMessages org.codehaus.groovy.tools.GroovyStarter --classpath D:\Kelompok_3\Project WEB\Kelompok_3\bin\keyword;D:\Kelompok_3\Project WEB\Kelompok_3\Keywords;D:\Kelompok_3\Project WEB\Kelompok_3\bin\listener;D:\Kelompok_3\Project WEB\Kelompok_3\Test Listeners;D:\Kelompok_3\Project WEB\Kelompok_3\bin\lib;D:\Kelompok_3\Project WEB\Kelompok_3\Libs;D:\Kelompok_3\Project WEB\Kelompok_3\bin\groovy;D:\Kelompok_3\Project WEB\Kelompok_3\Include\scripts\groovy;C:\Users\LENOVO\.katalon\packages\Katalon_Studio_Windows_64-9.3.0\Katalon_Studio_Windows_64-9.3.0\plugins\com.kms.katalon.core_1.0.0.202401301518.jar;C:\Users\LENOVO\.katalon\packages\Katalon_Studio_Windows_64-9.3.0\Katalon_Studio_Windows_64-9.3.0\configuration\resources\lib\aalto-xml-1.0.0.jar;C:\Users\LENOVO\.katalon\packages\Katalon_Studio_Windows_64-9.3.0\Katalon_Studio_Windows_64-9.3.0\configuration\resources\lib\aspectjweaver-1.9.1.jar;C:\Users\LENOVO\.katalon\packages\Katalon_Studio_Windows_64-9.3.0\Katalon_Studio_Windows_64-9.3.0\configuration\resources\lib\bcpkix-jdk15on-1.64.jar;C:\Users\LENOVO\.katalon\packages\Katalon_Studio_Windows_64-9.3.0\Katalon_Studio_Windows_64-9.3.0\configuration\resources\lib\bcprov-jdk15on-1.64.jar;C:\Users\LENOVO\.katalon\packages\Katalon_Studio_Windows_64-9.3.0\Katalon_Studio_Windows_64-9.3.0\configuration\resources\lib\browsermob-core-2.1.5.jar;C:\Users\LENOVO\.katalon\packages\Katalon_Studio_Windows_64-9.3.0\Katalon_Studio_Windows_64-9.3.0\configuration\resources\lib\cglib-3.2.10.jar;C:\Users\LENOVO\.katalon\packages\Katalon_Studio_Windows_64-9.3.0\Katalon_Studio_Windows_64-9.3.0\configuration\resources\lib\commons-codec-1.10.jar;C:\Users\LENOVO\.katalon\packages\Katalon_Studio_Windows_64-9.3.0\Katalon_Studio_Windows_64-9.3.0\configuration\resources\lib\commons-collections4-4.1.jar;C:\Users\LENOVO\.katalon\packages\Katalon_Studio_Windows_64-9.3.0\Katalon_Studio_Windows_64-9.3.0\configuration\resources\lib\commons-validator-1.6.jar;C:\Users\LENOVO\.katalon\packages\Katalon_Studio_Windows_64-9.3.0\Katalon_Studio_Windows_64-9.3.0\configuration\resources\lib\curvesapi-1.04.jar;C:\Users\LENOVO\.katalon\packages\Katalon_Studio_Windows_64-9.3.0\Katalon_Studio_Windows_64-9.3.0\configuration\resources\lib\dnsjava-2.1.8.jar;C:\Users\LENOVO\.katalon\packages\Katalon_Studio_Windows_64-9.3.0\Katalon_Studio_Windows_64-9.3.0\configuration\resources\lib\groovy-ant-3.0.17.jar;C:\Users\LENOVO\.katalon\packages\Katalon_Studio_Windows_64-9.3.0\Katalon_Studio_Windows_64-9.3.0\configuration\resources\lib\groovy-astbuilder-3.0.17.jar;C:\Users\LENOVO\.katalon\packages\Katalon_Studio_Windows_64-9.3.0\Katalon_Studio_Windows_64-9.3.0\configuration\resources\lib\groovy-cli-picocli-3.0.17.jar;C:\Users\LENOVO\.katalon\packages\Katalon_Studio_Windows_64-9.3.0\Katalon_Studio_Windows_64-9.3.0\configuration\resources\lib\groovy-console-3.0.17.jar;C:\Users\LENOVO\.katalon\packages\Katalon_Studio_Windows_64-9.3.0\Katalon_Studio_Windows_64-9.3.0\configuration\resources\lib\groovy-datetime-3.0.17.jar;C:\Users\LENOVO\.katalon\packages\Katalon_Studio_Windows_64-9.3.0\Katalon_Studio_Windows_64-9.3.0\configuration\resources\lib\groovy-dateutil-3.0.17.jar;C:\Users\LENOVO\.katalon\packages\Katalon_Studio_Windows_64-9.3.0\Katalon_Studio_Windows_64-9.3.0\configuration\resources\lib\groovy-docgenerator-3.0.17.jar;C:\Users\LENOVO\.katalon\packages\Katalon_Studio_Windows_64-9.3.0\Katalon_Studio_Windows_64-9.3.0\configuration\resources\lib\groovy-groovydoc-3.0.17.jar;C:\Users\LENOVO\.katalon\packages\Katalon_Studio_Windows_64-9.3.0\Katalon_Studio_Windows_64-9.3.0\configuration\resources\lib\groovy-groovysh-3.0.17.jar;C:\Users\LENOVO\.katalon\packages\Katalon_Studio_Windows_64-9.3.0\Katalon_Studio_Windows_64-9.3.0\configuration\resources\lib\groovy-jmx-3.0.17.jar;C:\Users\LENOVO\.katalon\packages\Katalon_Studio_Windows_64-9.3.0\Katalon_Studio_Windows_64-9.3.0\configuration\resources\lib\groovy-json-3.0.17.jar;C:\Users\LENOVO\.katalon\packages\Katalon_Studio_Windows_64-9.3.0\Katalon_Studio_Windows_64-9.3.0\configuration\resources\lib\groovy-jsr223-3.0.17.jar;C:\Users\LENOVO\.katalon\packages\Katalon_Studio_Windows_64-9.3.0\Katalon_Studio_Windows_64-9.3.0\configuration\resources\lib\groovy-macro-3.0.17.jar;C:\Users\LENOVO\.katalon\packages\Katalon_Studio_Windows_64-9.3.0\Katalon_Studio_Windows_64-9.3.0\configuration\resources\lib\groovy-nio-3.0.17.jar;C:\Users\LENOVO\.katalon\packages\Katalon_Studio_Windows_64-9.3.0\Katalon_Studio_Windows_64-9.3.0\configuration\resources\lib\groovy-servlet-3.0.17.jar;C:\Users\LENOVO\.katalon\packages\Katalon_Studio_Windows_64-9.3.0\Katalon_Studio_Windows_64-9.3.0\configuration\resources\lib\groovy-sql-3.0.17.jar;C:\Users\LENOVO\.katalon\packages\Katalon_Studio_Windows_64-9.3.0\Katalon_Studio_Windows_64-9.3.0\configuration\resources\lib\groovy-swing-3.0.17.jar;C:\Users\LENOVO\.katalon\packages\Katalon_Studio_Windows_64-9.3.0\Katalon_Studio_Windows_64-9.3.0\configuration\resources\lib\groovy-templates-3.0.17.jar;C:\Users\LENOVO\.katalon\packages\Katalon_Studio_Windows_64-9.3.0\Katalon_Studio_Windows_64-9.3.0\configuration\resources\lib\groovy-test-3.0.17.jar;C:\Users\LENOVO\.katalon\packages\Katalon_Studio_Windows_64-9.3.0\Katalon_Studio_Windows_64-9.3.0\configuration\resources\lib\groovy-test-junit5-3.0.17.jar;C:\Users\LENOVO\.katalon\packages\Katalon_Studio_Windows_64-9.3.0\Katalon_Studio_Windows_64-9.3.0\configuration\resources\lib\groovy-testng-3.0.17.jar;C:\Users\LENOVO\.katalon\packages\Katalon_Studio_Windows_64-9.3.0\Katalon_Studio_Windows_64-9.3.0\configuration\resources\lib\groovy-xml-3.0.17.jar;C:\Users\LENOVO\.katalon\packages\Katalon_Studio_Windows_64-9.3.0\Katalon_Studio_Windows_64-9.3.0\configuration\resources\lib\java-client-7.0.0.jar;C:\Users\LENOVO\.katalon\packages\Katalon_Studio_Windows_64-9.3.0\Katalon_Studio_Windows_64-9.3.0\configuration\resources\lib\javax.servlet-api_3.1.0.jar;C:\Users\LENOVO\.katalon\packages\Katalon_Studio_Windows_64-9.3.0\Katalon_Studio_Windows_64-9.3.0\configuration\resources\lib\jna-5.12.1.jar;C:\Users\LENOVO\.katalon\packages\Katalon_Studio_Windows_64-9.3.0\Katalon_Studio_Windows_64-9.3.0\configuration\resources\lib\jna-platform-5.12.1.jar;C:\Users\LENOVO\.katalon\packages\Katalon_Studio_Windows_64-9.3.0\Katalon_Studio_Windows_64-9.3.0\configuration\resources\lib\jzlib-1.1.3.jar;C:\Users\LENOVO\.katalon\packages\Katalon_Studio_Windows_64-9.3.0\Katalon_Studio_Windows_64-9.3.0\configuration\resources\lib\kat-server.jar;C:\Users\LENOVO\.katalon\packages\Katalon_Studio_Windows_64-9.3.0\Katalon_Studio_Windows_64-9.3.0\configuration\resources\lib\littleproxy-1.1.0-beta-bmp-17.jar;C:\Users\LENOVO\.katalon\packages\Katalon_Studio_Windows_64-9.3.0\Katalon_Studio_Windows_64-9.3.0\configuration\resources\lib\log4j-1.2-api-2.17.1.jar;C:\Users\LENOVO\.katalon\packages\Katalon_Studio_Windows_64-9.3.0\Katalon_Studio_Windows_64-9.3.0\configuration\resources\lib\log4j-api-2.17.1.jar;C:\Users\LENOVO\.katalon\packages\Katalon_Studio_Windows_64-9.3.0\Katalon_Studio_Windows_64-9.3.0\configuration\resources\lib\log4j-core-2.17.1.jar;C:\Users\LENOVO\.katalon\packages\Katalon_Studio_Windows_64-9.3.0\Katalon_Studio_Windows_64-9.3.0\configuration\resources\lib\mitm-2.1.5.jar;C:\Users\LENOVO\.katalon\packages\Katalon_Studio_Windows_64-9.3.0\Katalon_Studio_Windows_64-9.3.0\configuration\resources\lib\netty-all-4.1.70.Final.jar;C:\Users\LENOVO\.katalon\packages\Katalon_Studio_Windows_64-9.3.0\Katalon_Studio_Windows_64-9.3.0\configuration\resources\lib\poi-3.17.jar;C:\Users\LENOVO\.katalon\packages\Katalon_Studio_Windows_64-9.3.0\Katalon_Studio_Windows_64-9.3.0\configuration\resources\lib\poi-ooxml-3.17.jar;C:\Users\LENOVO\.katalon\packages\Katalon_Studio_Windows_64-9.3.0\Katalon_Studio_Windows_64-9.3.0\configuration\resources\lib\poi-ooxml-schemas-3.17.jar;C:\Users\LENOVO\.katalon\packages\Katalon_Studio_Windows_64-9.3.0\Katalon_Studio_Windows_64-9.3.0\configuration\resources\lib\proxy-vole-1.0.4-SNAPSHOT-jar-with-dependencies.jar;C:\Users\LENOVO\.katalon\packages\Katalon_Studio_Windows_64-9.3.0\Katalon_Studio_Windows_64-9.3.0\configuration\resources\lib\repackaged-sikuli-api-1.0.2-standalone.jar;C:\Users\LENOVO\.katalon\packages\Katalon_Studio_Windows_64-9.3.0\Katalon_Studio_Windows_64-9.3.0\configuration\resources\lib\selenium-leg-rc-3.141.59.jar;C:\Users\LENOVO\.katalon\packages\Katalon_Studio_Windows_64-9.3.0\Katalon_Studio_Windows_64-9.3.0\configuration\resources\lib\selenium-server-standalone-3.141.59.jar;C:\Users\LENOVO\.katalon\packages\Katalon_Studio_Windows_64-9.3.0\Katalon_Studio_Windows_64-9.3.0\configuration\resources\lib\selenium-shutterbug-1.1.jar;C:\Users\LENOVO\.katalon\packages\Katalon_Studio_Windows_64-9.3.0\Katalon_Studio_Windows_64-9.3.0\configuration\resources\lib\slf4j-api-1.7.25.jar;C:\Users\LENOVO\.katalon\packages\Katalon_Studio_Windows_64-9.3.0\Katalon_Studio_Windows_64-9.3.0\configuration\resources\lib\soap-builder-1.0.0.jar;C:\Users\LENOVO\.katalon\packages\Katalon_Studio_Windows_64-9.3.0\Katalon_Studio_Windows_64-9.3.0\configuration\resources\lib\soap-common-1.0.0.jar;C:\Users\LENOVO\.katalon\packages\Katalon_Studio_Windows_64-9.3.0\Katalon_Studio_Windows_64-9.3.0\configuration\resources\lib\soap-legacy-1.0.0.jar;C:\Users\LENOVO\.katalon\packages\Katalon_Studio_Windows_64-9.3.0\Katalon_Studio_Windows_64-9.3.0\configuration\resources\lib\spring-context-5.3.19.jar;C:\Users\LENOVO\.katalon\packages\Katalon_Studio_Windows_64-9.3.0\Katalon_Studio_Windows_64-9.3.0\configuration\resources\lib\stax2-api-4.0.0.jar;C:\Users\LENOVO\.katalon\packages\Katalon_Studio_Windows_64-9.3.0\Katalon_Studio_Windows_64-9.3.0\configuration\resources\lib\su.jar;C:\Users\LENOVO\.katalon\packages\Katalon_Studio_Windows_64-9.3.0\Katalon_Studio_Windows_64-9.3.0\configuration\resources\lib\testng-7.8.0.jar;C:\Users\LENOVO\.katalon\packages\Katalon_Studio_Windows_64-9.3.0\Katalon_Studio_Windows_64-9.3.0\configuration\resources\lib\wadl.jar;C:\Users\LENOVO\.katalon\packages\Katalon_Studio_Windows_64-9.3.0\Katalon_Studio_Windows_64-9.3.0\configuration\resources\lib\xmlbeans-3.1.0.jar;C:\Users\LENOVO\.katalon\packages\Katalon_Studio_Windows_64-9.3.0\Katalon_Studio_Windows_64-9.3.0\plugins\net.sf.supercsv.super-csv_2.1.0.jar;C:\Users\LENOVO\.katalon\packages\Katalon_Studio_Windows_64-9.3.0\Katalon_Studio_Windows_64-9.3.0\plugins\org.apache.commons.io_2.4.0.jar;C:\Users\LENOVO\.katalon\packages\Katalon_Studio_Windows_64-9.3.0\Katalon_Studio_Windows_64-9.3.0\plugins\org.apache.commons.lang_2.6.0.jar;C:\Users\LENOVO\.katalon\packages\Katalon_Studio_Windows_64-9.3.0\Katalon_Studio_Windows_64-9.3.0\plugins\com.google.gson_2.10.1.v20230109-0753.jar;C:\Users\LENOVO\.katalon\packages\Katalon_Studio_Windows_64-9.3.0\Katalon_Studio_Windows_64-9.3.0\plugins\org.jsoup_1.14.3.jar;C:\Users\LENOVO\.katalon\packages\Katalon_Studio_Windows_64-9.3.0\Katalon_Studio_Windows_64-9.3.0\plugins\org.apache.commons.dbutils_1.6.0.jar;C:\Users\LENOVO\.katalon\packages\Katalon_Studio_Windows_64-9.3.0\Katalon_Studio_Windows_64-9.3.0\plugins\com.oracle.jdbc.ojdbc7_12.1.0.2.jar;C:\Users\LENOVO\.katalon\packages\Katalon_Studio_Windows_64-9.3.0\Katalon_Studio_Windows_64-9.3.0\plugins\org.postgresql.jdbc_42.4.1.jar;c:\Users\LENOVO\.katalon\packages\Katalon_Studio_Windows_64-9.3.0\Katalon_Studio_Windows_64-9.3.0\plugins\org.eclipse.osgi_3.18.300.v20230220-1352.jar;C:\Users\LENOVO\.katalon\packages\Katalon_Studio_Windows_64-9.3.0\Katalon_Studio_Windows_64-9.3.0\plugins\com.kms.katalon.constant_1.0.0.202401301518.jar;C:\Users\LENOVO\.katalon\packages\Katalon_Studio_Windows_64-9.3.0\Katalon_Studio_Windows_64-9.3.0\plugins\org.eclipse.persistence.eclipselink_2.7.11.jar;C:\Users\LENOVO\.katalon\packages\Katalon_Studio_Windows_64-9.3.0\Katalon_Studio_Windows_64-9.3.0\plugins\com.kms.katalon.selenium-standalone_1.0.0.202401301518.jar;C:\Users\LENOVO\.katalon\packages\Katalon_Studio_Windows_64-9.3.0\Katalon_Studio_Windows_64-9.3.0\plugins\atu.testrecorder.screen-recorder_2.1.0.jar;C:\Users\LENOVO\.katalon\packages\Katalon_Studio_Windows_64-9.3.0\Katalon_Studio_Windows_64-9.3.0\plugins\com.google.guava_23.0.0.jar;C:\Users\LENOVO\.katalon\packages\Katalon_Studio_Windows_64-9.3.0\Katalon_Studio_Windows_64-9.3.0\plugins\com.kms.katalon.util_1.0.0.202401301518.jar;C:\Users\LENOVO\.katalon\packages\Katalon_Studio_Windows_64-9.3.0\Katalon_Studio_Windows_64-9.3.0\plugins\org.apache.httpcomponents.httpclient_4.5.14.v20221207-1049.jar;C:\Users\LENOVO\.katalon\packages\Katalon_Studio_Windows_64-9.3.0\Katalon_Studio_Windows_64-9.3.0\plugins\org.apache.httpcomponents.httpcore_4.4.16.v20221207-1049.jar;C:\Users\LENOVO\.katalon\packages\Katalon_Studio_Windows_64-9.3.0\Katalon_Studio_Windows_64-9.3.0\plugins\org.apache.httpcomponents.httpmime_4.5.1.jar;C:\Users\LENOVO\.katalon\packages\Katalon_Studio_Windows_64-9.3.0\Katalon_Studio_Windows_64-9.3.0\plugins\org.apache.commons.lang3_3.7.0.jar;C:\Users\LENOVO\.katalon\packages\Katalon_Studio_Windows_64-9.3.0\Katalon_Studio_Windows_64-9.3.0\plugins\org.greenrobot.eventbus_3.1.1.jar;C:\Users\LENOVO\.katalon\packages\Katalon_Studio_Windows_64-9.3.0\Katalon_Studio_Windows_64-9.3.0\plugins\org.assertj.core_3.10.0.jar;C:\Users\LENOVO\.katalon\packages\Katalon_Studio_Windows_64-9.3.0\Katalon_Studio_Windows_64-9.3.0\plugins\org.junit_4.13.2.v20211018-1956.jar;C:\Users\LENOVO\.katalon\packages\Katalon_Studio_Windows_64-9.3.0\Katalon_Studio_Windows_64-9.3.0\plugins\com.fasterxml.jackson.core.jackson-databind_2.14.0.jar;C:\Users\LENOVO\.katalon\packages\Katalon_Studio_Windows_64-9.3.0\Katalon_Studio_Windows_64-9.3.0\plugins\com.fasterxml.jackson.core.jackson-core_2.14.0.jar;C:\Users\LENOVO\.katalon\packages\Katalon_Studio_Windows_64-9.3.0\Katalon_Studio_Windows_64-9.3.0\plugins\com.fasterxml.jackson.core.jackson-annotations_2.14.0.jar;C:\Users\LENOVO\.katalon\packages\Katalon_Studio_Windows_64-9.3.0\Katalon_Studio_Windows_64-9.3.0\plugins\ch.qos.logback.classic_1.2.3.jar;C:\Users\LENOVO\.katalon\packages\Katalon_Studio_Windows_64-9.3.0\Katalon_Studio_Windows_64-9.3.0\plugins\ch.qos.logback.core_1.2.3.jar;C:\Users\LENOVO\.katalon\packages\Katalon_Studio_Windows_64-9.3.0\Katalon_Studio_Windows_64-9.3.0\plugins\slf4j.api_1.7.36.jar;C:\Users\LENOVO\.katalon\packages\Katalon_Studio_Windows_64-9.3.0\Katalon_Studio_Windows_64-9.3.0\plugins\org.fusesource.jansi_1.17.1.jar;C:\Users\LENOVO\.katalon\packages\Katalon_Studio_Windows_64-9.3.0\Katalon_Studio_Windows_64-9.3.0\plugins\com.kms.katalon.netlightbody_1.0.0.202401301518.jar;C:\Users\LENOVO\.katalon\packages\Katalon_Studio_Windows_64-9.3.0\Katalon_Studio_Windows_64-9.3.0\plugins\com.kms.katalon.poi_1.0.0.202401301518.jar;C:\Users\LENOVO\.katalon\packages\Katalon_Studio_Windows_64-9.3.0\Katalon_Studio_Windows_64-9.3.0\plugins\org.apache.commons.commons-text_1.10.0.jar;C:\Users\LENOVO\.katalon\packages\Katalon_Studio_Windows_64-9.3.0\Katalon_Studio_Windows_64-9.3.0\plugins\com.kms.katalon.proxyvole_1.0.0.202401301518.jar;C:\Users\LENOVO\.katalon\packages\Katalon_Studio_Windows_64-9.3.0\Katalon_Studio_Windows_64-9.3.0\plugins\com.microsoft.sqlserver.mssql-jdbc_6.2.2.jre8.jar;C:\Users\LENOVO\.katalon\packages\Katalon_Studio_Windows_64-9.3.0\Katalon_Studio_Windows_64-9.3.0\plugins\com.github.kklisura.cdt.java-client_2.1.0.jar;C:\Users\LENOVO\.katalon\packages\Katalon_Studio_Windows_64-9.3.0\Katalon_Studio_Windows_64-9.3.0\plugins\javax.websocket-api_1.1.0.jar;C:\Users\LENOVO\.katalon\packages\Katalon_Studio_Windows_64-9.3.0\Katalon_Studio_Windows_64-9.3.0\plugins\org.glassfish.tyrus.container-grizzly-client_1.13.1.jar;C:\Users\LENOVO\.katalon\packages\Katalon_Studio_Windows_64-9.3.0\Katalon_Studio_Windows_64-9.3.0\plugins\org.glassfish.grizzly.http-server_2.3.25.jar;C:\Users\LENOVO\.katalon\packages\Katalon_Studio_Windows_64-9.3.0\Katalon_Studio_Windows_64-9.3.0\plugins\org.glassfish.grizzly.framework_2.3.25.jar;C:\Users\LENOVO\.katalon\packages\Katalon_Studio_Windows_64-9.3.0\Katalon_Studio_Windows_64-9.3.0\plugins\org.glassfish.grizzly.http_2.3.25.jar;C:\Users\LENOVO\.katalon\packages\Katalon_Studio_Windows_64-9.3.0\Katalon_Studio_Windows_64-9.3.0\plugins\org.glassfish.tyrus.client_1.13.1.jar;C:\Users\LENOVO\.katalon\packages\Katalon_Studio_Windows_64-9.3.0\Katalon_Studio_Windows_64-9.3.0\plugins\org.glassfish.tyrus.core_1.13.1.jar;C:\Users\LENOVO\.katalon\packages\Katalon_Studio_Windows_64-9.3.0\Katalon_Studio_Windows_64-9.3.0\plugins\org.glassfish.tyrus.spi_1.13.1.jar;C:\Users\LENOVO\.katalon\packages\Katalon_Studio_Windows_64-9.3.0\Katalon_Studio_Windows_64-9.3.0\plugins\javassist_3.28.0.GA.jar;C:\Users\LENOVO\.katalon\packages\Katalon_Studio_Windows_64-9.3.0\Katalon_Studio_Windows_64-9.3.0\plugins\com.graphql-java_16.2.0.jar;C:\Users\LENOVO\.katalon\packages\Katalon_Studio_Windows_64-9.3.0\Katalon_Studio_Windows_64-9.3.0\plugins\org.glassfish.jaxb.runtime_2.3.6.jar;C:\Users\LENOVO\.katalon\packages\Katalon_Studio_Windows_64-9.3.0\Katalon_Studio_Windows_64-9.3.0\plugins\org.glassfish.jaxb.txw2_2.3.6.jar;C:\Users\LENOVO\.katalon\packages\Katalon_Studio_Windows_64-9.3.0\Katalon_Studio_Windows_64-9.3.0\plugins\org.dom4j_1.6.1.v201312101416.jar;C:\Users\LENOVO\.katalon\packages\Katalon_Studio_Windows_64-9.3.0\Katalon_Studio_Windows_64-9.3.0\plugins\com.kms.katalon.groovy-extended_1.0.0.202401301518.jar;C:\Users\LENOVO\.katalon\packages\Katalon_Studio_Windows_64-9.3.0\Katalon_Studio_Windows_64-9.3.0\plugins\com.sun.activation.javax.activation_1.2.0.jar;C:\Users\LENOVO\.katalon\packages\Katalon_Studio_Windows_64-9.3.0\Katalon_Studio_Windows_64-9.3.0\plugins\jakarta.xml.bind-api_2.3.3.jar;C:\Users\LENOVO\.katalon\packages\Katalon_Studio_Windows_64-9.3.0\Katalon_Studio_Windows_64-9.3.0\plugins\com.sun.xml.bind.jaxb-impl_2.3.6.jar;C:\Users\LENOVO\.katalon\packages\Katalon_Studio_Windows_64-9.3.0\Katalon_Studio_Windows_64-9.3.0\plugins\org.apache.commons.logging_1.2.0.v20180409-1502.jar;C:\Users\LENOVO\.katalon\packages\Katalon_Studio_Windows_64-9.3.0\Katalon_Studio_Windows_64-9.3.0\plugins\org.hamcrest.core_1.3.0.v20180420-1519.jar;C:\Users\LENOVO\.katalon\packages\Katalon_Studio_Windows_64-9.3.0\Katalon_Studio_Windows_64-9.3.0\plugins\org.beanshell.bsh_2.0.0.0b4.jar;C:\Users\LENOVO\.katalon\packages\Katalon_Studio_Windows_64-9.3.0\Katalon_Studio_Windows_64-9.3.0\plugins\org.apache.ant.launcher_1.9.6.jar;C:\Users\LENOVO\.katalon\packages\Katalon_Studio_Windows_64-9.3.0\Katalon_Studio_Windows_64-9.3.0\plugins\com.kms.katalon.core.appium_1.0.0.202401301518.jar;C:\Users\LENOVO\.katalon\packages\Katalon_Studio_Windows_64-9.3.0\Katalon_Studio_Windows_64-9.3.0\plugins\com.kms.katalon.logging_1.0.0.202401301518.jar;C:\Users\LENOVO\.katalon\packages\Katalon_Studio_Windows_64-9.3.0\Katalon_Studio_Windows_64-9.3.0\plugins\org.eclipse.equinox.common_3.17.100.v20230202-1341.jar;C:\Users\LENOVO\.katalon\packages\Katalon_Studio_Windows_64-9.3.0\Katalon_Studio_Windows_64-9.3.0\plugins\com.kms.katalon.core.webui_1.0.0.202401301518.jar;C:\Users\LENOVO\.katalon\packages\Katalon_Studio_Windows_64-9.3.0\Katalon_Studio_Windows_64-9.3.0\plugins\org.json_20140107.0.0.jar;C:\Users\LENOVO\.katalon\packages\Katalon_Studio_Windows_64-9.3.0\Katalon_Studio_Windows_64-9.3.0\plugins\org.eclipse.e4.core.contexts_1.11.0.v20220716-0839.jar;C:\Users\LENOVO\.katalon\packages\Katalon_Studio_Windows_64-9.3.0\Katalon_Studio_Windows_64-9.3.0\plugins\org.eclipse.e4.core.services_2.3.400.v20220915-1347.jar;C:\Users\LENOVO\.katalon\packages\Katalon_Studio_Windows_64-9.3.0\Katalon_Studio_Windows_64-9.3.0\plugins\com.kms.katalon.core.mobile_1.0.0.202401301518.jar;C:\Users\LENOVO\.katalon\packages\Katalon_Studio_Windows_64-9.3.0\Katalon_Studio_Windows_64-9.3.0\plugins\org.apache.commons.commons-validator_1.7.0.jar;C:\Users\LENOVO\.katalon\packages\Katalon_Studio_Windows_64-9.3.0\Katalon_Studio_Windows_64-9.3.0\plugins\com.kms.katalon.core.cucumber_1.0.0.202401301518.jar;C:\Users\LENOVO\.katalon\packages\Katalon_Studio_Windows_64-9.3.0\Katalon_Studio_Windows_64-9.3.0\plugins\io.cucumber.core_3.0.2.jar;C:\Users\LENOVO\.katalon\packages\Katalon_Studio_Windows_64-9.3.0\Katalon_Studio_Windows_64-9.3.0\plugins\io.cucumber.datatable_1.0.3.jar;C:\Users\LENOVO\.katalon\packages\Katalon_Studio_Windows_64-9.3.0\Katalon_Studio_Windows_64-9.3.0\plugins\io.cucumber.datatable-dependencies_1.0.3.jar;C:\Users\LENOVO\.katalon\packages\Katalon_Studio_Windows_64-9.3.0\Katalon_Studio_Windows_64-9.3.0\plugins\io.cucumber.expressions_5.0.19.jar;C:\Users\LENOVO\.katalon\packages\Katalon_Studio_Windows_64-9.3.0\Katalon_Studio_Windows_64-9.3.0\plugins\io.cucumber.gherkin_5.0.0.jar;C:\Users\LENOVO\.katalon\packages\Katalon_Studio_Windows_64-9.3.0\Katalon_Studio_Windows_64-9.3.0\plugins\io.cucumber.html_0.2.7.jar;C:\Users\LENOVO\.katalon\packages\Katalon_Studio_Windows_64-9.3.0\Katalon_Studio_Windows_64-9.3.0\plugins\io.cucumber.java_3.0.2.jar;C:\Users\LENOVO\.katalon\packages\Katalon_Studio_Windows_64-9.3.0\Katalon_Studio_Windows_64-9.3.0\plugins\io.cucumber.tag-expressions_1.1.1.jar;C:\Users\LENOVO\.katalon\packages\Katalon_Studio_Windows_64-9.3.0\Katalon_Studio_Windows_64-9.3.0\plugins\io.cucumber.junit_3.0.2.jar;C:\Users\LENOVO\.katalon\packages\Katalon_Studio_Windows_64-9.3.0\Katalon_Studio_Windows_64-9.3.0\plugins\com.kms.katalon.core.webservice_1.0.0.202401301518.jar;C:\Users\LENOVO\.katalon\packages\Katalon_Studio_Windows_64-9.3.0\Katalon_Studio_Windows_64-9.3.0\plugins\wsdl4j_1.6.2.jar;C:\Users\LENOVO\.katalon\packages\Katalon_Studio_Windows_64-9.3.0\Katalon_Studio_Windows_64-9.3.0\plugins\com.google.oauth-client.google-oauth-client_1.22.0.jar;C:\Users\LENOVO\.katalon\packages\Katalon_Studio_Windows_64-9.3.0\Katalon_Studio_Windows_64-9.3.0\plugins\com.google.http-client.google-http-client_1.22.0.jar;C:\Users\LENOVO\.katalon\packages\Katalon_Studio_Windows_64-9.3.0\Katalon_Studio_Windows_64-9.3.0\plugins\ca.juliusdavies.not-yet-commons-ssl_0.3.11.jar;C:\Users\LENOVO\.katalon\packages\Katalon_Studio_Windows_64-9.3.0\Katalon_Studio_Windows_64-9.3.0\plugins\com.kms.katalon.preferences_1.0.0.202401301518.jar;C:\Users\LENOVO\.katalon\packages\Katalon_Studio_Windows_64-9.3.0\Katalon_Studio_Windows_64-9.3.0\plugins\org.apache.xmlbeans_3.1.0.jar;C:\Users\LENOVO\.katalon\packages\Katalon_Studio_Windows_64-9.3.0\Katalon_Studio_Windows_64-9.3.0\plugins\com.kms.katalon.entity_1.0.0.202401301518.jar;C:\Users\LENOVO\.katalon\packages\Katalon_Studio_Windows_64-9.3.0\Katalon_Studio_Windows_64-9.3.0\plugins\org.antlr.antlr4-runtime_4.8.0.jar;C:\Users\LENOVO\.katalon\packages\Katalon_Studio_Windows_64-9.3.0\Katalon_Studio_Windows_64-9.3.0\plugins\com.networknt.json-schema-validator_1.0.66.jar;C:\Users\LENOVO\.katalon\packages\Katalon_Studio_Windows_64-9.3.0\Katalon_Studio_Windows_64-9.3.0\plugins\jakarta.xml.ws-api_2.3.3.jar;C:\Users\LENOVO\.katalon\packages\Katalon_Studio_Windows_64-9.3.0\Katalon_Studio_Windows_64-9.3.0\plugins\javax.xml.soap-api_1.4.0.jar;C:\Users\LENOVO\.katalon\packages\Katalon_Studio_Windows_64-9.3.0\Katalon_Studio_Windows_64-9.3.0\plugins\com.kms.katalon.core.windows_1.0.0.202401301518.jar;C:\Users\LENOVO\.katalon\packages\Katalon_Studio_Windows_64-9.3.0\Katalon_Studio_Windows_64-9.3.0\plugins\com.kms.katalon.core.testng_1.0.0.202401301518.jar;C:\Users\LENOVO\.katalon\packages\Katalon_Studio_Windows_64-9.3.0\Katalon_Studio_Windows_64-9.3.0\configuration\org.eclipse.osgi\27\0\.cp\resources\basic-report\katalon-studio-report-plugin.jar;C:\Users\LENOVO\.katalon\packages\Katalon_Studio_Windows_64-9.3.0\Katalon_Studio_Windows_64-9.3.0\plugins\org.codehaus.groovy_3.0.17.v202303311542-e2303\lib\groovy-3.0.17-indy.jar;C:\Users\LENOVO\.katalon\packages\Katalon_Studio_Windows_64-9.3.0\Katalon_Studio_Windows_64-9.3.0\plugins\org.codehaus.groovy_3.0.17.v202303311542-e2303\lib\ivy-2.5.1.jar --main groovy.ui.GroovyMain --encoding UTF-8 --indy D:\Kelompok_3\Project WEB\Kelompok_3\Libs\TempTestCase1709381270056.groovy

Host: 11th Gen Intel(R) Core(TM) i3-1115G4 @ 3.00GHz, 4 cores, 7G,  Windows 11 , 64 bit Build 22621 (10.0.22621.1928)
Time: Sat Mar  2 19:08:14 2024 SE Asia Standard Time elapsed time: 23.364934 seconds (0d 0h 0m 23s)

---------------  T H R E A D  ---------------

Current thread (0x000001f37d156e40):  JavaThread "C2 CompilerThread0" daemon [_thread_in_native, id=956, stack(0x0000009100700000,0x0000009100800000)]


Current CompileTask:
C2:  23364 5203       4       groovyjarjarantlr4.v4.runtime.atn.PredictionContext::getCachedContext (297 bytes)

Stack: [0x0000009100700000,0x0000009100800000]
Native frames: (J=compiled Java code, j=interpreted, Vv=VM code, C=native code)
V  [jvm.dll+0x67754a]
V  [jvm.dll+0x834304]
V  [jvm.dll+0x835aae]
V  [jvm.dll+0x836113]
V  [jvm.dll+0x24696f]
V  [jvm.dll+0xac0ac]
V  [jvm.dll+0xac67c]
V  [jvm.dll+0x364e37]
V  [jvm.dll+0x1bcc02]
V  [jvm.dll+0x219799]
V  [jvm.dll+0x218a61]
V  [jvm.dll+0x1a4d8d]
V  [jvm.dll+0x2284da]
V  [jvm.dll+0x226615]
V  [jvm.dll+0x7ea90b]
V  [jvm.dll+0x7e4e7a]
V  [jvm.dll+0x676395]
C  [ucrtbase.dll+0x29363]
C  [KERNEL32.DLL+0x126ad]
C  [ntdll.dll+0x5aa68]


---------------  P R O C E S S  ---------------

Threads class SMR info:
_java_thread_list=0x000001f313592d50, length=17, elements={
0x000001f372957ae0, 0x000001f37d0fa470, 0x000001f37d0fd4a0, 0x000001f37d11d1f0,
0x000001f37d152ff0, 0x000001f37d155cc0, 0x000001f37d156580, 0x000001f37d156e40,
0x000001f37d1bb640, 0x000001f37d1d4300, 0x000001f37d3b5d50, 0x000001f37df96860,
0x000001f313695090, 0x000001f313692ee0, 0x000001f3136933b0, 0x000001f313693880,
0x000001f313693d50
}

Java Threads: ( => current thread )
  0x000001f372957ae0 JavaThread "main" [_thread_in_Java, id=9052, stack(0x000000917fa00000,0x000000917fb00000)]
  0x000001f37d0fa470 JavaThread "Reference Handler" daemon [_thread_blocked, id=16268, stack(0x0000009100100000,0x0000009100200000)]
  0x000001f37d0fd4a0 JavaThread "Finalizer" daemon [_thread_blocked, id=3532, stack(0x0000009100200000,0x0000009100300000)]
  0x000001f37d11d1f0 JavaThread "Signal Dispatcher" daemon [_thread_blocked, id=11344, stack(0x0000009100300000,0x0000009100400000)]
  0x000001f37d152ff0 JavaThread "Attach Listener" daemon [_thread_blocked, id=9556, stack(0x0000009100400000,0x0000009100500000)]
  0x000001f37d155cc0 JavaThread "Service Thread" daemon [_thread_blocked, id=7364, stack(0x0000009100500000,0x0000009100600000)]
  0x000001f37d156580 JavaThread "Monitor Deflation Thread" daemon [_thread_blocked, id=18292, stack(0x0000009100600000,0x0000009100700000)]
=>0x000001f37d156e40 JavaThread "C2 CompilerThread0" daemon [_thread_in_native, id=956, stack(0x0000009100700000,0x0000009100800000)]
  0x000001f37d1bb640 JavaThread "C1 CompilerThread0" daemon [_thread_blocked, id=6396, stack(0x0000009100800000,0x0000009100900000)]
  0x000001f37d1d4300 JavaThread "Sweeper thread" daemon [_thread_blocked, id=8408, stack(0x0000009100900000,0x0000009100a00000)]
  0x000001f37d3b5d50 JavaThread "Common-Cleaner" daemon [_thread_blocked, id=18200, stack(0x0000009100a00000,0x0000009100b00000)]
  0x000001f37df96860 JavaThread "Notification Thread" daemon [_thread_blocked, id=18312, stack(0x0000009100d00000,0x0000009100e00000)]
  0x000001f313695090 JavaThread "UrlChecker-2" daemon [_thread_blocked, id=14864, stack(0x0000009101200000,0x0000009101300000)]
  0x000001f313692ee0 JavaThread "ForkJoinPool.commonPool-worker-1" daemon [_thread_blocked, id=17540, stack(0x0000009101600000,0x0000009101700000)]
  0x000001f3136933b0 JavaThread "ForkJoinPool.commonPool-worker-2" daemon [_thread_blocked, id=17996, stack(0x0000009101700000,0x0000009101800000)]
  0x000001f313693880 JavaThread "OkHttp ConnectionPool" daemon [_thread_blocked, id=1268, stack(0x0000009101900000,0x0000009101a00000)]
  0x000001f313693d50 JavaThread "Okio Watchdog" daemon [_thread_blocked, id=15280, stack(0x0000009101a00000,0x0000009101b00000)]

Other Threads:
  0x000001f37d0f4010 VMThread "VM Thread" [stack: 0x0000009100000000,0x0000009100100000] [id=2216]
  0x000001f37df96d30 WatcherThread [stack: 0x0000009100e00000,0x0000009100f00000] [id=1968]
  0x000001f3729b4660 GCTaskThread "GC Thread#0" [stack: 0x000000917fb00000,0x000000917fc00000] [id=18144]
  0x000001f37d9a3c00 GCTaskThread "GC Thread#1" [stack: 0x0000009100b00000,0x0000009100c00000] [id=17836]
  0x000001f37d7f3a00 GCTaskThread "GC Thread#2" [stack: 0x0000009100c00000,0x0000009100d00000] [id=12904]
  0x000001f37e636b10 GCTaskThread "GC Thread#3" [stack: 0x0000009101000000,0x0000009101100000] [id=9352]
  0x000001f3729c54a0 ConcurrentGCThread "G1 Main Marker" [stack: 0x000000917fc00000,0x000000917fd00000] [id=13124]
  0x000001f3729c66b0 ConcurrentGCThread "G1 Conc#0" [stack: 0x000000917fd00000,0x000000917fe00000] [id=1148]
  0x000001f3729de7f0 ConcurrentGCThread "G1 Refine#0" [stack: 0x000000917fe00000,0x000000917ff00000] [id=14620]
  0x000001f37cf5d830 ConcurrentGCThread "G1 Service" [stack: 0x000000917ff00000,0x0000009180000000] [id=8000]

Threads with active compile tasks:
C2 CompilerThread0    23390 5203       4       groovyjarjarantlr4.v4.runtime.atn.PredictionContext::getCachedContext (297 bytes)

VM state: not at safepoint (normal execution)

VM Mutex/Monitor currently owned by a thread: None

Heap address: 0x0000000080000000, size: 2048 MB, Compressed Oops mode: 32-bit

CDS archive(s) not mapped
Compressed class space mapped at: 0x0000000100000000-0x0000000140000000, reserved size: 1073741824
Narrow klass base: 0x0000000000000000, Narrow klass shift: 3, Narrow klass range: 0x140000000

GC Precious Log:
 CPUs: 4 total, 4 available
 Memory: 7975M
 Large Page Support: Disabled
 NUMA Support: Disabled
 Compressed Oops: Enabled (32-bit)
 Heap Region Size: 1M
 Heap Min Capacity: 8M
 Heap Initial Capacity: 126M
 Heap Max Capacity: 2G
 Pre-touch: Disabled
 Parallel Workers: 4
 Concurrent Workers: 1
 Concurrent Refinement Workers: 4
 Periodic GC: Disabled

Heap:
 garbage-first heap   total 100352K, used 64171K [0x0000000080000000, 0x0000000100000000)
  region size 1024K, 34 young (34816K), 5 survivors (5120K)
 Metaspace       used 43213K, committed 43776K, reserved 1114112K
  class space    used 4788K, committed 5056K, reserved 1048576K

Heap Regions: E=young(eden), S=young(survivor), O=old, HS=humongous(starts), HC=humongous(continues), CS=collection set, F=free, OA=open archive, CA=closed archive, TAMS=top-at-mark-start (previous, next)
|   0|0x0000000080000000, 0x0000000080100000, 0x0000000080100000|100%|HS|  |TAMS 0x0000000080100000, 0x0000000080000000| Complete 
|   1|0x0000000080100000, 0x0000000080200000, 0x0000000080200000|100%|HS|  |TAMS 0x0000000080200000, 0x0000000080100000| Complete 
|   2|0x0000000080200000, 0x0000000080300000, 0x0000000080300000|100%| O|  |TAMS 0x0000000080300000, 0x0000000080200000| Untracked 
|   3|0x0000000080300000, 0x0000000080400000, 0x0000000080400000|100%| O|  |TAMS 0x0000000080400000, 0x0000000080300000| Untracked 
|   4|0x0000000080400000, 0x0000000080500000, 0x0000000080500000|100%| O|  |TAMS 0x0000000080500000, 0x0000000080400000| Untracked 
|   5|0x0000000080500000, 0x0000000080600000, 0x0000000080600000|100%| O|  |TAMS 0x0000000080600000, 0x0000000080500000| Untracked 
|   6|0x0000000080600000, 0x0000000080700000, 0x0000000080700000|100%| O|  |TAMS 0x0000000080700000, 0x0000000080600000| Untracked 
|   7|0x0000000080700000, 0x0000000080800000, 0x0000000080800000|100%| O|  |TAMS 0x0000000080800000, 0x0000000080700000| Untracked 
|   8|0x0000000080800000, 0x0000000080900000, 0x0000000080900000|100%|HS|  |TAMS 0x0000000080900000, 0x0000000080800000| Complete 
|   9|0x0000000080900000, 0x0000000080a00000, 0x0000000080a00000|100%|HC|  |TAMS 0x0000000080a00000, 0x0000000080900000| Complete 
|  10|0x0000000080a00000, 0x0000000080b00000, 0x0000000080b00000|100%| O|  |TAMS 0x0000000080b00000, 0x0000000080a00000| Untracked 
|  11|0x0000000080b00000, 0x0000000080c00000, 0x0000000080c00000|100%| O|  |TAMS 0x0000000080c00000, 0x0000000080b00000| Untracked 
|  12|0x0000000080c00000, 0x0000000080d00000, 0x0000000080d00000|100%| O|  |TAMS 0x0000000080d00000, 0x0000000080c00000| Untracked 
|  13|0x0000000080d00000, 0x0000000080e00000, 0x0000000080e00000|100%| O|  |TAMS 0x0000000080e00000, 0x0000000080d00000| Untracked 
|  14|0x0000000080e00000, 0x0000000080f00000, 0x0000000080f00000|100%| O|  |TAMS 0x0000000080f00000, 0x0000000080e00000| Untracked 
|  15|0x0000000080f00000, 0x0000000081000000, 0x0000000081000000|100%| O|  |TAMS 0x0000000081000000, 0x0000000080f00000| Untracked 
|  16|0x0000000081000000, 0x0000000081100000, 0x0000000081100000|100%| O|  |TAMS 0x0000000081100000, 0x0000000081000000| Untracked 
|  17|0x0000000081100000, 0x0000000081200000, 0x0000000081200000|100%| O|  |TAMS 0x0000000081200000, 0x0000000081100000| Untracked 
|  18|0x0000000081200000, 0x0000000081300000, 0x0000000081300000|100%| O|  |TAMS 0x0000000081300000, 0x0000000081200000| Untracked 
|  19|0x0000000081300000, 0x0000000081400000, 0x0000000081400000|100%| O|  |TAMS 0x0000000081400000, 0x0000000081300000| Untracked 
|  20|0x0000000081400000, 0x0000000081500000, 0x0000000081500000|100%| O|  |TAMS 0x0000000081500000, 0x0000000081400000| Untracked 
|  21|0x0000000081500000, 0x0000000081600000, 0x0000000081600000|100%| O|  |TAMS 0x0000000081600000, 0x0000000081500000| Untracked 
|  22|0x0000000081600000, 0x0000000081700000, 0x0000000081700000|100%| O|  |TAMS 0x0000000081700000, 0x0000000081600000| Untracked 
|  23|0x0000000081700000, 0x0000000081800000, 0x0000000081800000|100%| O|  |TAMS 0x0000000081800000, 0x0000000081700000| Untracked 
|  24|0x0000000081800000, 0x0000000081900000, 0x0000000081900000|100%| O|  |TAMS 0x0000000081838600, 0x0000000081800000| Untracked 
|  25|0x0000000081900000, 0x0000000081a00000, 0x0000000081a00000|100%| O|  |TAMS 0x0000000081900000, 0x0000000081900000| Untracked 
|  26|0x0000000081a00000, 0x0000000081b00000, 0x0000000081b00000|100%| O|  |TAMS 0x0000000081a00000, 0x0000000081a00000| Untracked 
|  27|0x0000000081b00000, 0x0000000081c00000, 0x0000000081c00000|100%| O|  |TAMS 0x0000000081b00000, 0x0000000081b00000| Untracked 
|  28|0x0000000081c00000, 0x0000000081d00000, 0x0000000081d00000|100%| O|  |TAMS 0x0000000081c00000, 0x0000000081c00000| Untracked 
|  29|0x0000000081d00000, 0x0000000081de3600, 0x0000000081e00000| 88%| O|  |TAMS 0x0000000081d00000, 0x0000000081d00000| Untracked 
|  30|0x0000000081e00000, 0x0000000081e00000, 0x0000000081f00000|  0%| F|  |TAMS 0x0000000081e00000, 0x0000000081e00000| Untracked 
|  31|0x0000000081f00000, 0x0000000081f00000, 0x0000000082000000|  0%| F|  |TAMS 0x0000000081f00000, 0x0000000081f00000| Untracked 
|  32|0x0000000082000000, 0x0000000082000000, 0x0000000082100000|  0%| F|  |TAMS 0x0000000082000000, 0x0000000082000000| Untracked 
|  33|0x0000000082100000, 0x0000000082100000, 0x0000000082200000|  0%| F|  |TAMS 0x0000000082100000, 0x0000000082100000| Untracked 
|  34|0x0000000082200000, 0x0000000082200000, 0x0000000082300000|  0%| F|  |TAMS 0x0000000082200000, 0x0000000082200000| Untracked 
|  35|0x0000000082300000, 0x0000000082300000, 0x0000000082400000|  0%| F|  |TAMS 0x0000000082300000, 0x0000000082300000| Untracked 
|  36|0x0000000082400000, 0x0000000082400000, 0x0000000082500000|  0%| F|  |TAMS 0x0000000082400000, 0x0000000082400000| Untracked 
|  37|0x0000000082500000, 0x0000000082500000, 0x0000000082600000|  0%| F|  |TAMS 0x0000000082500000, 0x0000000082500000| Untracked 
|  38|0x0000000082600000, 0x0000000082600000, 0x0000000082700000|  0%| F|  |TAMS 0x0000000082600000, 0x0000000082600000| Untracked 
|  39|0x0000000082700000, 0x0000000082700000, 0x0000000082800000|  0%| F|  |TAMS 0x0000000082700000, 0x0000000082700000| Untracked 
|  40|0x0000000082800000, 0x0000000082800000, 0x0000000082900000|  0%| F|  |TAMS 0x0000000082800000, 0x0000000082800000| Untracked 
|  41|0x0000000082900000, 0x0000000082900000, 0x0000000082a00000|  0%| F|  |TAMS 0x0000000082900000, 0x0000000082900000| Untracked 
|  42|0x0000000082a00000, 0x0000000082a00000, 0x0000000082b00000|  0%| F|  |TAMS 0x0000000082a00000, 0x0000000082a00000| Untracked 
|  43|0x0000000082b00000, 0x0000000082bc7900, 0x0000000082c00000| 77%| S|CS|TAMS 0x0000000082b00000, 0x0000000082b00000| Complete 
|  44|0x0000000082c00000, 0x0000000082d00000, 0x0000000082d00000|100%| S|CS|TAMS 0x0000000082c00000, 0x0000000082c00000| Complete 
|  45|0x0000000082d00000, 0x0000000082e00000, 0x0000000082e00000|100%| S|CS|TAMS 0x0000000082d00000, 0x0000000082d00000| Complete 
|  46|0x0000000082e00000, 0x0000000082f00000, 0x0000000082f00000|100%| S|CS|TAMS 0x0000000082e00000, 0x0000000082e00000| Complete 
|  47|0x0000000082f00000, 0x0000000083000000, 0x0000000083000000|100%| S|CS|TAMS 0x0000000082f00000, 0x0000000082f00000| Complete 
|  48|0x0000000083000000, 0x0000000083000000, 0x0000000083100000|  0%| F|  |TAMS 0x0000000083000000, 0x0000000083000000| Untracked 
|  49|0x0000000083100000, 0x0000000083100000, 0x0000000083200000|  0%| F|  |TAMS 0x0000000083100000, 0x0000000083100000| Untracked 
|  50|0x0000000083200000, 0x0000000083200000, 0x0000000083300000|  0%| F|  |TAMS 0x0000000083200000, 0x0000000083200000| Untracked 
|  51|0x0000000083300000, 0x0000000083300000, 0x0000000083400000|  0%| F|  |TAMS 0x0000000083300000, 0x0000000083300000| Untracked 
|  52|0x0000000083400000, 0x0000000083400000, 0x0000000083500000|  0%| F|  |TAMS 0x0000000083400000, 0x0000000083400000| Untracked 
|  53|0x0000000083500000, 0x0000000083500000, 0x0000000083600000|  0%| F|  |TAMS 0x0000000083500000, 0x0000000083500000| Untracked 
|  54|0x0000000083600000, 0x0000000083600000, 0x0000000083700000|  0%| F|  |TAMS 0x0000000083600000, 0x0000000083600000| Untracked 
|  55|0x0000000083700000, 0x0000000083700000, 0x0000000083800000|  0%| F|  |TAMS 0x0000000083700000, 0x0000000083700000| Untracked 
|  56|0x0000000083800000, 0x0000000083800000, 0x0000000083900000|  0%| F|  |TAMS 0x0000000083800000, 0x0000000083800000| Untracked 
|  57|0x0000000083900000, 0x0000000083900000, 0x0000000083a00000|  0%| F|  |TAMS 0x0000000083900000, 0x0000000083900000| Untracked 
|  58|0x0000000083a00000, 0x0000000083a00000, 0x0000000083b00000|  0%| F|  |TAMS 0x0000000083a00000, 0x0000000083a00000| Untracked 
|  59|0x0000000083b00000, 0x0000000083b00000, 0x0000000083c00000|  0%| F|  |TAMS 0x0000000083b00000, 0x0000000083b00000| Untracked 
|  60|0x0000000083c00000, 0x0000000083c00000, 0x0000000083d00000|  0%| F|  |TAMS 0x0000000083c00000, 0x0000000083c00000| Untracked 
|  61|0x0000000083d00000, 0x0000000083d00000, 0x0000000083e00000|  0%| F|  |TAMS 0x0000000083d00000, 0x0000000083d00000| Untracked 
|  62|0x0000000083e00000, 0x0000000083e00000, 0x0000000083f00000|  0%| F|  |TAMS 0x0000000083e00000, 0x0000000083e00000| Untracked 
|  63|0x0000000083f00000, 0x0000000083f00000, 0x0000000084000000|  0%| F|  |TAMS 0x0000000083f00000, 0x0000000083f00000| Untracked 
|  64|0x0000000084000000, 0x0000000084000000, 0x0000000084100000|  0%| F|  |TAMS 0x0000000084000000, 0x0000000084000000| Untracked 
|  65|0x0000000084100000, 0x0000000084100000, 0x0000000084200000|  0%| F|  |TAMS 0x0000000084100000, 0x0000000084100000| Untracked 
|  66|0x0000000084200000, 0x0000000084200000, 0x0000000084300000|  0%| F|  |TAMS 0x0000000084200000, 0x0000000084200000| Untracked 
|  67|0x0000000084300000, 0x0000000084300000, 0x0000000084400000|  0%| F|  |TAMS 0x0000000084300000, 0x0000000084300000| Untracked 
|  68|0x0000000084400000, 0x0000000084400000, 0x0000000084500000|  0%| F|  |TAMS 0x0000000084400000, 0x0000000084400000| Untracked 
|  69|0x0000000084500000, 0x0000000084600000, 0x0000000084600000|100%| E|  |TAMS 0x0000000084500000, 0x0000000084500000| Complete 
|  70|0x0000000084600000, 0x0000000084700000, 0x0000000084700000|100%| E|CS|TAMS 0x0000000084600000, 0x0000000084600000| Complete 
|  71|0x0000000084700000, 0x0000000084800000, 0x0000000084800000|100%| E|CS|TAMS 0x0000000084700000, 0x0000000084700000| Complete 
|  72|0x0000000084800000, 0x0000000084900000, 0x0000000084900000|100%| E|CS|TAMS 0x0000000084800000, 0x0000000084800000| Complete 
|  73|0x0000000084900000, 0x0000000084a00000, 0x0000000084a00000|100%| E|CS|TAMS 0x0000000084900000, 0x0000000084900000| Complete 
|  74|0x0000000084a00000, 0x0000000084b00000, 0x0000000084b00000|100%| E|CS|TAMS 0x0000000084a00000, 0x0000000084a00000| Complete 
|  75|0x0000000084b00000, 0x0000000084c00000, 0x0000000084c00000|100%| E|CS|TAMS 0x0000000084b00000, 0x0000000084b00000| Complete 
|  76|0x0000000084c00000, 0x0000000084d00000, 0x0000000084d00000|100%| E|CS|TAMS 0x0000000084c00000, 0x0000000084c00000| Complete 
|  77|0x0000000084d00000, 0x0000000084e00000, 0x0000000084e00000|100%| E|CS|TAMS 0x0000000084d00000, 0x0000000084d00000| Complete 
|  78|0x0000000084e00000, 0x0000000084f00000, 0x0000000084f00000|100%| E|CS|TAMS 0x0000000084e00000, 0x0000000084e00000| Complete 
|  79|0x0000000084f00000, 0x0000000085000000, 0x0000000085000000|100%| E|CS|TAMS 0x0000000084f00000, 0x0000000084f00000| Complete 
|  80|0x0000000085000000, 0x0000000085100000, 0x0000000085100000|100%| E|CS|TAMS 0x0000000085000000, 0x0000000085000000| Complete 
|  81|0x0000000085100000, 0x0000000085200000, 0x0000000085200000|100%| E|CS|TAMS 0x0000000085100000, 0x0000000085100000| Complete 
|  82|0x0000000085200000, 0x0000000085300000, 0x0000000085300000|100%| E|CS|TAMS 0x0000000085200000, 0x0000000085200000| Complete 
|  83|0x0000000085300000, 0x0000000085400000, 0x0000000085400000|100%| E|CS|TAMS 0x0000000085300000, 0x0000000085300000| Complete 
|  84|0x0000000085400000, 0x0000000085500000, 0x0000000085500000|100%| E|CS|TAMS 0x0000000085400000, 0x0000000085400000| Complete 
|  85|0x0000000085500000, 0x0000000085600000, 0x0000000085600000|100%| E|CS|TAMS 0x0000000085500000, 0x0000000085500000| Complete 
|  86|0x0000000085600000, 0x0000000085700000, 0x0000000085700000|100%| E|CS|TAMS 0x0000000085600000, 0x0000000085600000| Complete 
|  87|0x0000000085700000, 0x0000000085800000, 0x0000000085800000|100%| E|CS|TAMS 0x0000000085700000, 0x0000000085700000| Complete 
|  88|0x0000000085800000, 0x0000000085900000, 0x0000000085900000|100%| E|CS|TAMS 0x0000000085800000, 0x0000000085800000| Complete 
|  89|0x0000000085900000, 0x0000000085a00000, 0x0000000085a00000|100%| E|CS|TAMS 0x0000000085900000, 0x0000000085900000| Complete 
|  90|0x0000000085a00000, 0x0000000085b00000, 0x0000000085b00000|100%| E|CS|TAMS 0x0000000085a00000, 0x0000000085a00000| Complete 
|  91|0x0000000085b00000, 0x0000000085c00000, 0x0000000085c00000|100%| E|CS|TAMS 0x0000000085b00000, 0x0000000085b00000| Complete 
|  92|0x0000000085c00000, 0x0000000085d00000, 0x0000000085d00000|100%| E|CS|TAMS 0x0000000085c00000, 0x0000000085c00000| Complete 
|  93|0x0000000085d00000, 0x0000000085e00000, 0x0000000085e00000|100%| E|CS|TAMS 0x0000000085d00000, 0x0000000085d00000| Complete 
|  94|0x0000000085e00000, 0x0000000085f00000, 0x0000000085f00000|100%| E|CS|TAMS 0x0000000085e00000, 0x0000000085e00000| Complete 
|  95|0x0000000085f00000, 0x0000000086000000, 0x0000000086000000|100%| E|CS|TAMS 0x0000000085f00000, 0x0000000085f00000| Complete 
| 124|0x0000000087c00000, 0x0000000087d00000, 0x0000000087d00000|100%| E|CS|TAMS 0x0000000087c00000, 0x0000000087c00000| Complete 
| 125|0x0000000087d00000, 0x0000000087e00000, 0x0000000087e00000|100%| E|CS|TAMS 0x0000000087d00000, 0x0000000087d00000| Complete 

Card table byte_map: [0x000001f3763d0000,0x000001f3767d0000] _byte_map_base: 0x000001f375fd0000

Marking Bits (Prev, Next): (CMBitMap*) 0x000001f3729b4b70, (CMBitMap*) 0x000001f3729b4bb0
 Prev Bits: [0x000001f376bd0000, 0x000001f378bd0000)
 Next Bits: [0x000001f378bd0000, 0x000001f37abd0000)

Polling page: 0x000001f3708d0000

Metaspace:

Usage:
  Non-class:     37.52 MB used.
      Class:      4.68 MB used.
       Both:     42.20 MB used.

Virtual space:
  Non-class space:       64.00 MB reserved,      37.81 MB ( 59%) committed,  1 nodes.
      Class space:        1.00 GB reserved,       4.94 MB ( <1%) committed,  1 nodes.
             Both:        1.06 GB reserved,      42.75 MB (  4%) committed. 

Chunk freelists:
   Non-Class:  9.52 MB
       Class:  11.01 MB
        Both:  20.53 MB

MaxMetaspaceSize: unlimited
CompressedClassSpaceSize: 1.00 GB
Initial GC threshold: 21.00 MB
Current GC threshold: 58.88 MB
CDS: off
MetaspaceReclaimPolicy: balanced
 - commit_granule_bytes: 65536.
 - commit_granule_words: 8192.
 - virtual_space_node_default_size: 8388608.
 - enlarge_chunks_in_place: 1.
 - new_chunks_are_fully_committed: 0.
 - uncommit_free_chunks: 1.
 - use_allocation_guard: 0.
 - handle_deallocations: 1.


Internal statistics:

num_allocs_failed_limit: 6.
num_arena_births: 636.
num_arena_deaths: 0.
num_vsnodes_births: 2.
num_vsnodes_deaths: 0.
num_space_committed: 684.
num_space_uncommitted: 0.
num_chunks_returned_to_freelist: 6.
num_chunks_taken_from_freelist: 1657.
num_chunk_merges: 6.
num_chunk_splits: 1133.
num_chunks_enlarged: 779.
num_inconsistent_stats: 0.

CodeHeap 'non-profiled nmethods': size=120000Kb used=3000Kb max_used=3000Kb free=117000Kb
 bounds [0x000001f307ad0000, 0x000001f307dd0000, 0x000001f30f000000]
CodeHeap 'profiled nmethods': size=120000Kb used=8636Kb max_used=8894Kb free=111363Kb
 bounds [0x000001f300000000, 0x000001f3008b0000, 0x000001f307530000]
CodeHeap 'non-nmethods': size=5760Kb used=2320Kb max_used=2383Kb free=3439Kb
 bounds [0x000001f307530000, 0x000001f3077a0000, 0x000001f307ad0000]
 total_blobs=5320 nmethods=4496 adapters=736
 compilation: enabled
              stopped_count=0, restarted_count=0
 full_count=0

Compilation events (20 events):
Event: 23.346 Thread 0x000001f37d1bb640 nmethod 5264 0x000001f300538110 code [0x000001f3005382c0, 0x000001f3005384e8]
Event: 23.346 Thread 0x000001f37d1bb640 5265       3       java.lang.invoke.MethodHandleImpl$Makers$1::apply (16 bytes)
Event: 23.346 Thread 0x000001f37d1bb640 nmethod 5265 0x000001f300537d10 code [0x000001f300537ec0, 0x000001f300538028]
Event: 23.346 Thread 0x000001f37d1bb640 5266       3       java.lang.invoke.MethodHandleImpl$CountingWrapper::<init> (46 bytes)
Event: 23.346 Thread 0x000001f37d1bb640 nmethod 5266 0x000001f300537610 code [0x000001f3005377c0, 0x000001f300537ba8]
Event: 23.346 Thread 0x000001f37d1bb640 5267       1       java.util.logging.LogRecord::getLevel (5 bytes)
Event: 23.346 Thread 0x000001f37d1bb640 nmethod 5267 0x000001f307b5e590 code [0x000001f307b5e720, 0x000001f307b5e7f8]
Event: 23.346 Thread 0x000001f37d1bb640 5261       3       sun.invoke.util.VerifyAccess::isModuleAccessible (97 bytes)
Event: 23.347 Thread 0x000001f37d1bb640 nmethod 5261 0x000001f3005ced90 code [0x000001f3005cf060, 0x000001f3005cfd48]
Event: 23.351 Thread 0x000001f37d1bb640 5268       1       org.codehaus.groovy.runtime.metaclass.NewStaticMetaMethod::isStatic (2 bytes)
Event: 23.351 Thread 0x000001f37d1bb640 nmethod 5268 0x000001f307b5e290 code [0x000001f307b5e420, 0x000001f307b5e4f8]
Event: 23.353 Thread 0x000001f37d1bb640 5269       3       sun.security.provider.DigestBase::engineReset (33 bytes)
Event: 23.354 Thread 0x000001f37d1bb640 nmethod 5269 0x000001f300536f10 code [0x000001f3005370c0, 0x000001f300537358]
Event: 23.361 Thread 0x000001f37d1bb640 5270       3       java.util.TreeMap$PrivateEntryIterator::<init> (28 bytes)
Event: 23.361 Thread 0x000001f37d1bb640 nmethod 5270 0x000001f3005ce890 code [0x000001f3005cea40, 0x000001f3005cec98]
Event: 23.361 Thread 0x000001f37d1bb640 5271       3       java.util.Collections$UnmodifiableList::equals (24 bytes)
Event: 23.362 Thread 0x000001f37d1bb640 nmethod 5271 0x000001f300716890 code [0x000001f300716a40, 0x000001f300716ca8]
Event: 23.362 Thread 0x000001f37d1bb640 5273       3       java.util.AbstractList::equals (117 bytes)
Event: 23.362 Thread 0x000001f37d1bb640 nmethod 5273 0x000001f300715690 code [0x000001f300715900, 0x000001f300716608]
Event: 23.362 Thread 0x000001f37d1bb640 5272       3       java.lang.invoke.MethodHandles::dropArgumentsToMatch (288 bytes)

GC Heap History (20 events):
Event: 4.560 GC heap before
{Heap before GC invocations=4 (full 0):
 garbage-first heap   total 129024K, used 22563K [0x0000000080000000, 0x0000000100000000)
  region size 1024K, 9 young (9216K), 8 survivors (8192K)
 Metaspace       used 21359K, committed 21504K, reserved 1114112K
  class space    used 2234K, committed 2304K, reserved 1048576K
}
Event: 4.568 GC heap after
{Heap after GC invocations=5 (full 0):
 garbage-first heap   total 129024K, used 21454K [0x0000000080000000, 0x0000000100000000)
  region size 1024K, 1 young (1024K), 1 survivors (1024K)
 Metaspace       used 21359K, committed 21504K, reserved 1114112K
  class space    used 2234K, committed 2304K, reserved 1048576K
}
Event: 4.949 GC heap before
{Heap before GC invocations=6 (full 0):
 garbage-first heap   total 78848K, used 66510K [0x0000000080000000, 0x0000000100000000)
  region size 1024K, 46 young (47104K), 1 survivors (1024K)
 Metaspace       used 22148K, committed 22400K, reserved 1114112K
  class space    used 2310K, committed 2432K, reserved 1048576K
}
Event: 4.952 GC heap after
{Heap after GC invocations=7 (full 0):
 garbage-first heap   total 78848K, used 21527K [0x0000000080000000, 0x0000000100000000)
  region size 1024K, 1 young (1024K), 1 survivors (1024K)
 Metaspace       used 22148K, committed 22400K, reserved 1114112K
  class space    used 2310K, committed 2432K, reserved 1048576K
}
Event: 4.978 GC heap before
{Heap before GC invocations=7 (full 0):
 garbage-first heap   total 78848K, used 23575K [0x0000000080000000, 0x0000000100000000)
  region size 1024K, 3 young (3072K), 1 survivors (1024K)
 Metaspace       used 22320K, committed 22528K, reserved 1114112K
  class space    used 2323K, committed 2432K, reserved 1048576K
}
Event: 4.979 GC heap after
{Heap after GC invocations=8 (full 0):
 garbage-first heap   total 78848K, used 21652K [0x0000000080000000, 0x0000000100000000)
  region size 1024K, 1 young (1024K), 1 survivors (1024K)
 Metaspace       used 22320K, committed 22528K, reserved 1114112K
  class space    used 2323K, committed 2432K, reserved 1048576K
}
Event: 5.978 GC heap before
{Heap before GC invocations=8 (full 0):
 garbage-first heap   total 78848K, used 57492K [0x0000000080000000, 0x0000000100000000)
  region size 1024K, 36 young (36864K), 1 survivors (1024K)
 Metaspace       used 27168K, committed 27456K, reserved 1114112K
  class space    used 2834K, committed 2944K, reserved 1048576K
}
Event: 5.984 GC heap after
{Heap after GC invocations=9 (full 0):
 garbage-first heap   total 78848K, used 24839K [0x0000000080000000, 0x0000000100000000)
  region size 1024K, 4 young (4096K), 4 survivors (4096K)
 Metaspace       used 27168K, committed 27456K, reserved 1114112K
  class space    used 2834K, committed 2944K, reserved 1048576K
}
Event: 6.515 GC heap before
{Heap before GC invocations=9 (full 0):
 garbage-first heap   total 78848K, used 58631K [0x0000000080000000, 0x0000000100000000)
  region size 1024K, 37 young (37888K), 4 survivors (4096K)
 Metaspace       used 30637K, committed 31040K, reserved 1114112K
  class space    used 3270K, committed 3456K, reserved 1048576K
}
Event: 6.523 GC heap after
{Heap after GC invocations=10 (full 0):
 garbage-first heap   total 78848K, used 26587K [0x0000000080000000, 0x0000000100000000)
  region size 1024K, 2 young (2048K), 2 survivors (2048K)
 Metaspace       used 30637K, committed 31040K, reserved 1114112K
  class space    used 3270K, committed 3456K, reserved 1048576K
}
Event: 6.748 GC heap before
{Heap before GC invocations=10 (full 0):
 garbage-first heap   total 78848K, used 61403K [0x0000000080000000, 0x0000000100000000)
  region size 1024K, 34 young (34816K), 2 survivors (2048K)
 Metaspace       used 31849K, committed 32192K, reserved 1114112K
  class space    used 3350K, committed 3520K, reserved 1048576K
}
Event: 6.752 GC heap after
{Heap after GC invocations=11 (full 0):
 garbage-first heap   total 78848K, used 27022K [0x0000000080000000, 0x0000000100000000)
  region size 1024K, 3 young (3072K), 3 survivors (3072K)
 Metaspace       used 31849K, committed 32192K, reserved 1114112K
  class space    used 3350K, committed 3520K, reserved 1048576K
}
Event: 7.158 GC heap before
{Heap before GC invocations=11 (full 0):
 garbage-first heap   total 78848K, used 60814K [0x0000000080000000, 0x0000000100000000)
  region size 1024K, 36 young (36864K), 3 survivors (3072K)
 Metaspace       used 32153K, committed 32576K, reserved 1114112K
  class space    used 3376K, committed 3584K, reserved 1048576K
}
Event: 7.165 GC heap after
{Heap after GC invocations=12 (full 0):
 garbage-first heap   total 100352K, used 28257K [0x0000000080000000, 0x0000000100000000)
  region size 1024K, 4 young (4096K), 4 survivors (4096K)
 Metaspace       used 32153K, committed 32576K, reserved 1114112K
  class space    used 3376K, committed 3584K, reserved 1048576K
}
Event: 7.766 GC heap before
{Heap before GC invocations=12 (full 0):
 garbage-first heap   total 100352K, used 77409K [0x0000000080000000, 0x0000000100000000)
  region size 1024K, 52 young (53248K), 4 survivors (4096K)
 Metaspace       used 34295K, committed 34688K, reserved 1114112K
  class space    used 3613K, committed 3776K, reserved 1048576K
}
Event: 7.777 GC heap after
{Heap after GC invocations=13 (full 0):
 garbage-first heap   total 100352K, used 30780K [0x0000000080000000, 0x0000000100000000)
  region size 1024K, 6 young (6144K), 6 survivors (6144K)
 Metaspace       used 34295K, committed 34688K, reserved 1114112K
  class space    used 3613K, committed 3776K, reserved 1048576K
}
Event: 8.700 GC heap before
{Heap before GC invocations=13 (full 0):
 garbage-first heap   total 100352K, used 49212K [0x0000000080000000, 0x0000000100000000)
  region size 1024K, 25 young (25600K), 6 survivors (6144K)
 Metaspace       used 35524K, committed 35968K, reserved 1114112K
  class space    used 3766K, committed 3968K, reserved 1048576K
}
Event: 8.713 GC heap after
{Heap after GC invocations=14 (full 0):
 garbage-first heap   total 100352K, used 32160K [0x0000000080000000, 0x0000000100000000)
  region size 1024K, 4 young (4096K), 4 survivors (4096K)
 Metaspace       used 35524K, committed 35968K, reserved 1114112K
  class space    used 3766K, committed 3968K, reserved 1048576K
}
Event: 22.521 GC heap before
{Heap before GC invocations=15 (full 0):
 garbage-first heap   total 100352K, used 78240K [0x0000000080000000, 0x0000000100000000)
  region size 1024K, 50 young (51200K), 4 survivors (4096K)
 Metaspace       used 42593K, committed 43136K, reserved 1114112K
  class space    used 4735K, committed 4992K, reserved 1048576K
}
Event: 22.533 GC heap after
{Heap after GC invocations=16 (full 0):
 garbage-first heap   total 100352K, used 35499K [0x0000000080000000, 0x0000000100000000)
  region size 1024K, 5 young (5120K), 5 survivors (5120K)
 Metaspace       used 42593K, committed 43136K, reserved 1114112K
  class space    used 4735K, committed 4992K, reserved 1048576K
}

Dll operation events (7 events):
Event: 0.011 Loaded shared library C:\Users\LENOVO\.katalon\packages\Katalon_Studio_Windows_64-9.3.0\Katalon_Studio_Windows_64-9.3.0\jre\bin\java.dll
Event: 0.372 Loaded shared library C:\Users\LENOVO\.katalon\packages\Katalon_Studio_Windows_64-9.3.0\Katalon_Studio_Windows_64-9.3.0\jre\bin\net.dll
Event: 0.375 Loaded shared library C:\Users\LENOVO\.katalon\packages\Katalon_Studio_Windows_64-9.3.0\Katalon_Studio_Windows_64-9.3.0\jre\bin\nio.dll
Event: 0.391 Loaded shared library C:\Users\LENOVO\.katalon\packages\Katalon_Studio_Windows_64-9.3.0\Katalon_Studio_Windows_64-9.3.0\jre\bin\zip.dll
Event: 1.817 Loaded shared library C:\Users\LENOVO\.katalon\packages\Katalon_Studio_Windows_64-9.3.0\Katalon_Studio_Windows_64-9.3.0\jre\bin\verify.dll
Event: 2.571 Loaded shared library C:\Users\LENOVO\.katalon\packages\Katalon_Studio_Windows_64-9.3.0\Katalon_Studio_Windows_64-9.3.0\jre\bin\jimage.dll
Event: 9.489 Loaded shared library C:\Users\LENOVO\.katalon\packages\Katalon_Studio_Windows_64-9.3.0\Katalon_Studio_Windows_64-9.3.0\jre\bin\sunmscapi.dll

Deoptimization events (20 events):
Event: 22.565 Thread 0x000001f372957ae0 Uncommon trap: trap_request=0xffffff45 fr.pc=0x000001f307b42158 relative=0x0000000000000518
Event: 22.565 Thread 0x000001f372957ae0 Uncommon trap: reason=unstable_if action=reinterpret pc=0x000001f307b42158 method=java.lang.String.getBytes([BIIBI)V @ 6 c2
Event: 22.565 Thread 0x000001f372957ae0 DEOPT PACKING pc=0x000001f307b42158 sp=0x000000917fafa9a0
Event: 22.565 Thread 0x000001f372957ae0 DEOPT UNPACKING pc=0x000001f30758a1a3 sp=0x000000917fafa808 mode 2
Event: 22.565 Thread 0x000001f372957ae0 Uncommon trap: trap_request=0xffffff45 fr.pc=0x000001f307b9e6b8 relative=0x0000000000000418
Event: 22.565 Thread 0x000001f372957ae0 Uncommon trap: reason=unstable_if action=reinterpret pc=0x000001f307b9e6b8 method=java.lang.AbstractStringBuilder.isLatin1()Z @ 10 c2
Event: 22.565 Thread 0x000001f372957ae0 DEOPT PACKING pc=0x000001f307b9e6b8 sp=0x000000917fafaaf0
Event: 22.565 Thread 0x000001f372957ae0 DEOPT UNPACKING pc=0x000001f30758a1a3 sp=0x000000917fafaa70 mode 2
Event: 22.565 Thread 0x000001f372957ae0 Uncommon trap: trap_request=0xffffff45 fr.pc=0x000001f307b6cbac relative=0x000000000000012c
Event: 22.565 Thread 0x000001f372957ae0 Uncommon trap: reason=unstable_if action=reinterpret pc=0x000001f307b6cbac method=java.lang.String.getBytes([BIIBI)V @ 6 c2
Event: 22.565 Thread 0x000001f372957ae0 DEOPT PACKING pc=0x000001f307b6cbac sp=0x000000917fafa8b0
Event: 22.565 Thread 0x000001f372957ae0 DEOPT UNPACKING pc=0x000001f30758a1a3 sp=0x000000917fafa848 mode 2
Event: 22.667 Thread 0x000001f313695a30 Uncommon trap: trap_request=0xffffff45 fr.pc=0x000001f307d36a44 relative=0x0000000000000784
Event: 22.667 Thread 0x000001f313695a30 Uncommon trap: reason=unstable_if action=reinterpret pc=0x000001f307d36a44 method=java.lang.Integer.stringSize(I)I @ 3 c2
Event: 22.667 Thread 0x000001f313695a30 DEOPT PACKING pc=0x000001f307d36a44 sp=0x00000091011fee60
Event: 22.667 Thread 0x000001f313695a30 DEOPT UNPACKING pc=0x000001f30758a1a3 sp=0x00000091011fed68 mode 2
Event: 22.667 Thread 0x000001f313695a30 Uncommon trap: trap_request=0xffffff45 fr.pc=0x000001f307d35534 relative=0x0000000000000774
Event: 22.667 Thread 0x000001f313695a30 Uncommon trap: reason=unstable_if action=reinterpret pc=0x000001f307d35534 method=java.lang.Integer.stringSize(I)I @ 3 c2
Event: 22.667 Thread 0x000001f313695a30 DEOPT PACKING pc=0x000001f307d35534 sp=0x00000091011feda0
Event: 22.667 Thread 0x000001f313695a30 DEOPT UNPACKING pc=0x000001f30758a1a3 sp=0x00000091011fed00 mode 2

Classes unloaded (0 events):
No events

Classes redefined (0 events):
No events

Internal exceptions (20 events):
Event: 9.991 Thread 0x000001f372957ae0 Exception <a 'java/lang/NoSuchMethodError'{0x0000000083d54750}: 'long java.lang.invoke.DirectMethodHandle$Holder.invokeVirtual(java.lang.Object, java.lang.Object)'> (0x0000000083d54750) 
thrown [s\src\hotspot\share\interpreter\linkResolver.cpp, line 759]
Event: 10.084 Thread 0x000001f372957ae0 Implicit null exception at 0x000001f307bca34b to 0x000001f307bca370
Event: 10.108 Thread 0x000001f372957ae0 Exception <a 'java/lang/NoSuchMethodError'{0x000000008385c5c8}: 'void java.lang.invoke.DirectMethodHandle$Holder.invokeInterface(java.lang.Object, java.lang.Object, java.lang.Object)'> (0x000000008385c5c8) 
thrown [s\src\hotspot\share\interpreter\linkResolver.cpp, line 759]
Event: 22.520 Thread 0x000001f372957ae0 Exception <a 'sun/net/ConnectionResetException'{0x000000008306e428}: Connection reset> (0x000000008306e428) 
thrown [s\src\hotspot\share\prims\jni.cpp, line 535]
Event: 22.535 Thread 0x000001f372957ae0 Exception <a 'java/net/ConnectException'{0x0000000087d02e80}: Connection refused: no further information> (0x0000000087d02e80) 
thrown [s\src\hotspot\share\prims\jni.cpp, line 535]
Event: 22.536 Thread 0x000001f372957ae0 Exception <a 'java/net/SocketException'{0x0000000087d03708}: Socket is not connected: shutdown> (0x0000000087d03708) 
thrown [s\src\hotspot\share\prims\jni.cpp, line 535]
Event: 22.538 Thread 0x000001f372957ae0 Exception <a 'java/lang/ClassNotFoundException'{0x0000000087d15218}: sun/misc/SharedSecrets> (0x0000000087d15218) 
thrown [s\src\hotspot\share\classfile\systemDictionary.cpp, line 256]
Event: 22.584 Thread 0x000001f372957ae0 Exception <a 'java/lang/reflect/InvocationTargetException'{0x0000000087c910d0}> (0x0000000087c910d0) 
thrown [s\src\hotspot\share\runtime\reflection.cpp, line 1121]
Event: 22.609 Thread 0x000001f372957ae0 Exception <a 'java/lang/ClassNotFoundException'{0x0000000085f5e5c0}: KatalonReportListenerBeanInfo> (0x0000000085f5e5c0) 
thrown [s\src\hotspot\share\classfile\systemDictionary.cpp, line 256]
Event: 22.610 Thread 0x000001f372957ae0 Exception <a 'java/lang/ClassNotFoundException'{0x0000000085f78660}: KatalonReportListenerCustomizer> (0x0000000085f78660) 
thrown [s\src\hotspot\share\classfile\systemDictionary.cpp, line 256]
Event: 22.772 Thread 0x000001f372957ae0 Exception <a 'java/lang/ClassNotFoundException'{0x000000008517eb60}: Script1709379028537BeanInfo> (0x000000008517eb60) 
thrown [s\src\hotspot\share\classfile\systemDictionary.cpp, line 256]
Event: 22.776 Thread 0x000001f372957ae0 Exception <a 'java/lang/ClassNotFoundException'{0x00000000851b8de8}: Script1709379028537Customizer> (0x00000000851b8de8) 
thrown [s\src\hotspot\share\classfile\systemDictionary.cpp, line 256]
Event: 22.791 Thread 0x000001f372957ae0 Exception <a 'java/lang/ClassNotFoundException'{0x0000000085015b18}: com/kms/katalon/core/testcase/TestCaseFactoryBeanInfo> (0x0000000085015b18) 
thrown [s\src\hotspot\share\classfile\systemDictionary.cpp, line 256]
Event: 22.794 Thread 0x000001f372957ae0 Exception <a 'java/lang/ClassNotFoundException'{0x0000000085044ff0}: com/kms/katalon/core/testcase/TestCaseFactoryCustomizer> (0x0000000085044ff0) 
thrown [s\src\hotspot\share\classfile\systemDictionary.cpp, line 256]
Event: 22.858 Thread 0x000001f372957ae0 Exception <a 'java/lang/ClassNotFoundException'{0x0000000084fdcba0}: com/kms/katalon/core/keyword/builtin/CallTestCaseKeywordBeanInfo> (0x0000000084fdcba0) 
thrown [s\src\hotspot\share\classfile\systemDictionary.cpp, line 256]
Event: 22.863 Thread 0x000001f372957ae0 Exception <a 'java/lang/ClassNotFoundException'{0x0000000084e0ed40}: com/kms/katalon/core/keyword/builtin/CallTestCaseKeywordCustomizer> (0x0000000084e0ed40) 
thrown [s\src\hotspot\share\classfile\systemDictionary.cpp, line 256]
Event: 23.335 Thread 0x000001f372957ae0 Exception <a 'java/lang/ClassNotFoundException'{0x00000000848906a0}: Script1708320871174BeanInfo> (0x00000000848906a0) 
thrown [s\src\hotspot\share\classfile\systemDictionary.cpp, line 256]
Event: 23.342 Thread 0x000001f372957ae0 Exception <a 'java/lang/ClassNotFoundException'{0x00000000848cb3d8}: Script1708320871174Customizer> (0x00000000848cb3d8) 
thrown [s\src\hotspot\share\classfile\systemDictionary.cpp, line 256]
Event: 23.358 Thread 0x000001f372957ae0 Exception <a 'java/lang/ClassNotFoundException'{0x0000000084787df0}: com/kms/katalon/core/testobject/ObjectRepositoryBeanInfo> (0x0000000084787df0) 
thrown [s\src\hotspot\share\classfile\systemDictionary.cpp, line 256]
Event: 23.360 Thread 0x000001f372957ae0 Exception <a 'java/lang/ClassNotFoundException'{0x00000000847b8ef0}: com/kms/katalon/core/testobject/ObjectRepositoryCustomizer> (0x00000000847b8ef0) 
thrown [s\src\hotspot\share\classfile\systemDictionary.cpp, line 256]

VM Operations (20 events):
Event: 9.667 Executing VM operation: HandshakeAllThreads
Event: 9.667 Executing VM operation: HandshakeAllThreads done
Event: 9.949 Executing VM operation: HandshakeAllThreads
Event: 9.949 Executing VM operation: HandshakeAllThreads done
Event: 9.949 Executing VM operation: Cleanup
Event: 9.949 Executing VM operation: Cleanup done
Event: 9.950 Executing VM operation: HandshakeAllThreads
Event: 9.950 Executing VM operation: HandshakeAllThreads done
Event: 9.952 Executing VM operation: HandshakeAllThreads
Event: 9.952 Executing VM operation: HandshakeAllThreads done
Event: 10.955 Executing VM operation: Cleanup
Event: 10.955 Executing VM operation: Cleanup done
Event: 14.987 Executing VM operation: Cleanup
Event: 14.988 Executing VM operation: Cleanup done
Event: 22.521 Executing VM operation: G1CollectForAllocation
Event: 22.533 Executing VM operation: G1CollectForAllocation done
Event: 22.733 Executing VM operation: HandshakeAllThreads
Event: 22.733 Executing VM operation: HandshakeAllThreads done
Event: 23.322 Executing VM operation: ICBufferFull
Event: 23.322 Executing VM operation: ICBufferFull done

Events (20 events):
Event: 22.553 loading class java/lang/StackTraceElement$HashedModules done
Event: 22.554 loading class java/lang/Throwable$WrappedPrintWriter
Event: 22.554 loading class java/lang/Throwable$WrappedPrintWriter done
Event: 22.575 Thread 0x000001f313b295c0 Thread added: 0x000001f313b295c0
Event: 22.661 Thread 0x000001f313692070 Thread exited: 0x000001f313692070
Event: 22.661 Thread 0x000001f313695560 Thread exited: 0x000001f313695560
Event: 22.667 Thread 0x000001f313695a30 Thread exited: 0x000001f313695a30
Event: 22.685 loading class java/lang/Enum$STOP_ON_FAILURE
Event: 22.685 loading class java/lang/Enum$STOP_ON_FAILURE done
Event: 22.688 loading class java/lang/Object$STOP_ON_FAILURE
Event: 22.688 loading class java/lang/Object$STOP_ON_FAILURE done
Event: 22.705 loading class java/lang/Product
Event: 22.705 loading class java/lang/Product done
Event: 22.706 loading class java/util/Product
Event: 22.706 loading class java/util/Product done
Event: 22.707 loading class java/io/Product
Event: 22.707 loading class java/io/Product done
Event: 22.708 loading class java/net/Product
Event: 22.708 loading class java/net/Product done
Event: 23.230 Thread 0x000001f313b295c0 Thread exited: 0x000001f313b295c0


Dynamic libraries:
0x00007ff6f5f80000 - 0x00007ff6f5f8e000 	C:\Users\LENOVO\.katalon\packages\Katalon_Studio_Windows_64-9.3.0\Katalon_Studio_Windows_64-9.3.0\jre\bin\javaw.exe
0x00007ff94e870000 - 0x00007ff94ea84000 	C:\Windows\SYSTEM32\ntdll.dll
0x00007ff94e5a0000 - 0x00007ff94e662000 	C:\Windows\System32\KERNEL32.DLL
0x00007ff94c040000 - 0x00007ff94c3e3000 	C:\Windows\System32\KERNELBASE.dll
0x00007ff94c420000 - 0x00007ff94c531000 	C:\Windows\System32\ucrtbase.dll
0x00007ff946040000 - 0x00007ff946057000 	C:\Users\LENOVO\.katalon\packages\Katalon_Studio_Windows_64-9.3.0\Katalon_Studio_Windows_64-9.3.0\jre\bin\jli.dll
0x00007ff94ca40000 - 0x00007ff94cbea000 	C:\Windows\System32\USER32.dll
0x00007ff94c3f0000 - 0x00007ff94c416000 	C:\Windows\System32\win32u.dll
0x00007ff94e670000 - 0x00007ff94e699000 	C:\Windows\System32\GDI32.dll
0x00007ff94bf20000 - 0x00007ff94c039000 	C:\Windows\System32\gdi32full.dll
0x00007ff94c540000 - 0x00007ff94c5da000 	C:\Windows\System32\msvcp_win.dll
0x00007ff93c6d0000 - 0x00007ff93c6e9000 	C:\Users\LENOVO\.katalon\packages\Katalon_Studio_Windows_64-9.3.0\Katalon_Studio_Windows_64-9.3.0\jre\bin\VCRUNTIME140.dll
0x00007ff9314a0000 - 0x00007ff93172e000 	C:\Windows\WinSxS\amd64_microsoft.windows.common-controls_6595b64144ccf1df_6.0.22621.1635_none_270f70857386168e\COMCTL32.dll
0x00007ff94cec0000 - 0x00007ff94cf67000 	C:\Windows\System32\msvcrt.dll
0x00007ff94cfd0000 - 0x00007ff94d001000 	C:\Windows\System32\IMM32.DLL
0x00007ff948ab0000 - 0x00007ff948abc000 	C:\Users\LENOVO\.katalon\packages\Katalon_Studio_Windows_64-9.3.0\Katalon_Studio_Windows_64-9.3.0\jre\bin\vcruntime140_1.dll
0x00007ff90a650000 - 0x00007ff90a6e1000 	C:\Users\LENOVO\.katalon\packages\Katalon_Studio_Windows_64-9.3.0\Katalon_Studio_Windows_64-9.3.0\jre\bin\msvcp140.dll
0x00007ff8c7770000 - 0x00007ff8c83b8000 	C:\Users\LENOVO\.katalon\packages\Katalon_Studio_Windows_64-9.3.0\Katalon_Studio_Windows_64-9.3.0\jre\bin\server\jvm.dll
0x00007ff94d830000 - 0x00007ff94d8de000 	C:\Windows\System32\ADVAPI32.dll
0x00007ff94dec0000 - 0x00007ff94df64000 	C:\Windows\System32\sechost.dll
0x00007ff94e6a0000 - 0x00007ff94e7b7000 	C:\Windows\System32\RPCRT4.dll
0x00007ff946a50000 - 0x00007ff946a59000 	C:\Windows\SYSTEM32\WSOCK32.dll
0x00007ff94ce40000 - 0x00007ff94ceb1000 	C:\Windows\System32\WS2_32.dll
0x00007ff942590000 - 0x00007ff9425c4000 	C:\Windows\SYSTEM32\WINMM.dll
0x00007ff9404d0000 - 0x00007ff9404da000 	C:\Windows\SYSTEM32\VERSION.dll
0x00007ff94ac90000 - 0x00007ff94aca8000 	C:\Windows\SYSTEM32\kernel.appcore.dll
0x00007ff946060000 - 0x00007ff94606a000 	C:\Users\LENOVO\.katalon\packages\Katalon_Studio_Windows_64-9.3.0\Katalon_Studio_Windows_64-9.3.0\jre\bin\jimage.dll
0x00007ff949520000 - 0x00007ff94974e000 	C:\Windows\SYSTEM32\DBGHELP.DLL
0x00007ff94db30000 - 0x00007ff94deb9000 	C:\Windows\System32\combase.dll
0x00007ff94e460000 - 0x00007ff94e537000 	C:\Windows\System32\OLEAUT32.dll
0x00007ff931460000 - 0x00007ff931492000 	C:\Windows\SYSTEM32\dbgcore.DLL
0x00007ff94bc70000 - 0x00007ff94bcea000 	C:\Windows\System32\bcryptPrimitives.dll
0x00007ff90fe80000 - 0x00007ff90fea5000 	C:\Users\LENOVO\.katalon\packages\Katalon_Studio_Windows_64-9.3.0\Katalon_Studio_Windows_64-9.3.0\jre\bin\java.dll
0x00007ff90ef80000 - 0x00007ff90ef98000 	C:\Users\LENOVO\.katalon\packages\Katalon_Studio_Windows_64-9.3.0\Katalon_Studio_Windows_64-9.3.0\jre\bin\zip.dll
0x00007ff94d030000 - 0x00007ff94d829000 	C:\Windows\System32\SHELL32.dll
0x00007ff949c10000 - 0x00007ff94a4de000 	C:\Windows\SYSTEM32\windows.storage.dll
0x00007ff949ad0000 - 0x00007ff949c0e000 	C:\Windows\SYSTEM32\wintypes.dll
0x00007ff94c650000 - 0x00007ff94c741000 	C:\Windows\System32\SHCORE.dll
0x00007ff94e540000 - 0x00007ff94e59e000 	C:\Windows\System32\shlwapi.dll
0x00007ff94bba0000 - 0x00007ff94bbc6000 	C:\Windows\SYSTEM32\profapi.dll
0x00007ff904d30000 - 0x00007ff904d49000 	C:\Users\LENOVO\.katalon\packages\Katalon_Studio_Windows_64-9.3.0\Katalon_Studio_Windows_64-9.3.0\jre\bin\net.dll
0x00007ff943c80000 - 0x00007ff943db7000 	C:\Windows\SYSTEM32\WINHTTP.dll
0x00007ff94b130000 - 0x00007ff94b199000 	C:\Windows\system32\mswsock.dll
0x00007ff903440000 - 0x00007ff903455000 	C:\Users\LENOVO\.katalon\packages\Katalon_Studio_Windows_64-9.3.0\Katalon_Studio_Windows_64-9.3.0\jre\bin\nio.dll
0x00007ff943ea0000 - 0x00007ff943eb0000 	C:\Users\LENOVO\.katalon\packages\Katalon_Studio_Windows_64-9.3.0\Katalon_Studio_Windows_64-9.3.0\jre\bin\verify.dll
0x00007ff94a800000 - 0x00007ff94a8f3000 	C:\Windows\SYSTEM32\DNSAPI.dll
0x00007ff94a780000 - 0x00007ff94a7ad000 	C:\Windows\SYSTEM32\IPHLPAPI.DLL
0x00007ff94d010000 - 0x00007ff94d019000 	C:\Windows\System32\NSI.dll
0x00007ff93eea0000 - 0x00007ff93eeaa000 	C:\Windows\System32\rasadhlp.dll
0x00007ff942260000 - 0x00007ff9422e4000 	C:\Windows\System32\fwpuclnt.dll
0x00007ff943280000 - 0x00007ff94328e000 	C:\Users\LENOVO\.katalon\packages\Katalon_Studio_Windows_64-9.3.0\Katalon_Studio_Windows_64-9.3.0\jre\bin\sunmscapi.dll
0x00007ff94bcf0000 - 0x00007ff94be57000 	C:\Windows\System32\CRYPT32.dll
0x00007ff94b590000 - 0x00007ff94b5be000 	C:\Windows\SYSTEM32\ncrypt.dll
0x00007ff94b4e0000 - 0x00007ff94b517000 	C:\Windows\SYSTEM32\NTASN1.dll
0x00007ff94b390000 - 0x00007ff94b3ab000 	C:\Windows\SYSTEM32\CRYPTSP.dll
0x00007ff94ac00000 - 0x00007ff94ac35000 	C:\Windows\system32\rsaenh.dll
0x00007ff94b230000 - 0x00007ff94b25c000 	C:\Windows\SYSTEM32\USERENV.dll
0x00007ff94b5c0000 - 0x00007ff94b5e8000 	C:\Windows\SYSTEM32\bcrypt.dll
0x00007ff94b3b0000 - 0x00007ff94b3bc000 	C:\Windows\SYSTEM32\CRYPTBASE.dll
0x00007ff944d80000 - 0x00007ff944d99000 	C:\Windows\SYSTEM32\dhcpcsvc6.DLL
0x00007ff943c60000 - 0x00007ff943c7f000 	C:\Windows\SYSTEM32\dhcpcsvc.DLL
0x00007ff93d470000 - 0x00007ff93d487000 	C:\Windows\system32\napinsp.dll
0x00007ff93f370000 - 0x00007ff93f38b000 	C:\Windows\system32\pnrpnsp.dll
0x00007ff93f390000 - 0x00007ff93f3a1000 	C:\Windows\System32\winrnr.dll
0x00007ff93be50000 - 0x00007ff93be65000 	C:\Windows\system32\wshbth.dll
0x00007ff942790000 - 0x00007ff9427b1000 	C:\Windows\system32\nlansp_c.dll

dbghelp: loaded successfully - version: 4.0.5 - missing functions: none
symbol engine: initialized successfully - sym options: 0x614 - pdb path: .;C:\Users\LENOVO\.katalon\packages\Katalon_Studio_Windows_64-9.3.0\Katalon_Studio_Windows_64-9.3.0\jre\bin;C:\Windows\SYSTEM32;C:\Windows\WinSxS\amd64_microsoft.windows.common-controls_6595b64144ccf1df_6.0.22621.1635_none_270f70857386168e;C:\Users\LENOVO\.katalon\packages\Katalon_Studio_Windows_64-9.3.0\Katalon_Studio_Windows_64-9.3.0\jre\bin\server

VM Arguments:
jvm_args: -Dgroovy.home=C:\Users\LENOVO/.groovy -Djava.system.class.loader=groovy.lang.GroovyClassLoader -Xmx2048m -Dfile.encoding=UTF-8 -XX:+ShowCodeDetailsInExceptionMessages 
java_command: org.codehaus.groovy.tools.GroovyStarter --classpath D:\Kelompok_3\Project WEB\Kelompok_3\bin\keyword;D:\Kelompok_3\Project WEB\Kelompok_3\Keywords;D:\Kelompok_3\Project WEB\Kelompok_3\bin\listener;D:\Kelompok_3\Project WEB\Kelompok_3\Test Listeners;D:\Kelompok_3\Project WEB\Kelompok_3\bin\lib;D:\Kelompok_3\Project WEB\Kelompok_3\Libs;D:\Kelompok_3\Project WEB\Kelompok_3\bin\groovy;D:\Kelompok_3\Project WEB\Kelompok_3\Include\scripts\groovy;C:\Users\LENOVO\.katalon\packages\Katalon_Studio_Windows_64-9.3.0\Katalon_Studio_Windows_64-9.3.0\plugins\com.kms.katalon.core_1.0.0.202401301518.jar;C:\Users\LENOVO\.katalon\packages\Katalon_Studio_Windows_64-9.3.0\Katalon_Studio_Windows_64-9.3.0\configuration\resources\lib\aalto-xml-1.0.0.jar;C:\Users\LENOVO\.katalon\packages\Katalon_Studio_Windows_64-9.3.0\Katalon_Studio_Windows_64-9.3.0\configuration\resources\lib\aspectjweaver-1.9.1.jar;C:\Users\LENOVO\.katalon\packages\Katalon_Studio_Windows_64-9.3.0\Katalon_Studio_Windows_64-9.3.0\configuration\resources\lib\bcpkix-jdk15on-1.64.jar;C:\Users\LENOVO\.katalon\packages\Katalon_Studio_Windows_64-9.3.0\Katalon_Studio_Windows_64-9.3.0\configuration\resources\lib\bcprov-jdk15on-1.64.jar;C:\Users\LENOVO\.katalon\packages\Katalon_Studio_Windows_64-9.3.0\Katalon_Studio_Windows_64-9.3.0\configuration\resources\lib\browsermob-core-2.1.5.jar;C:\Users\LENOVO\.katalon\packages\Katalon_Studio_Windows_64-9.3.0\Katalon_Studio_Windows_64-9.3.0\configuration\resources\lib\cglib-3.2.10.jar;C:\Users\LENOVO\.katalon\packages\Katalon_Studio_Windows_64-9.3.0\Katalon_Studio_Windows_64-9.3.0\configuration\resources\lib\commons-codec-1.10.jar;C:\Users\LENOVO\.katalon\packages\Katalon_Studio_Windows_64-9.3.0\Katalon_Studio_Windows_64-9.3.0\configuration\resources\lib\commons-collections4-4.1.jar;C:\Users\LENOVO\.katalon\packages\Katalon_Studio_Windows_64-9.3.0\Katalon_Studio_Windows_64-9.3.0\configuration\resources\lib\commons-validator-1.6.jar;C:\Users\LENOVO\.katalon\packages\Katalon_S
java_class_path (initial): D:\Kelompok_3\Project WEB\Kelompok_3\bin\keyword;D:\Kelompok_3\Project WEB\Kelompok_3\bin\listener;D:\Kelompok_3\Project WEB\Kelompok_3\bin\lib;D:\Kelompok_3\Project WEB\Kelompok_3\bin\groovy;D:\Kelompok_3\Project WEB\Kelompok_3\bin;C:\Users\LENOVO\.katalon\packages\Katalon_Studio_Windows_64-9.3.0\Katalon_Studio_Windows_64-9.3.0\plugins\com.kms.katalon.core_1.0.0.202401301518.jar;C:\Users\LENOVO\.katalon\packages\Katalon_Studio_Windows_64-9.3.0\Katalon_Studio_Windows_64-9.3.0\configuration\resources\lib\aalto-xml-1.0.0.jar;C:\Users\LENOVO\.katalon\packages\Katalon_Studio_Windows_64-9.3.0\Katalon_Studio_Windows_64-9.3.0\configuration\resources\lib\aspectjweaver-1.9.1.jar;C:\Users\LENOVO\.katalon\packages\Katalon_Studio_Windows_64-9.3.0\Katalon_Studio_Windows_64-9.3.0\configuration\resources\lib\bcpkix-jdk15on-1.64.jar;C:\Users\LENOVO\.katalon\packages\Katalon_Studio_Windows_64-9.3.0\Katalon_Studio_Windows_64-9.3.0\configuration\resources\lib\bcprov-jdk15on-1.64.jar;C:\Users\LENOVO\.katalon\packages\Katalon_Studio_Windows_64-9.3.0\Katalon_Studio_Windows_64-9.3.0\configuration\resources\lib\browsermob-core-2.1.5.jar;C:\Users\LENOVO\.katalon\packages\Katalon_Studio_Windows_64-9.3.0\Katalon_Studio_Windows_64-9.3.0\configuration\resources\lib\cglib-3.2.10.jar;C:\Users\LENOVO\.katalon\packages\Katalon_Studio_Windows_64-9.3.0\Katalon_Studio_Windows_64-9.3.0\configuration\resources\lib\commons-codec-1.10.jar;C:\Users\LENOVO\.katalon\packages\Katalon_Studio_Windows_64-9.3.0\Katalon_Studio_Windows_64-9.3.0\configuration\resources\lib\commons-collections4-4.1.jar;C:\Users\LENOVO\.katalon\packages\Katalon_Studio_Windows_64-9.3.0\Katalon_Studio_Windows_64-9.3.0\configuration\resources\lib\commons-validator-1.6.jar;C:\Users\LENOVO\.katalon\packages\Katalon_Studio_Windows_64-9.3.0\Katalon_Studio_Windows_64-9.3.0\configuration\resources\lib\curvesapi-1.04.jar;C:\Users\LENOVO\.katalon\packages\Katalon_Studio_Windows_64-9.3.0\Katalon_Studio_Windows_64-9.3.
Launcher Type: SUN_STANDARD

[Global flags]
     intx CICompilerCount                          = 3                                         {product} {ergonomic}
     uint ConcGCThreads                            = 1                                         {product} {ergonomic}
     uint G1ConcRefinementThreads                  = 4                                         {product} {ergonomic}
   size_t G1HeapRegionSize                         = 1048576                                   {product} {ergonomic}
    uintx GCDrainStackTargetSize                   = 64                                        {product} {ergonomic}
   size_t InitialHeapSize                          = 132120576                                 {product} {ergonomic}
   size_t MarkStackSize                            = 4194304                                   {product} {ergonomic}
   size_t MaxHeapSize                              = 2147483648                                {product} {command line}
   size_t MaxNewSize                               = 1287651328                                {product} {ergonomic}
   size_t MinHeapDeltaBytes                        = 1048576                                   {product} {ergonomic}
   size_t MinHeapSize                              = 8388608                                   {product} {ergonomic}
    uintx NonNMethodCodeHeapSize                   = 5832780                                {pd product} {ergonomic}
    uintx NonProfiledCodeHeapSize                  = 122912730                              {pd product} {ergonomic}
    uintx ProfiledCodeHeapSize                     = 122912730                              {pd product} {ergonomic}
    uintx ReservedCodeCacheSize                    = 251658240                              {pd product} {ergonomic}
     bool SegmentedCodeCache                       = true                                      {product} {ergonomic}
     bool ShowCodeDetailsInExceptionMessages       = true                                   {manageable} {command line}
   size_t SoftMaxHeapSize                          = 2147483648                             {manageable} {ergonomic}
     bool UseCompressedClassPointers               = true                           {product lp64_product} {ergonomic}
     bool UseCompressedOops                        = true                           {product lp64_product} {ergonomic}
     bool UseG1GC                                  = true                                      {product} {ergonomic}
     bool UseLargePagesIndividualAllocation        = false                                  {pd product} {ergonomic}

Logging:
Log output configuration:
 #0: stdout all=warning uptime,level,tags
 #1: stderr all=off uptime,level,tags

Environment Variables:
JAVA_HOME=C:\Program Files\Java\jdk-21
PATH=C:/Users/LENOVO/.katalon/packages/Katalon_Studio_Windows_64-9.3.0/Katalon_Studio_Windows_64-9.3.0/jre/bin/server;C:/Users/LENOVO/.katalon/packages/Katalon_Studio_Windows_64-9.3.0/Katalon_Studio_Windows_64-9.3.0/jre/bin;C:\Program Files\Common Files\Oracle\Java\javapath;C:\Python312\Scripts\;C:\Python312\;C:\Windows\system32;C:\Windows;C:\Windows\System32\Wbem;C:\Windows\System32\WindowsPowerShell\v1.0\;C:\Windows\System32\OpenSSH\;C:\ProgramData\chocolatey\bin;D:\app\Git\cmd;C:\Program Files\nodejs\;C:\Users\LENOVO\AppData\Local\Microsoft\WindowsApps;D:\app\Microsoft VS Code\bin;C:\Users\LENOVO\AppData\Roaming\npm;C:\Users\LENOVO\AppData\Local\Android\Sdk\platform-tools;C:\Users\LENOVO\AppData\Local\Android\Sdk\platform-tools;C:\Users\LENOVO\AppData\Local\GitHubDesktop\bin;C:\Users\LENOVO\.katalon\packages\Katalon_Studio_Windows_64-9.3.0\Katalon_Studio_Windows_64-9.3.0;
USERNAME=LENOVO
OS=Windows_NT
PROCESSOR_IDENTIFIER=Intel64 Family 6 Model 140 Stepping 2, GenuineIntel
TMP=C:\Users\LENOVO\AppData\Local\Temp
TEMP=C:\Users\LENOVO\AppData\Local\Temp



---------------  S Y S T E M  ---------------

OS:
 Windows 11 , 64 bit Build 22621 (10.0.22621.1928)
OS uptime: 2 days 3:08 hours
Hyper-V role detected

CPU: total 4 (initial active 4) (2 cores per cpu, 2 threads per core) family 6 model 140 stepping 2 microcode 0x26, cx8, cmov, fxsr, ht, mmx, 3dnowpref, sse, sse2, sse3, ssse3, sse4.1, sse4.2, popcnt, lzcnt, tsc, tscinvbit, avx, avx2, aes, erms, clmul, bmi1, bmi2, adx, avx512f, avx512dq, avx512cd, avx512bw, avx512vl, sha, fma, vzeroupper, avx512_vpopcntdq, avx512_vpclmulqdq, avx512_vaes, avx512_vnni, clflush, clflushopt, clwb, avx512_vbmi2, avx512_vbmi, hv

Memory: 4k page, system-wide physical 7975M (413M free)
TotalPageFile size 12678M (AvailPageFile size 5M)
current process WorkingSet (physical memory assigned to process): 240M, peak: 251M
current process commit charge ("private bytes"): 265M, peak: 278M

vm_info: OpenJDK 64-Bit Server VM (17.0.7+7) for windows-amd64 JRE (17.0.7+7), built on Apr 18 2023 22:10:42 by "temurin" with MS VC++ 16.7 (VS2019)

END.
