#
# There is insufficient memory for the Java Runtime Environment to continue.
# Native memory allocation (malloc) failed to allocate 162816 bytes for Chunk::new
# Possible reasons:
#   The system is out of physical RAM or swap space
#   The process is running with CompressedOops enabled, and the Java Heap may be blocking the growth of the native heap
# Possible solutions:
#   Reduce memory load on the system
#   Increase physical memory or swap space
#   Check if swap backing store is full
#   Decrease Java heap size (-Xmx/-Xms)
#   Decrease number of Java threads
#   Decrease Java thread stack sizes (-Xss)
#   Set larger code cache with -XX:ReservedCodeCacheSize=
#   JVM is running with Unscaled Compressed Oops mode in which the Java heap is
#     placed in the first 4GB address space. The Java Heap base address is the
#     maximum limit for the native heap growth. Please use -XX:HeapBaseMinAddress
#     to set the Java Heap base and to place the Java Heap above 4GB virtual address.
# This output file may be truncated or incomplete.
#
#  Out of Memory Error (arena.cpp:189), pid=9144, tid=16508
#
# JRE version: OpenJDK Runtime Environment Temurin-17.0.7+7 (17.0.7+7) (build 17.0.7+7)
# Java VM: OpenJDK 64-Bit Server VM Temurin-17.0.7+7 (17.0.7+7, mixed mode, tiered, compressed oops, compressed class ptrs, g1 gc, windows-amd64)
# No core dump will be written. Minidumps are not enabled by default on client versions of Windows
#

---------------  S U M M A R Y ------------

Command Line: -Dgroovy.home=C:\Users\LENOVO/.groovy -Djava.system.class.loader=groovy.lang.GroovyClassLoader -Xmx2048m -Dfile.encoding=UTF-8 -XX:+ShowCodeDetailsInExceptionMessages org.codehaus.groovy.tools.GroovyStarter --classpath D:\Kelompok_3\Project WEB\Kelompok_3\bin\keyword;D:\Kelompok_3\Project WEB\Kelompok_3\Keywords;D:\Kelompok_3\Project WEB\Kelompok_3\bin\listener;D:\Kelompok_3\Project WEB\Kelompok_3\Test Listeners;D:\Kelompok_3\Project WEB\Kelompok_3\bin\lib;D:\Kelompok_3\Project WEB\Kelompok_3\Libs;D:\Kelompok_3\Project WEB\Kelompok_3\bin\groovy;D:\Kelompok_3\Project WEB\Kelompok_3\Include\scripts\groovy;C:\Users\LENOVO\.katalon\packages\Katalon_Studio_Windows_64-9.3.0\Katalon_Studio_Windows_64-9.3.0\plugins\com.kms.katalon.core_1.0.0.202401301518.jar;C:\Users\LENOVO\.katalon\packages\Katalon_Studio_Windows_64-9.3.0\Katalon_Studio_Windows_64-9.3.0\configuration\resources\lib\aalto-xml-1.0.0.jar;C:\Users\LENOVO\.katalon\packages\Katalon_Studio_Windows_64-9.3.0\Katalon_Studio_Windows_64-9.3.0\configuration\resources\lib\aspectjweaver-1.9.1.jar;C:\Users\LENOVO\.katalon\packages\Katalon_Studio_Windows_64-9.3.0\Katalon_Studio_Windows_64-9.3.0\configuration\resources\lib\bcpkix-jdk15on-1.64.jar;C:\Users\LENOVO\.katalon\packages\Katalon_Studio_Windows_64-9.3.0\Katalon_Studio_Windows_64-9.3.0\configuration\resources\lib\bcprov-jdk15on-1.64.jar;C:\Users\LENOVO\.katalon\packages\Katalon_Studio_Windows_64-9.3.0\Katalon_Studio_Windows_64-9.3.0\configuration\resources\lib\browsermob-core-2.1.5.jar;C:\Users\LENOVO\.katalon\packages\Katalon_Studio_Windows_64-9.3.0\Katalon_Studio_Windows_64-9.3.0\configuration\resources\lib\cglib-3.2.10.jar;C:\Users\LENOVO\.katalon\packages\Katalon_Studio_Windows_64-9.3.0\Katalon_Studio_Windows_64-9.3.0\configuration\resources\lib\commons-codec-1.10.jar;C:\Users\LENOVO\.katalon\packages\Katalon_Studio_Windows_64-9.3.0\Katalon_Studio_Windows_64-9.3.0\configuration\resources\lib\commons-collections4-4.1.jar;C:\Users\LENOVO\.katalon\packages\Katalon_Studio_Windows_64-9.3.0\Katalon_Studio_Windows_64-9.3.0\configuration\resources\lib\commons-validator-1.6.jar;C:\Users\LENOVO\.katalon\packages\Katalon_Studio_Windows_64-9.3.0\Katalon_Studio_Windows_64-9.3.0\configuration\resources\lib\curvesapi-1.04.jar;C:\Users\LENOVO\.katalon\packages\Katalon_Studio_Windows_64-9.3.0\Katalon_Studio_Windows_64-9.3.0\configuration\resources\lib\dnsjava-2.1.8.jar;C:\Users\LENOVO\.katalon\packages\Katalon_Studio_Windows_64-9.3.0\Katalon_Studio_Windows_64-9.3.0\configuration\resources\lib\groovy-ant-3.0.17.jar;C:\Users\LENOVO\.katalon\packages\Katalon_Studio_Windows_64-9.3.0\Katalon_Studio_Windows_64-9.3.0\configuration\resources\lib\groovy-astbuilder-3.0.17.jar;C:\Users\LENOVO\.katalon\packages\Katalon_Studio_Windows_64-9.3.0\Katalon_Studio_Windows_64-9.3.0\configuration\resources\lib\groovy-cli-picocli-3.0.17.jar;C:\Users\LENOVO\.katalon\packages\Katalon_Studio_Windows_64-9.3.0\Katalon_Studio_Windows_64-9.3.0\configuration\resources\lib\groovy-console-3.0.17.jar;C:\Users\LENOVO\.katalon\packages\Katalon_Studio_Windows_64-9.3.0\Katalon_Studio_Windows_64-9.3.0\configuration\resources\lib\groovy-datetime-3.0.17.jar;C:\Users\LENOVO\.katalon\packages\Katalon_Studio_Windows_64-9.3.0\Katalon_Studio_Windows_64-9.3.0\configuration\resources\lib\groovy-dateutil-3.0.17.jar;C:\Users\LENOVO\.katalon\packages\Katalon_Studio_Windows_64-9.3.0\Katalon_Studio_Windows_64-9.3.0\configuration\resources\lib\groovy-docgenerator-3.0.17.jar;C:\Users\LENOVO\.katalon\packages\Katalon_Studio_Windows_64-9.3.0\Katalon_Studio_Windows_64-9.3.0\configuration\resources\lib\groovy-groovydoc-3.0.17.jar;C:\Users\LENOVO\.katalon\packages\Katalon_Studio_Windows_64-9.3.0\Katalon_Studio_Windows_64-9.3.0\configuration\resources\lib\groovy-groovysh-3.0.17.jar;C:\Users\LENOVO\.katalon\packages\Katalon_Studio_Windows_64-9.3.0\Katalon_Studio_Windows_64-9.3.0\configuration\resources\lib\groovy-jmx-3.0.17.jar;C:\Users\LENOVO\.katalon\packages\Katalon_Studio_Windows_64-9.3.0\Katalon_Studio_Windows_64-9.3.0\configuration\resources\lib\groovy-json-3.0.17.jar;C:\Users\LENOVO\.katalon\packages\Katalon_Studio_Windows_64-9.3.0\Katalon_Studio_Windows_64-9.3.0\configuration\resources\lib\groovy-jsr223-3.0.17.jar;C:\Users\LENOVO\.katalon\packages\Katalon_Studio_Windows_64-9.3.0\Katalon_Studio_Windows_64-9.3.0\configuration\resources\lib\groovy-macro-3.0.17.jar;C:\Users\LENOVO\.katalon\packages\Katalon_Studio_Windows_64-9.3.0\Katalon_Studio_Windows_64-9.3.0\configuration\resources\lib\groovy-nio-3.0.17.jar;C:\Users\LENOVO\.katalon\packages\Katalon_Studio_Windows_64-9.3.0\Katalon_Studio_Windows_64-9.3.0\configuration\resources\lib\groovy-servlet-3.0.17.jar;C:\Users\LENOVO\.katalon\packages\Katalon_Studio_Windows_64-9.3.0\Katalon_Studio_Windows_64-9.3.0\configuration\resources\lib\groovy-sql-3.0.17.jar;C:\Users\LENOVO\.katalon\packages\Katalon_Studio_Windows_64-9.3.0\Katalon_Studio_Windows_64-9.3.0\configuration\resources\lib\groovy-swing-3.0.17.jar;C:\Users\LENOVO\.katalon\packages\Katalon_Studio_Windows_64-9.3.0\Katalon_Studio_Windows_64-9.3.0\configuration\resources\lib\groovy-templates-3.0.17.jar;C:\Users\LENOVO\.katalon\packages\Katalon_Studio_Windows_64-9.3.0\Katalon_Studio_Windows_64-9.3.0\configuration\resources\lib\groovy-test-3.0.17.jar;C:\Users\LENOVO\.katalon\packages\Katalon_Studio_Windows_64-9.3.0\Katalon_Studio_Windows_64-9.3.0\configuration\resources\lib\groovy-test-junit5-3.0.17.jar;C:\Users\LENOVO\.katalon\packages\Katalon_Studio_Windows_64-9.3.0\Katalon_Studio_Windows_64-9.3.0\configuration\resources\lib\groovy-testng-3.0.17.jar;C:\Users\LENOVO\.katalon\packages\Katalon_Studio_Windows_64-9.3.0\Katalon_Studio_Windows_64-9.3.0\configuration\resources\lib\groovy-xml-3.0.17.jar;C:\Users\LENOVO\.katalon\packages\Katalon_Studio_Windows_64-9.3.0\Katalon_Studio_Windows_64-9.3.0\configuration\resources\lib\java-client-7.0.0.jar;C:\Users\LENOVO\.katalon\packages\Katalon_Studio_Windows_64-9.3.0\Katalon_Studio_Windows_64-9.3.0\configuration\resources\lib\javax.servlet-api_3.1.0.jar;C:\Users\LENOVO\.katalon\packages\Katalon_Studio_Windows_64-9.3.0\Katalon_Studio_Windows_64-9.3.0\configuration\resources\lib\jna-5.12.1.jar;C:\Users\LENOVO\.katalon\packages\Katalon_Studio_Windows_64-9.3.0\Katalon_Studio_Windows_64-9.3.0\configuration\resources\lib\jna-platform-5.12.1.jar;C:\Users\LENOVO\.katalon\packages\Katalon_Studio_Windows_64-9.3.0\Katalon_Studio_Windows_64-9.3.0\configuration\resources\lib\jzlib-1.1.3.jar;C:\Users\LENOVO\.katalon\packages\Katalon_Studio_Windows_64-9.3.0\Katalon_Studio_Windows_64-9.3.0\configuration\resources\lib\kat-server.jar;C:\Users\LENOVO\.katalon\packages\Katalon_Studio_Windows_64-9.3.0\Katalon_Studio_Windows_64-9.3.0\configuration\resources\lib\littleproxy-1.1.0-beta-bmp-17.jar;C:\Users\LENOVO\.katalon\packages\Katalon_Studio_Windows_64-9.3.0\Katalon_Studio_Windows_64-9.3.0\configuration\resources\lib\log4j-1.2-api-2.17.1.jar;C:\Users\LENOVO\.katalon\packages\Katalon_Studio_Windows_64-9.3.0\Katalon_Studio_Windows_64-9.3.0\configuration\resources\lib\log4j-api-2.17.1.jar;C:\Users\LENOVO\.katalon\packages\Katalon_Studio_Windows_64-9.3.0\Katalon_Studio_Windows_64-9.3.0\configuration\resources\lib\log4j-core-2.17.1.jar;C:\Users\LENOVO\.katalon\packages\Katalon_Studio_Windows_64-9.3.0\Katalon_Studio_Windows_64-9.3.0\configuration\resources\lib\mitm-2.1.5.jar;C:\Users\LENOVO\.katalon\packages\Katalon_Studio_Windows_64-9.3.0\Katalon_Studio_Windows_64-9.3.0\configuration\resources\lib\netty-all-4.1.70.Final.jar;C:\Users\LENOVO\.katalon\packages\Katalon_Studio_Windows_64-9.3.0\Katalon_Studio_Windows_64-9.3.0\configuration\resources\lib\poi-3.17.jar;C:\Users\LENOVO\.katalon\packages\Katalon_Studio_Windows_64-9.3.0\Katalon_Studio_Windows_64-9.3.0\configuration\resources\lib\poi-ooxml-3.17.jar;C:\Users\LENOVO\.katalon\packages\Katalon_Studio_Windows_64-9.3.0\Katalon_Studio_Windows_64-9.3.0\configuration\resources\lib\poi-ooxml-schemas-3.17.jar;C:\Users\LENOVO\.katalon\packages\Katalon_Studio_Windows_64-9.3.0\Katalon_Studio_Windows_64-9.3.0\configuration\resources\lib\proxy-vole-1.0.4-SNAPSHOT-jar-with-dependencies.jar;C:\Users\LENOVO\.katalon\packages\Katalon_Studio_Windows_64-9.3.0\Katalon_Studio_Windows_64-9.3.0\configuration\resources\lib\repackaged-sikuli-api-1.0.2-standalone.jar;C:\Users\LENOVO\.katalon\packages\Katalon_Studio_Windows_64-9.3.0\Katalon_Studio_Windows_64-9.3.0\configuration\resources\lib\selenium-leg-rc-3.141.59.jar;C:\Users\LENOVO\.katalon\packages\Katalon_Studio_Windows_64-9.3.0\Katalon_Studio_Windows_64-9.3.0\configuration\resources\lib\selenium-server-standalone-3.141.59.jar;C:\Users\LENOVO\.katalon\packages\Katalon_Studio_Windows_64-9.3.0\Katalon_Studio_Windows_64-9.3.0\configuration\resources\lib\selenium-shutterbug-1.1.jar;C:\Users\LENOVO\.katalon\packages\Katalon_Studio_Windows_64-9.3.0\Katalon_Studio_Windows_64-9.3.0\configuration\resources\lib\slf4j-api-1.7.25.jar;C:\Users\LENOVO\.katalon\packages\Katalon_Studio_Windows_64-9.3.0\Katalon_Studio_Windows_64-9.3.0\configuration\resources\lib\soap-builder-1.0.0.jar;C:\Users\LENOVO\.katalon\packages\Katalon_Studio_Windows_64-9.3.0\Katalon_Studio_Windows_64-9.3.0\configuration\resources\lib\soap-common-1.0.0.jar;C:\Users\LENOVO\.katalon\packages\Katalon_Studio_Windows_64-9.3.0\Katalon_Studio_Windows_64-9.3.0\configuration\resources\lib\soap-legacy-1.0.0.jar;C:\Users\LENOVO\.katalon\packages\Katalon_Studio_Windows_64-9.3.0\Katalon_Studio_Windows_64-9.3.0\configuration\resources\lib\spring-context-5.3.19.jar;C:\Users\LENOVO\.katalon\packages\Katalon_Studio_Windows_64-9.3.0\Katalon_Studio_Windows_64-9.3.0\configuration\resources\lib\stax2-api-4.0.0.jar;C:\Users\LENOVO\.katalon\packages\Katalon_Studio_Windows_64-9.3.0\Katalon_Studio_Windows_64-9.3.0\configuration\resources\lib\su.jar;C:\Users\LENOVO\.katalon\packages\Katalon_Studio_Windows_64-9.3.0\Katalon_Studio_Windows_64-9.3.0\configuration\resources\lib\testng-7.8.0.jar;C:\Users\LENOVO\.katalon\packages\Katalon_Studio_Windows_64-9.3.0\Katalon_Studio_Windows_64-9.3.0\configuration\resources\lib\wadl.jar;C:\Users\LENOVO\.katalon\packages\Katalon_Studio_Windows_64-9.3.0\Katalon_Studio_Windows_64-9.3.0\configuration\resources\lib\xmlbeans-3.1.0.jar;C:\Users\LENOVO\.katalon\packages\Katalon_Studio_Windows_64-9.3.0\Katalon_Studio_Windows_64-9.3.0\plugins\net.sf.supercsv.super-csv_2.1.0.jar;C:\Users\LENOVO\.katalon\packages\Katalon_Studio_Windows_64-9.3.0\Katalon_Studio_Windows_64-9.3.0\plugins\org.apache.commons.io_2.4.0.jar;C:\Users\LENOVO\.katalon\packages\Katalon_Studio_Windows_64-9.3.0\Katalon_Studio_Windows_64-9.3.0\plugins\org.apache.commons.lang_2.6.0.jar;C:\Users\LENOVO\.katalon\packages\Katalon_Studio_Windows_64-9.3.0\Katalon_Studio_Windows_64-9.3.0\plugins\com.google.gson_2.10.1.v20230109-0753.jar;C:\Users\LENOVO\.katalon\packages\Katalon_Studio_Windows_64-9.3.0\Katalon_Studio_Windows_64-9.3.0\plugins\org.jsoup_1.14.3.jar;C:\Users\LENOVO\.katalon\packages\Katalon_Studio_Windows_64-9.3.0\Katalon_Studio_Windows_64-9.3.0\plugins\org.apache.commons.dbutils_1.6.0.jar;C:\Users\LENOVO\.katalon\packages\Katalon_Studio_Windows_64-9.3.0\Katalon_Studio_Windows_64-9.3.0\plugins\com.oracle.jdbc.ojdbc7_12.1.0.2.jar;C:\Users\LENOVO\.katalon\packages\Katalon_Studio_Windows_64-9.3.0\Katalon_Studio_Windows_64-9.3.0\plugins\org.postgresql.jdbc_42.4.1.jar;c:\Users\LENOVO\.katalon\packages\Katalon_Studio_Windows_64-9.3.0\Katalon_Studio_Windows_64-9.3.0\plugins\org.eclipse.osgi_3.18.300.v20230220-1352.jar;C:\Users\LENOVO\.katalon\packages\Katalon_Studio_Windows_64-9.3.0\Katalon_Studio_Windows_64-9.3.0\plugins\com.kms.katalon.constant_1.0.0.202401301518.jar;C:\Users\LENOVO\.katalon\packages\Katalon_Studio_Windows_64-9.3.0\Katalon_Studio_Windows_64-9.3.0\plugins\org.eclipse.persistence.eclipselink_2.7.11.jar;C:\Users\LENOVO\.katalon\packages\Katalon_Studio_Windows_64-9.3.0\Katalon_Studio_Windows_64-9.3.0\plugins\com.kms.katalon.selenium-standalone_1.0.0.202401301518.jar;C:\Users\LENOVO\.katalon\packages\Katalon_Studio_Windows_64-9.3.0\Katalon_Studio_Windows_64-9.3.0\plugins\atu.testrecorder.screen-recorder_2.1.0.jar;C:\Users\LENOVO\.katalon\packages\Katalon_Studio_Windows_64-9.3.0\Katalon_Studio_Windows_64-9.3.0\plugins\com.google.guava_23.0.0.jar;C:\Users\LENOVO\.katalon\packages\Katalon_Studio_Windows_64-9.3.0\Katalon_Studio_Windows_64-9.3.0\plugins\com.kms.katalon.util_1.0.0.202401301518.jar;C:\Users\LENOVO\.katalon\packages\Katalon_Studio_Windows_64-9.3.0\Katalon_Studio_Windows_64-9.3.0\plugins\org.apache.httpcomponents.httpclient_4.5.14.v20221207-1049.jar;C:\Users\LENOVO\.katalon\packages\Katalon_Studio_Windows_64-9.3.0\Katalon_Studio_Windows_64-9.3.0\plugins\org.apache.httpcomponents.httpcore_4.4.16.v20221207-1049.jar;C:\Users\LENOVO\.katalon\packages\Katalon_Studio_Windows_64-9.3.0\Katalon_Studio_Windows_64-9.3.0\plugins\org.apache.httpcomponents.httpmime_4.5.1.jar;C:\Users\LENOVO\.katalon\packages\Katalon_Studio_Windows_64-9.3.0\Katalon_Studio_Windows_64-9.3.0\plugins\org.apache.commons.lang3_3.7.0.jar;C:\Users\LENOVO\.katalon\packages\Katalon_Studio_Windows_64-9.3.0\Katalon_Studio_Windows_64-9.3.0\plugins\org.greenrobot.eventbus_3.1.1.jar;C:\Users\LENOVO\.katalon\packages\Katalon_Studio_Windows_64-9.3.0\Katalon_Studio_Windows_64-9.3.0\plugins\org.assertj.core_3.10.0.jar;C:\Users\LENOVO\.katalon\packages\Katalon_Studio_Windows_64-9.3.0\Katalon_Studio_Windows_64-9.3.0\plugins\org.junit_4.13.2.v20211018-1956.jar;C:\Users\LENOVO\.katalon\packages\Katalon_Studio_Windows_64-9.3.0\Katalon_Studio_Windows_64-9.3.0\plugins\com.fasterxml.jackson.core.jackson-databind_2.14.0.jar;C:\Users\LENOVO\.katalon\packages\Katalon_Studio_Windows_64-9.3.0\Katalon_Studio_Windows_64-9.3.0\plugins\com.fasterxml.jackson.core.jackson-core_2.14.0.jar;C:\Users\LENOVO\.katalon\packages\Katalon_Studio_Windows_64-9.3.0\Katalon_Studio_Windows_64-9.3.0\plugins\com.fasterxml.jackson.core.jackson-annotations_2.14.0.jar;C:\Users\LENOVO\.katalon\packages\Katalon_Studio_Windows_64-9.3.0\Katalon_Studio_Windows_64-9.3.0\plugins\ch.qos.logback.classic_1.2.3.jar;C:\Users\LENOVO\.katalon\packages\Katalon_Studio_Windows_64-9.3.0\Katalon_Studio_Windows_64-9.3.0\plugins\ch.qos.logback.core_1.2.3.jar;C:\Users\LENOVO\.katalon\packages\Katalon_Studio_Windows_64-9.3.0\Katalon_Studio_Windows_64-9.3.0\plugins\slf4j.api_1.7.36.jar;C:\Users\LENOVO\.katalon\packages\Katalon_Studio_Windows_64-9.3.0\Katalon_Studio_Windows_64-9.3.0\plugins\org.fusesource.jansi_1.17.1.jar;C:\Users\LENOVO\.katalon\packages\Katalon_Studio_Windows_64-9.3.0\Katalon_Studio_Windows_64-9.3.0\plugins\com.kms.katalon.netlightbody_1.0.0.202401301518.jar;C:\Users\LENOVO\.katalon\packages\Katalon_Studio_Windows_64-9.3.0\Katalon_Studio_Windows_64-9.3.0\plugins\com.kms.katalon.poi_1.0.0.202401301518.jar;C:\Users\LENOVO\.katalon\packages\Katalon_Studio_Windows_64-9.3.0\Katalon_Studio_Windows_64-9.3.0\plugins\org.apache.commons.commons-text_1.10.0.jar;C:\Users\LENOVO\.katalon\packages\Katalon_Studio_Windows_64-9.3.0\Katalon_Studio_Windows_64-9.3.0\plugins\com.kms.katalon.proxyvole_1.0.0.202401301518.jar;C:\Users\LENOVO\.katalon\packages\Katalon_Studio_Windows_64-9.3.0\Katalon_Studio_Windows_64-9.3.0\plugins\com.microsoft.sqlserver.mssql-jdbc_6.2.2.jre8.jar;C:\Users\LENOVO\.katalon\packages\Katalon_Studio_Windows_64-9.3.0\Katalon_Studio_Windows_64-9.3.0\plugins\com.github.kklisura.cdt.java-client_2.1.0.jar;C:\Users\LENOVO\.katalon\packages\Katalon_Studio_Windows_64-9.3.0\Katalon_Studio_Windows_64-9.3.0\plugins\javax.websocket-api_1.1.0.jar;C:\Users\LENOVO\.katalon\packages\Katalon_Studio_Windows_64-9.3.0\Katalon_Studio_Windows_64-9.3.0\plugins\org.glassfish.tyrus.container-grizzly-client_1.13.1.jar;C:\Users\LENOVO\.katalon\packages\Katalon_Studio_Windows_64-9.3.0\Katalon_Studio_Windows_64-9.3.0\plugins\org.glassfish.grizzly.http-server_2.3.25.jar;C:\Users\LENOVO\.katalon\packages\Katalon_Studio_Windows_64-9.3.0\Katalon_Studio_Windows_64-9.3.0\plugins\org.glassfish.grizzly.framework_2.3.25.jar;C:\Users\LENOVO\.katalon\packages\Katalon_Studio_Windows_64-9.3.0\Katalon_Studio_Windows_64-9.3.0\plugins\org.glassfish.grizzly.http_2.3.25.jar;C:\Users\LENOVO\.katalon\packages\Katalon_Studio_Windows_64-9.3.0\Katalon_Studio_Windows_64-9.3.0\plugins\org.glassfish.tyrus.client_1.13.1.jar;C:\Users\LENOVO\.katalon\packages\Katalon_Studio_Windows_64-9.3.0\Katalon_Studio_Windows_64-9.3.0\plugins\org.glassfish.tyrus.core_1.13.1.jar;C:\Users\LENOVO\.katalon\packages\Katalon_Studio_Windows_64-9.3.0\Katalon_Studio_Windows_64-9.3.0\plugins\org.glassfish.tyrus.spi_1.13.1.jar;C:\Users\LENOVO\.katalon\packages\Katalon_Studio_Windows_64-9.3.0\Katalon_Studio_Windows_64-9.3.0\plugins\javassist_3.28.0.GA.jar;C:\Users\LENOVO\.katalon\packages\Katalon_Studio_Windows_64-9.3.0\Katalon_Studio_Windows_64-9.3.0\plugins\com.graphql-java_16.2.0.jar;C:\Users\LENOVO\.katalon\packages\Katalon_Studio_Windows_64-9.3.0\Katalon_Studio_Windows_64-9.3.0\plugins\org.glassfish.jaxb.runtime_2.3.6.jar;C:\Users\LENOVO\.katalon\packages\Katalon_Studio_Windows_64-9.3.0\Katalon_Studio_Windows_64-9.3.0\plugins\org.glassfish.jaxb.txw2_2.3.6.jar;C:\Users\LENOVO\.katalon\packages\Katalon_Studio_Windows_64-9.3.0\Katalon_Studio_Windows_64-9.3.0\plugins\org.dom4j_1.6.1.v201312101416.jar;C:\Users\LENOVO\.katalon\packages\Katalon_Studio_Windows_64-9.3.0\Katalon_Studio_Windows_64-9.3.0\plugins\com.kms.katalon.groovy-extended_1.0.0.202401301518.jar;C:\Users\LENOVO\.katalon\packages\Katalon_Studio_Windows_64-9.3.0\Katalon_Studio_Windows_64-9.3.0\plugins\com.sun.activation.javax.activation_1.2.0.jar;C:\Users\LENOVO\.katalon\packages\Katalon_Studio_Windows_64-9.3.0\Katalon_Studio_Windows_64-9.3.0\plugins\jakarta.xml.bind-api_2.3.3.jar;C:\Users\LENOVO\.katalon\packages\Katalon_Studio_Windows_64-9.3.0\Katalon_Studio_Windows_64-9.3.0\plugins\com.sun.xml.bind.jaxb-impl_2.3.6.jar;C:\Users\LENOVO\.katalon\packages\Katalon_Studio_Windows_64-9.3.0\Katalon_Studio_Windows_64-9.3.0\plugins\org.apache.commons.logging_1.2.0.v20180409-1502.jar;C:\Users\LENOVO\.katalon\packages\Katalon_Studio_Windows_64-9.3.0\Katalon_Studio_Windows_64-9.3.0\plugins\org.hamcrest.core_1.3.0.v20180420-1519.jar;C:\Users\LENOVO\.katalon\packages\Katalon_Studio_Windows_64-9.3.0\Katalon_Studio_Windows_64-9.3.0\plugins\org.beanshell.bsh_2.0.0.0b4.jar;C:\Users\LENOVO\.katalon\packages\Katalon_Studio_Windows_64-9.3.0\Katalon_Studio_Windows_64-9.3.0\plugins\org.apache.ant.launcher_1.9.6.jar;C:\Users\LENOVO\.katalon\packages\Katalon_Studio_Windows_64-9.3.0\Katalon_Studio_Windows_64-9.3.0\plugins\com.kms.katalon.core.appium_1.0.0.202401301518.jar;C:\Users\LENOVO\.katalon\packages\Katalon_Studio_Windows_64-9.3.0\Katalon_Studio_Windows_64-9.3.0\plugins\com.kms.katalon.logging_1.0.0.202401301518.jar;C:\Users\LENOVO\.katalon\packages\Katalon_Studio_Windows_64-9.3.0\Katalon_Studio_Windows_64-9.3.0\plugins\org.eclipse.equinox.common_3.17.100.v20230202-1341.jar;C:\Users\LENOVO\.katalon\packages\Katalon_Studio_Windows_64-9.3.0\Katalon_Studio_Windows_64-9.3.0\plugins\com.kms.katalon.core.webui_1.0.0.202401301518.jar;C:\Users\LENOVO\.katalon\packages\Katalon_Studio_Windows_64-9.3.0\Katalon_Studio_Windows_64-9.3.0\plugins\org.json_20140107.0.0.jar;C:\Users\LENOVO\.katalon\packages\Katalon_Studio_Windows_64-9.3.0\Katalon_Studio_Windows_64-9.3.0\plugins\org.eclipse.e4.core.contexts_1.11.0.v20220716-0839.jar;C:\Users\LENOVO\.katalon\packages\Katalon_Studio_Windows_64-9.3.0\Katalon_Studio_Windows_64-9.3.0\plugins\org.eclipse.e4.core.services_2.3.400.v20220915-1347.jar;C:\Users\LENOVO\.katalon\packages\Katalon_Studio_Windows_64-9.3.0\Katalon_Studio_Windows_64-9.3.0\plugins\com.kms.katalon.core.mobile_1.0.0.202401301518.jar;C:\Users\LENOVO\.katalon\packages\Katalon_Studio_Windows_64-9.3.0\Katalon_Studio_Windows_64-9.3.0\plugins\org.apache.commons.commons-validator_1.7.0.jar;C:\Users\LENOVO\.katalon\packages\Katalon_Studio_Windows_64-9.3.0\Katalon_Studio_Windows_64-9.3.0\plugins\com.kms.katalon.core.cucumber_1.0.0.202401301518.jar;C:\Users\LENOVO\.katalon\packages\Katalon_Studio_Windows_64-9.3.0\Katalon_Studio_Windows_64-9.3.0\plugins\io.cucumber.core_3.0.2.jar;C:\Users\LENOVO\.katalon\packages\Katalon_Studio_Windows_64-9.3.0\Katalon_Studio_Windows_64-9.3.0\plugins\io.cucumber.datatable_1.0.3.jar;C:\Users\LENOVO\.katalon\packages\Katalon_Studio_Windows_64-9.3.0\Katalon_Studio_Windows_64-9.3.0\plugins\io.cucumber.datatable-dependencies_1.0.3.jar;C:\Users\LENOVO\.katalon\packages\Katalon_Studio_Windows_64-9.3.0\Katalon_Studio_Windows_64-9.3.0\plugins\io.cucumber.expressions_5.0.19.jar;C:\Users\LENOVO\.katalon\packages\Katalon_Studio_Windows_64-9.3.0\Katalon_Studio_Windows_64-9.3.0\plugins\io.cucumber.gherkin_5.0.0.jar;C:\Users\LENOVO\.katalon\packages\Katalon_Studio_Windows_64-9.3.0\Katalon_Studio_Windows_64-9.3.0\plugins\io.cucumber.html_0.2.7.jar;C:\Users\LENOVO\.katalon\packages\Katalon_Studio_Windows_64-9.3.0\Katalon_Studio_Windows_64-9.3.0\plugins\io.cucumber.java_3.0.2.jar;C:\Users\LENOVO\.katalon\packages\Katalon_Studio_Windows_64-9.3.0\Katalon_Studio_Windows_64-9.3.0\plugins\io.cucumber.tag-expressions_1.1.1.jar;C:\Users\LENOVO\.katalon\packages\Katalon_Studio_Windows_64-9.3.0\Katalon_Studio_Windows_64-9.3.0\plugins\io.cucumber.junit_3.0.2.jar;C:\Users\LENOVO\.katalon\packages\Katalon_Studio_Windows_64-9.3.0\Katalon_Studio_Windows_64-9.3.0\plugins\com.kms.katalon.core.webservice_1.0.0.202401301518.jar;C:\Users\LENOVO\.katalon\packages\Katalon_Studio_Windows_64-9.3.0\Katalon_Studio_Windows_64-9.3.0\plugins\wsdl4j_1.6.2.jar;C:\Users\LENOVO\.katalon\packages\Katalon_Studio_Windows_64-9.3.0\Katalon_Studio_Windows_64-9.3.0\plugins\com.google.oauth-client.google-oauth-client_1.22.0.jar;C:\Users\LENOVO\.katalon\packages\Katalon_Studio_Windows_64-9.3.0\Katalon_Studio_Windows_64-9.3.0\plugins\com.google.http-client.google-http-client_1.22.0.jar;C:\Users\LENOVO\.katalon\packages\Katalon_Studio_Windows_64-9.3.0\Katalon_Studio_Windows_64-9.3.0\plugins\ca.juliusdavies.not-yet-commons-ssl_0.3.11.jar;C:\Users\LENOVO\.katalon\packages\Katalon_Studio_Windows_64-9.3.0\Katalon_Studio_Windows_64-9.3.0\plugins\com.kms.katalon.preferences_1.0.0.202401301518.jar;C:\Users\LENOVO\.katalon\packages\Katalon_Studio_Windows_64-9.3.0\Katalon_Studio_Windows_64-9.3.0\plugins\org.apache.xmlbeans_3.1.0.jar;C:\Users\LENOVO\.katalon\packages\Katalon_Studio_Windows_64-9.3.0\Katalon_Studio_Windows_64-9.3.0\plugins\com.kms.katalon.entity_1.0.0.202401301518.jar;C:\Users\LENOVO\.katalon\packages\Katalon_Studio_Windows_64-9.3.0\Katalon_Studio_Windows_64-9.3.0\plugins\org.antlr.antlr4-runtime_4.8.0.jar;C:\Users\LENOVO\.katalon\packages\Katalon_Studio_Windows_64-9.3.0\Katalon_Studio_Windows_64-9.3.0\plugins\com.networknt.json-schema-validator_1.0.66.jar;C:\Users\LENOVO\.katalon\packages\Katalon_Studio_Windows_64-9.3.0\Katalon_Studio_Windows_64-9.3.0\plugins\jakarta.xml.ws-api_2.3.3.jar;C:\Users\LENOVO\.katalon\packages\Katalon_Studio_Windows_64-9.3.0\Katalon_Studio_Windows_64-9.3.0\plugins\javax.xml.soap-api_1.4.0.jar;C:\Users\LENOVO\.katalon\packages\Katalon_Studio_Windows_64-9.3.0\Katalon_Studio_Windows_64-9.3.0\plugins\com.kms.katalon.core.windows_1.0.0.202401301518.jar;C:\Users\LENOVO\.katalon\packages\Katalon_Studio_Windows_64-9.3.0\Katalon_Studio_Windows_64-9.3.0\plugins\com.kms.katalon.core.testng_1.0.0.202401301518.jar;C:\Users\LENOVO\.katalon\packages\Katalon_Studio_Windows_64-9.3.0\Katalon_Studio_Windows_64-9.3.0\configuration\org.eclipse.osgi\27\0\.cp\resources\basic-report\katalon-studio-report-plugin.jar;C:\Users\LENOVO\.katalon\packages\Katalon_Studio_Windows_64-9.3.0\Katalon_Studio_Windows_64-9.3.0\plugins\org.codehaus.groovy_3.0.17.v202303311542-e2303\lib\groovy-3.0.17-indy.jar;C:\Users\LENOVO\.katalon\packages\Katalon_Studio_Windows_64-9.3.0\Katalon_Studio_Windows_64-9.3.0\plugins\org.codehaus.groovy_3.0.17.v202303311542-e2303\lib\ivy-2.5.1.jar --main groovy.ui.GroovyMain --encoding UTF-8 --indy D:\Kelompok_3\Project WEB\Kelompok_3\Libs\TempTestCase1709381538693.groovy

Host: 11th Gen Intel(R) Core(TM) i3-1115G4 @ 3.00GHz, 4 cores, 7G,  Windows 11 , 64 bit Build 22621 (10.0.22621.1928)
Time: Sat Mar  2 19:12:37 2024 SE Asia Standard Time elapsed time: 18.321713 seconds (0d 0h 0m 18s)

---------------  T H R E A D  ---------------

Current thread (0x000002af42ca1390):  JavaThread "C2 CompilerThread1" daemon [_thread_in_native, id=16508, stack(0x000000be3d500000,0x000000be3d600000)]


Current CompileTask:
C2:  18321 6297       4       java.util.regex.Matcher::appendExpandedReplacement (510 bytes)

Stack: [0x000000be3d500000,0x000000be3d600000]
Native frames: (J=compiled Java code, j=interpreted, Vv=VM code, C=native code)
V  [jvm.dll+0x67754a]
V  [jvm.dll+0x834304]
V  [jvm.dll+0x835aae]
V  [jvm.dll+0x836113]
V  [jvm.dll+0x24696f]
V  [jvm.dll+0xac0ac]
V  [jvm.dll+0xac67c]
V  [jvm.dll+0x364e37]
V  [jvm.dll+0x1bcde8]
V  [jvm.dll+0x219799]
V  [jvm.dll+0x218a61]
V  [jvm.dll+0x1a4d8d]
V  [jvm.dll+0x2284da]
V  [jvm.dll+0x226615]
V  [jvm.dll+0x7ea90b]
V  [jvm.dll+0x7e4e7a]
V  [jvm.dll+0x676395]
C  [ucrtbase.dll+0x29363]
C  [KERNEL32.DLL+0x126ad]
C  [ntdll.dll+0x5aa68]


---------------  P R O C E S S  ---------------

Threads class SMR info:
_java_thread_list=0x000002af42842340, length=21, elements={
0x000002af229f9f30, 0x000002af3c1d4020, 0x000002af3c1d5200, 0x000002af3c20d280,
0x000002af3c20db40, 0x000002af3c20e400, 0x000002af3c20ecc0, 0x000002af3c20f8b0,
0x000002af3c2801c0, 0x000002af3c2826e0, 0x000002af3c478690, 0x000002af3ce9e830,
0x000002af429a4f90, 0x000002af429a3780, 0x000002af429a4120, 0x000002af429a45f0,
0x000002af429a3c50, 0x000002af429a5930, 0x000002af429a67a0, 0x000002af429a6c70,
0x000002af42ca1390
}

Java Threads: ( => current thread )
  0x000002af229f9f30 JavaThread "Forwarding executeAsyncScript on session b168057e7326809632cc9ce682441a9a to remote" [_thread_in_native, id=5348, stack(0x000000be3c200000,0x000000be3c300000)]
  0x000002af3c1d4020 JavaThread "Reference Handler" daemon [_thread_blocked, id=12252, stack(0x000000be3c900000,0x000000be3ca00000)]
  0x000002af3c1d5200 JavaThread "Finalizer" daemon [_thread_blocked, id=15588, stack(0x000000be3ca00000,0x000000be3cb00000)]
  0x000002af3c20d280 JavaThread "Signal Dispatcher" daemon [_thread_blocked, id=16704, stack(0x000000be3cb00000,0x000000be3cc00000)]
  0x000002af3c20db40 JavaThread "Attach Listener" daemon [_thread_blocked, id=1264, stack(0x000000be3cc00000,0x000000be3cd00000)]
  0x000002af3c20e400 JavaThread "Service Thread" daemon [_thread_blocked, id=5948, stack(0x000000be3cd00000,0x000000be3ce00000)]
  0x000002af3c20ecc0 JavaThread "Monitor Deflation Thread" daemon [_thread_blocked, id=13700, stack(0x000000be3ce00000,0x000000be3cf00000)]
  0x000002af3c20f8b0 JavaThread "C2 CompilerThread0" daemon [_thread_blocked, id=3064, stack(0x000000be3cf00000,0x000000be3d000000)]
  0x000002af3c2801c0 JavaThread "C1 CompilerThread0" daemon [_thread_blocked, id=18004, stack(0x000000be3d000000,0x000000be3d100000)]
  0x000002af3c2826e0 JavaThread "Sweeper thread" daemon [_thread_blocked, id=9772, stack(0x000000be3d100000,0x000000be3d200000)]
  0x000002af3c478690 JavaThread "Common-Cleaner" daemon [_thread_blocked, id=13424, stack(0x000000be3d200000,0x000000be3d300000)]
  0x000002af3ce9e830 JavaThread "Notification Thread" daemon [_thread_blocked, id=17708, stack(0x000000be3d600000,0x000000be3d700000)]
  0x000002af429a4f90 JavaThread "Exec Default Executor" daemon [_thread_in_native, id=10780, stack(0x000000be3d900000,0x000000be3da00000)]
  0x000002af429a3780 JavaThread "UrlChecker-2" daemon [_thread_blocked, id=14532, stack(0x000000be3da00000,0x000000be3db00000)]
  0x000002af429a4120 JavaThread "Exec Stream Pumper" daemon [_thread_in_native, id=17988, stack(0x000000be3dc00000,0x000000be3dd00000)]
  0x000002af429a45f0 JavaThread "Exec Stream Pumper" daemon [_thread_in_native, id=3724, stack(0x000000be3dd00000,0x000000be3de00000)]
  0x000002af429a3c50 JavaThread "ForkJoinPool.commonPool-worker-1" daemon [_thread_blocked, id=14280, stack(0x000000be3df00000,0x000000be3e000000)]
  0x000002af429a5930 JavaThread "ForkJoinPool.commonPool-worker-2" daemon [_thread_blocked, id=15328, stack(0x000000be3e000000,0x000000be3e100000)]
  0x000002af429a67a0 JavaThread "OkHttp ConnectionPool" daemon [_thread_blocked, id=9168, stack(0x000000be3e100000,0x000000be3e200000)]
  0x000002af429a6c70 JavaThread "Okio Watchdog" daemon [_thread_blocked, id=11380, stack(0x000000be3e200000,0x000000be3e300000)]
=>0x000002af42ca1390 JavaThread "C2 CompilerThread1" daemon [_thread_in_native, id=16508, stack(0x000000be3d500000,0x000000be3d600000)]

Other Threads:
  0x000002af3c19dcb0 VMThread "VM Thread" [stack: 0x000000be3c800000,0x000000be3c900000] [id=16684]
  0x000002af41122360 WatcherThread [stack: 0x000000be3d700000,0x000000be3d800000] [id=9664]
  0x000002af22a556f0 GCTaskThread "GC Thread#0" [stack: 0x000000be3c300000,0x000000be3c400000] [id=15748]
  0x000002af3cb3b690 GCTaskThread "GC Thread#1" [stack: 0x000000be3d300000,0x000000be3d400000] [id=12548]
  0x000002af3cb4db80 GCTaskThread "GC Thread#2" [stack: 0x000000be3d400000,0x000000be3d500000] [id=2280]
  0x000002af41c5fbe0 GCTaskThread "GC Thread#3" [stack: 0x000000be3d800000,0x000000be3d900000] [id=2052]
  0x000002af22a66630 ConcurrentGCThread "G1 Main Marker" [stack: 0x000000be3c400000,0x000000be3c500000] [id=13656]
  0x000002af22a67040 ConcurrentGCThread "G1 Conc#0" [stack: 0x000000be3c500000,0x000000be3c600000] [id=11444]
  0x000002af22a7ece0 ConcurrentGCThread "G1 Refine#0" [stack: 0x000000be3c600000,0x000000be3c700000] [id=12944]
  0x000002af3c002c10 ConcurrentGCThread "G1 Service" [stack: 0x000000be3c700000,0x000000be3c800000] [id=11792]

Threads with active compile tasks:
C2 CompilerThread1    18347 6297       4       java.util.regex.Matcher::appendExpandedReplacement (510 bytes)

VM state: not at safepoint (normal execution)

VM Mutex/Monitor currently owned by a thread: None

Heap address: 0x0000000080000000, size: 2048 MB, Compressed Oops mode: 32-bit

CDS archive(s) not mapped
Compressed class space mapped at: 0x0000000100000000-0x0000000140000000, reserved size: 1073741824
Narrow klass base: 0x0000000000000000, Narrow klass shift: 3, Narrow klass range: 0x140000000

GC Precious Log:
 CPUs: 4 total, 4 available
 Memory: 7975M
 Large Page Support: Disabled
 NUMA Support: Disabled
 Compressed Oops: Enabled (32-bit)
 Heap Region Size: 1M
 Heap Min Capacity: 8M
 Heap Initial Capacity: 126M
 Heap Max Capacity: 2G
 Pre-touch: Disabled
 Parallel Workers: 4
 Concurrent Workers: 1
 Concurrent Refinement Workers: 4
 Periodic GC: Disabled

Heap:
 garbage-first heap   total 98304K, used 71122K [0x0000000080000000, 0x0000000100000000)
  region size 1024K, 36 young (36864K), 2 survivors (2048K)
 Metaspace       used 44687K, committed 45248K, reserved 1114112K
  class space    used 4905K, committed 5184K, reserved 1048576K

Heap Regions: E=young(eden), S=young(survivor), O=old, HS=humongous(starts), HC=humongous(continues), CS=collection set, F=free, OA=open archive, CA=closed archive, TAMS=top-at-mark-start (previous, next)
|   0|0x0000000080000000, 0x0000000080100000, 0x0000000080100000|100%|HS|  |TAMS 0x0000000080100000, 0x0000000080000000| Complete 
|   1|0x0000000080100000, 0x0000000080200000, 0x0000000080200000|100%|HS|  |TAMS 0x0000000080200000, 0x0000000080100000| Complete 
|   2|0x0000000080200000, 0x0000000080300000, 0x0000000080300000|100%| O|  |TAMS 0x0000000080300000, 0x0000000080200000| Untracked 
|   3|0x0000000080300000, 0x0000000080400000, 0x0000000080400000|100%| O|  |TAMS 0x0000000080400000, 0x0000000080300000| Untracked 
|   4|0x0000000080400000, 0x0000000080500000, 0x0000000080500000|100%| O|  |TAMS 0x0000000080500000, 0x0000000080400000| Untracked 
|   5|0x0000000080500000, 0x0000000080600000, 0x0000000080600000|100%| O|  |TAMS 0x0000000080600000, 0x0000000080500000| Untracked 
|   6|0x0000000080600000, 0x0000000080700000, 0x0000000080700000|100%| O|  |TAMS 0x0000000080700000, 0x0000000080600000| Untracked 
|   7|0x0000000080700000, 0x0000000080800000, 0x0000000080800000|100%| O|  |TAMS 0x0000000080800000, 0x0000000080700000| Untracked 
|   8|0x0000000080800000, 0x0000000080900000, 0x0000000080900000|100%| O|  |TAMS 0x0000000080900000, 0x0000000080800000| Untracked 
|   9|0x0000000080900000, 0x0000000080a00000, 0x0000000080a00000|100%|HS|  |TAMS 0x0000000080a00000, 0x0000000080900000| Complete 
|  10|0x0000000080a00000, 0x0000000080b00000, 0x0000000080b00000|100%|HC|  |TAMS 0x0000000080b00000, 0x0000000080a00000| Complete 
|  11|0x0000000080b00000, 0x0000000080c00000, 0x0000000080c00000|100%| O|  |TAMS 0x0000000080c00000, 0x0000000080b00000| Untracked 
|  12|0x0000000080c00000, 0x0000000080ccd400, 0x0000000080d00000| 80%| O|  |TAMS 0x0000000080ccd400, 0x0000000080c00000| Untracked 
|  13|0x0000000080d00000, 0x0000000080e00000, 0x0000000080e00000|100%| O|  |TAMS 0x0000000080e00000, 0x0000000080d00000| Untracked 
|  14|0x0000000080e00000, 0x0000000080f00000, 0x0000000080f00000|100%| O|  |TAMS 0x0000000080f00000, 0x0000000080e00000| Untracked 
|  15|0x0000000080f00000, 0x0000000081000000, 0x0000000081000000|100%| O|  |TAMS 0x0000000081000000, 0x0000000080f00000| Untracked 
|  16|0x0000000081000000, 0x0000000081100000, 0x0000000081100000|100%| O|  |TAMS 0x0000000081100000, 0x0000000081000000| Untracked 
|  17|0x0000000081100000, 0x0000000081200000, 0x0000000081200000|100%| O|  |TAMS 0x0000000081200000, 0x0000000081100000| Untracked 
|  18|0x0000000081200000, 0x0000000081300000, 0x0000000081300000|100%| O|  |TAMS 0x0000000081300000, 0x0000000081200000| Untracked 
|  19|0x0000000081300000, 0x0000000081400000, 0x0000000081400000|100%| O|  |TAMS 0x0000000081400000, 0x0000000081300000| Untracked 
|  20|0x0000000081400000, 0x0000000081500000, 0x0000000081500000|100%| O|  |TAMS 0x0000000081500000, 0x0000000081400000| Untracked 
|  21|0x0000000081500000, 0x0000000081600000, 0x0000000081600000|100%| O|  |TAMS 0x0000000081600000, 0x0000000081500000| Untracked 
|  22|0x0000000081600000, 0x0000000081700000, 0x0000000081700000|100%| O|  |TAMS 0x0000000081700000, 0x0000000081600000| Untracked 
|  23|0x0000000081700000, 0x0000000081800000, 0x0000000081800000|100%| O|  |TAMS 0x0000000081800000, 0x0000000081700000| Untracked 
|  24|0x0000000081800000, 0x0000000081900000, 0x0000000081900000|100%| O|  |TAMS 0x0000000081861600, 0x0000000081800000| Untracked 
|  25|0x0000000081900000, 0x0000000081a00000, 0x0000000081a00000|100%| O|  |TAMS 0x0000000081a00000, 0x0000000081900000| Untracked 
|  26|0x0000000081a00000, 0x0000000081b00000, 0x0000000081b00000|100%| O|  |TAMS 0x0000000081b00000, 0x0000000081a00000| Untracked 
|  27|0x0000000081b00000, 0x0000000081c00000, 0x0000000081c00000|100%| O|  |TAMS 0x0000000081b00000, 0x0000000081b00000| Untracked 
|  28|0x0000000081c00000, 0x0000000081d00000, 0x0000000081d00000|100%| O|  |TAMS 0x0000000081c00000, 0x0000000081c00000| Untracked 
|  29|0x0000000081d00000, 0x0000000081e00000, 0x0000000081e00000|100%| O|  |TAMS 0x0000000081d00000, 0x0000000081d00000| Untracked 
|  30|0x0000000081e00000, 0x0000000081f00000, 0x0000000081f00000|100%| O|  |TAMS 0x0000000081e00000, 0x0000000081e00000| Untracked 
|  31|0x0000000081f00000, 0x0000000082000000, 0x0000000082000000|100%| O|  |TAMS 0x0000000081f00000, 0x0000000081f00000| Untracked 
|  32|0x0000000082000000, 0x0000000082100000, 0x0000000082100000|100%| O|  |TAMS 0x0000000082000000, 0x0000000082000000| Untracked 
|  33|0x0000000082100000, 0x0000000082200000, 0x0000000082200000|100%| O|  |TAMS 0x0000000082100000, 0x0000000082100000| Untracked 
|  34|0x0000000082200000, 0x00000000822a7400, 0x0000000082300000| 65%| O|  |TAMS 0x0000000082200000, 0x0000000082200000| Untracked 
|  35|0x0000000082300000, 0x0000000082300000, 0x0000000082400000|  0%| F|  |TAMS 0x0000000082300000, 0x0000000082300000| Untracked 
|  36|0x0000000082400000, 0x0000000082400000, 0x0000000082500000|  0%| F|  |TAMS 0x0000000082400000, 0x0000000082400000| Untracked 
|  37|0x0000000082500000, 0x0000000082500000, 0x0000000082600000|  0%| F|  |TAMS 0x0000000082500000, 0x0000000082500000| Untracked 
|  38|0x0000000082600000, 0x0000000082600000, 0x0000000082700000|  0%| F|  |TAMS 0x0000000082600000, 0x0000000082600000| Untracked 
|  39|0x0000000082700000, 0x0000000082700000, 0x0000000082800000|  0%| F|  |TAMS 0x0000000082700000, 0x0000000082700000| Untracked 
|  40|0x0000000082800000, 0x0000000082800000, 0x0000000082900000|  0%| F|  |TAMS 0x0000000082800000, 0x0000000082800000| Untracked 
|  41|0x0000000082900000, 0x0000000082900000, 0x0000000082a00000|  0%| F|  |TAMS 0x0000000082900000, 0x0000000082900000| Untracked 
|  42|0x0000000082a00000, 0x0000000082a00000, 0x0000000082b00000|  0%| F|  |TAMS 0x0000000082a00000, 0x0000000082a00000| Untracked 
|  43|0x0000000082b00000, 0x0000000082b00000, 0x0000000082c00000|  0%| F|  |TAMS 0x0000000082b00000, 0x0000000082b00000| Untracked 
|  44|0x0000000082c00000, 0x0000000082c00000, 0x0000000082d00000|  0%| F|  |TAMS 0x0000000082c00000, 0x0000000082c00000| Untracked 
|  45|0x0000000082d00000, 0x0000000082d00000, 0x0000000082e00000|  0%| F|  |TAMS 0x0000000082d00000, 0x0000000082d00000| Untracked 
|  46|0x0000000082e00000, 0x0000000082e00000, 0x0000000082f00000|  0%| F|  |TAMS 0x0000000082e00000, 0x0000000082e00000| Untracked 
|  47|0x0000000082f00000, 0x0000000082f00000, 0x0000000083000000|  0%| F|  |TAMS 0x0000000082f00000, 0x0000000082f00000| Untracked 
|  48|0x0000000083000000, 0x0000000083000000, 0x0000000083100000|  0%| F|  |TAMS 0x0000000083000000, 0x0000000083000000| Untracked 
|  49|0x0000000083100000, 0x0000000083200000, 0x0000000083200000|100%| S|CS|TAMS 0x0000000083100000, 0x0000000083100000| Complete 
|  50|0x0000000083200000, 0x0000000083300000, 0x0000000083300000|100%| S|CS|TAMS 0x0000000083200000, 0x0000000083200000| Complete 
|  51|0x0000000083300000, 0x0000000083300000, 0x0000000083400000|  0%| F|  |TAMS 0x0000000083300000, 0x0000000083300000| Untracked 
|  52|0x0000000083400000, 0x0000000083400000, 0x0000000083500000|  0%| F|  |TAMS 0x0000000083400000, 0x0000000083400000| Untracked 
|  53|0x0000000083500000, 0x0000000083500000, 0x0000000083600000|  0%| F|  |TAMS 0x0000000083500000, 0x0000000083500000| Untracked 
|  54|0x0000000083600000, 0x0000000083600000, 0x0000000083700000|  0%| F|  |TAMS 0x0000000083600000, 0x0000000083600000| Untracked 
|  55|0x0000000083700000, 0x0000000083700000, 0x0000000083800000|  0%| F|  |TAMS 0x0000000083700000, 0x0000000083700000| Untracked 
|  56|0x0000000083800000, 0x0000000083800000, 0x0000000083900000|  0%| F|  |TAMS 0x0000000083800000, 0x0000000083800000| Untracked 
|  57|0x0000000083900000, 0x0000000083900000, 0x0000000083a00000|  0%| F|  |TAMS 0x0000000083900000, 0x0000000083900000| Untracked 
|  58|0x0000000083a00000, 0x0000000083a00000, 0x0000000083b00000|  0%| F|  |TAMS 0x0000000083a00000, 0x0000000083a00000| Untracked 
|  59|0x0000000083b00000, 0x0000000083b00000, 0x0000000083c00000|  0%| F|  |TAMS 0x0000000083b00000, 0x0000000083b00000| Untracked 
|  60|0x0000000083c00000, 0x0000000083c00000, 0x0000000083d00000|  0%| F|  |TAMS 0x0000000083c00000, 0x0000000083c00000| Untracked 
|  61|0x0000000083d00000, 0x0000000083d00000, 0x0000000083e00000|  0%| F|  |TAMS 0x0000000083d00000, 0x0000000083d00000| Untracked 
|  62|0x0000000083e00000, 0x0000000083f00000, 0x0000000083f00000|100%| E|  |TAMS 0x0000000083e00000, 0x0000000083e00000| Complete 
|  63|0x0000000083f00000, 0x0000000084000000, 0x0000000084000000|100%| E|CS|TAMS 0x0000000083f00000, 0x0000000083f00000| Complete 
|  64|0x0000000084000000, 0x0000000084100000, 0x0000000084100000|100%| E|CS|TAMS 0x0000000084000000, 0x0000000084000000| Complete 
|  65|0x0000000084100000, 0x0000000084200000, 0x0000000084200000|100%| E|CS|TAMS 0x0000000084100000, 0x0000000084100000| Complete 
|  66|0x0000000084200000, 0x0000000084300000, 0x0000000084300000|100%| E|CS|TAMS 0x0000000084200000, 0x0000000084200000| Complete 
|  67|0x0000000084300000, 0x0000000084400000, 0x0000000084400000|100%| E|CS|TAMS 0x0000000084300000, 0x0000000084300000| Complete 
|  68|0x0000000084400000, 0x0000000084500000, 0x0000000084500000|100%| E|CS|TAMS 0x0000000084400000, 0x0000000084400000| Complete 
|  69|0x0000000084500000, 0x0000000084600000, 0x0000000084600000|100%| E|CS|TAMS 0x0000000084500000, 0x0000000084500000| Complete 
|  70|0x0000000084600000, 0x0000000084700000, 0x0000000084700000|100%| E|CS|TAMS 0x0000000084600000, 0x0000000084600000| Complete 
|  71|0x0000000084700000, 0x0000000084800000, 0x0000000084800000|100%| E|CS|TAMS 0x0000000084700000, 0x0000000084700000| Complete 
|  72|0x0000000084800000, 0x0000000084900000, 0x0000000084900000|100%| E|CS|TAMS 0x0000000084800000, 0x0000000084800000| Complete 
|  73|0x0000000084900000, 0x0000000084a00000, 0x0000000084a00000|100%| E|CS|TAMS 0x0000000084900000, 0x0000000084900000| Complete 
|  74|0x0000000084a00000, 0x0000000084b00000, 0x0000000084b00000|100%| E|CS|TAMS 0x0000000084a00000, 0x0000000084a00000| Complete 
|  75|0x0000000084b00000, 0x0000000084c00000, 0x0000000084c00000|100%| E|CS|TAMS 0x0000000084b00000, 0x0000000084b00000| Complete 
|  76|0x0000000084c00000, 0x0000000084d00000, 0x0000000084d00000|100%| E|CS|TAMS 0x0000000084c00000, 0x0000000084c00000| Complete 
|  77|0x0000000084d00000, 0x0000000084e00000, 0x0000000084e00000|100%| E|CS|TAMS 0x0000000084d00000, 0x0000000084d00000| Complete 
|  78|0x0000000084e00000, 0x0000000084f00000, 0x0000000084f00000|100%| E|CS|TAMS 0x0000000084e00000, 0x0000000084e00000| Complete 
|  79|0x0000000084f00000, 0x0000000085000000, 0x0000000085000000|100%| E|CS|TAMS 0x0000000084f00000, 0x0000000084f00000| Complete 
|  80|0x0000000085000000, 0x0000000085100000, 0x0000000085100000|100%| E|CS|TAMS 0x0000000085000000, 0x0000000085000000| Complete 
|  81|0x0000000085100000, 0x0000000085200000, 0x0000000085200000|100%| E|CS|TAMS 0x0000000085100000, 0x0000000085100000| Complete 
|  82|0x0000000085200000, 0x0000000085300000, 0x0000000085300000|100%| E|CS|TAMS 0x0000000085200000, 0x0000000085200000| Complete 
|  83|0x0000000085300000, 0x0000000085400000, 0x0000000085400000|100%| E|CS|TAMS 0x0000000085300000, 0x0000000085300000| Complete 
|  84|0x0000000085400000, 0x0000000085500000, 0x0000000085500000|100%| E|CS|TAMS 0x0000000085400000, 0x0000000085400000| Complete 
|  85|0x0000000085500000, 0x0000000085600000, 0x0000000085600000|100%| E|CS|TAMS 0x0000000085500000, 0x0000000085500000| Complete 
|  86|0x0000000085600000, 0x0000000085700000, 0x0000000085700000|100%| E|CS|TAMS 0x0000000085600000, 0x0000000085600000| Complete 
|  87|0x0000000085700000, 0x0000000085800000, 0x0000000085800000|100%| E|CS|TAMS 0x0000000085700000, 0x0000000085700000| Complete 
|  88|0x0000000085800000, 0x0000000085900000, 0x0000000085900000|100%| E|CS|TAMS 0x0000000085800000, 0x0000000085800000| Complete 
|  89|0x0000000085900000, 0x0000000085a00000, 0x0000000085a00000|100%| E|CS|TAMS 0x0000000085900000, 0x0000000085900000| Complete 
|  90|0x0000000085a00000, 0x0000000085b00000, 0x0000000085b00000|100%| E|CS|TAMS 0x0000000085a00000, 0x0000000085a00000| Complete 
|  91|0x0000000085b00000, 0x0000000085c00000, 0x0000000085c00000|100%| E|CS|TAMS 0x0000000085b00000, 0x0000000085b00000| Complete 
|  92|0x0000000085c00000, 0x0000000085d00000, 0x0000000085d00000|100%| E|CS|TAMS 0x0000000085c00000, 0x0000000085c00000| Complete 
|  93|0x0000000085d00000, 0x0000000085e00000, 0x0000000085e00000|100%| E|CS|TAMS 0x0000000085d00000, 0x0000000085d00000| Complete 
|  94|0x0000000085e00000, 0x0000000085f00000, 0x0000000085f00000|100%| E|CS|TAMS 0x0000000085e00000, 0x0000000085e00000| Complete 
| 125|0x0000000087d00000, 0x0000000087e00000, 0x0000000087e00000|100%| E|CS|TAMS 0x0000000087d00000, 0x0000000087d00000| Complete 

Card table byte_map: [0x000002af35470000,0x000002af35870000] _byte_map_base: 0x000002af35070000

Marking Bits (Prev, Next): (CMBitMap*) 0x000002af22a55d00, (CMBitMap*) 0x000002af22a55d40
 Prev Bits: [0x000002af35c70000, 0x000002af37c70000)
 Next Bits: [0x000002af37c70000, 0x000002af39c70000)

Polling page: 0x000002af207d0000

Metaspace:

Usage:
  Non-class:     38.85 MB used.
      Class:      4.79 MB used.
       Both:     43.64 MB used.

Virtual space:
  Non-class space:       64.00 MB reserved,      39.12 MB ( 61%) committed,  1 nodes.
      Class space:        1.00 GB reserved,       5.06 MB ( <1%) committed,  1 nodes.
             Both:        1.06 GB reserved,      44.19 MB (  4%) committed. 

Chunk freelists:
   Non-Class:  8.12 MB
       Class:  10.91 MB
        Both:  19.04 MB

MaxMetaspaceSize: unlimited
CompressedClassSpaceSize: 1.00 GB
Initial GC threshold: 21.00 MB
Current GC threshold: 58.69 MB
CDS: off
MetaspaceReclaimPolicy: balanced
 - commit_granule_bytes: 65536.
 - commit_granule_words: 8192.
 - virtual_space_node_default_size: 8388608.
 - enlarge_chunks_in_place: 1.
 - new_chunks_are_fully_committed: 0.
 - uncommit_free_chunks: 1.
 - use_allocation_guard: 0.
 - handle_deallocations: 1.


Internal statistics:

num_allocs_failed_limit: 6.
num_arena_births: 720.
num_arena_deaths: 0.
num_vsnodes_births: 2.
num_vsnodes_deaths: 0.
num_space_committed: 707.
num_space_uncommitted: 0.
num_chunks_returned_to_freelist: 6.
num_chunks_taken_from_freelist: 1835.
num_chunk_merges: 6.
num_chunk_splits: 1220.
num_chunks_enlarged: 800.
num_inconsistent_stats: 0.

CodeHeap 'non-profiled nmethods': size=120000Kb used=3619Kb max_used=3619Kb free=116380Kb
 bounds [0x000002af2db40000, 0x000002af2ded0000, 0x000002af35070000]
CodeHeap 'profiled nmethods': size=120000Kb used=10869Kb max_used=10869Kb free=109130Kb
 bounds [0x000002af26070000, 0x000002af26b10000, 0x000002af2d5a0000]
CodeHeap 'non-nmethods': size=5760Kb used=2320Kb max_used=2367Kb free=3439Kb
 bounds [0x000002af2d5a0000, 0x000002af2d810000, 0x000002af2db40000]
 total_blobs=6376 nmethods=5549 adapters=739
 compilation: enabled
              stopped_count=0, restarted_count=0
 full_count=0

Compilation events (20 events):
Event: 18.268 Thread 0x000002af3c2801c0 nmethod 6287 0x000002af26b01290 code [0x000002af26b01460, 0x000002af26b01948]
Event: 18.268 Thread 0x000002af3c2801c0 6289   !   3       org.codehaus.groovy.control.CompilationUnit$IPrimaryClassNodeOperation::doPhaseOperation (452 bytes)
Event: 18.271 Thread 0x000002af3c2801c0 nmethod 6289 0x000002af26b01b10 code [0x000002af26b022a0, 0x000002af26b079a8]
Event: 18.271 Thread 0x000002af3c2801c0 6292       3       org.codehaus.groovy.ast.ClassNode::getInterfaces (24 bytes)
Event: 18.271 Thread 0x000002af3c2801c0 nmethod 6292 0x000002af26b09410 code [0x000002af26b095c0, 0x000002af26b09838]
Event: 18.271 Thread 0x000002af3c2801c0 6290       3       org.codehaus.groovy.ast.tools.GenericsUtils::createGenericsSpec (116 bytes)
Event: 18.273 Thread 0x000002af3c2801c0 nmethod 6290 0x000002af26b09910 code [0x000002af26b09ba0, 0x000002af26b0aa68]
Event: 18.273 Thread 0x000002af3c2801c0 6288       3       java.util.stream.ReferencePipeline$7$1::begin (13 bytes)
Event: 18.273 Thread 0x000002af3c2801c0 nmethod 6288 0x000002af26b0af90 code [0x000002af26b0b140, 0x000002af26b0b308]
Event: 18.273 Thread 0x000002af3c2801c0 6291       1       org.codehaus.groovy.classgen.asm.WriterController::setLineNumber (6 bytes)
Event: 18.273 Thread 0x000002af3c2801c0 nmethod 6291 0x000002af2dec5610 code [0x000002af2dec57a0, 0x000002af2dec5878]
Event: 18.295 Thread 0x000002af3c2801c0 6293       3       java.lang.Thread::getContextClassLoader (32 bytes)
Event: 18.296 Thread 0x000002af3c2801c0 nmethod 6293 0x000002af26b0b410 code [0x000002af26b0b640, 0x000002af26b0bff8]
Event: 18.299 Thread 0x000002af3c2801c0 6294       3       org.apache.commons.lang.StringEscapeUtils::unescapeXml (14 bytes)
Event: 18.301 Thread 0x000002af3c2801c0 nmethod 6294 0x000002af26b0c310 code [0x000002af26b0c4c0, 0x000002af26b0c668]
Event: 18.301 Thread 0x000002af3c2801c0 6295       3       java.lang.String::indexOf (7 bytes)
Event: 18.301 Thread 0x000002af3c2801c0 nmethod 6295 0x000002af26b0c710 code [0x000002af26b0c8e0, 0x000002af26b0cbf8]
Event: 18.301 Thread 0x000002af3c2801c0 6296       3       java.lang.Boolean::parseBoolean (7 bytes)
Event: 18.301 Thread 0x000002af3c2801c0 nmethod 6296 0x000002af26b0cd10 code [0x000002af26b0cea0, 0x000002af26b0cfc8]
Event: 18.303 Thread 0x000002af42ca1390 6297       4       java.util.regex.Matcher::appendExpandedReplacement (510 bytes)

GC Heap History (20 events):
Event: 3.893 GC heap before
{Heap before GC invocations=5 (full 0):
 garbage-first heap   total 81920K, used 63974K [0x0000000080000000, 0x0000000100000000)
  region size 1024K, 48 young (49152K), 8 survivors (8192K)
 Metaspace       used 22121K, committed 22400K, reserved 1114112K
  class space    used 2309K, committed 2432K, reserved 1048576K
}
Event: 3.906 GC heap after
{Heap after GC invocations=6 (full 0):
 garbage-first heap   total 81920K, used 22357K [0x0000000080000000, 0x0000000100000000)
  region size 1024K, 2 young (2048K), 2 survivors (2048K)
 Metaspace       used 22121K, committed 22400K, reserved 1114112K
  class space    used 2309K, committed 2432K, reserved 1048576K
}
Event: 4.494 GC heap before
{Heap before GC invocations=6 (full 0):
 garbage-first heap   total 81920K, used 56149K [0x0000000080000000, 0x0000000100000000)
  region size 1024K, 35 young (35840K), 2 survivors (2048K)
 Metaspace       used 25356K, committed 25664K, reserved 1114112K
  class space    used 2639K, committed 2816K, reserved 1048576K
}
Event: 4.500 GC heap after
{Heap after GC invocations=7 (full 0):
 garbage-first heap   total 81920K, used 24293K [0x0000000080000000, 0x0000000100000000)
  region size 1024K, 4 young (4096K), 4 survivors (4096K)
 Metaspace       used 25356K, committed 25664K, reserved 1114112K
  class space    used 2639K, committed 2816K, reserved 1048576K
}
Event: 5.505 GC heap before
{Heap before GC invocations=7 (full 0):
 garbage-first heap   total 81920K, used 58085K [0x0000000080000000, 0x0000000100000000)
  region size 1024K, 37 young (37888K), 4 survivors (4096K)
 Metaspace       used 30612K, committed 30976K, reserved 1114112K
  class space    used 3268K, committed 3456K, reserved 1048576K
}
Event: 5.513 GC heap after
{Heap after GC invocations=8 (full 0):
 garbage-first heap   total 81920K, used 26881K [0x0000000080000000, 0x0000000100000000)
  region size 1024K, 5 young (5120K), 5 survivors (5120K)
 Metaspace       used 30612K, committed 30976K, reserved 1114112K
  class space    used 3268K, committed 3456K, reserved 1048576K
}
Event: 5.738 GC heap before
{Heap before GC invocations=8 (full 0):
 garbage-first heap   total 81920K, used 62721K [0x0000000080000000, 0x0000000100000000)
  region size 1024K, 38 young (38912K), 5 survivors (5120K)
 Metaspace       used 31824K, committed 32192K, reserved 1114112K
  class space    used 3346K, committed 3520K, reserved 1048576K
}
Event: 5.747 GC heap after
{Heap after GC invocations=9 (full 0):
 garbage-first heap   total 81920K, used 27233K [0x0000000080000000, 0x0000000100000000)
  region size 1024K, 3 young (3072K), 3 survivors (3072K)
 Metaspace       used 31824K, committed 32192K, reserved 1114112K
  class space    used 3346K, committed 3520K, reserved 1048576K
}
Event: 5.971 GC heap before
{Heap before GC invocations=9 (full 0):
 garbage-first heap   total 81920K, used 62049K [0x0000000080000000, 0x0000000100000000)
  region size 1024K, 37 young (37888K), 3 survivors (3072K)
 Metaspace       used 32039K, committed 32384K, reserved 1114112K
  class space    used 3368K, committed 3520K, reserved 1048576K
}
Event: 5.978 GC heap after
{Heap after GC invocations=10 (full 0):
 garbage-first heap   total 98304K, used 28165K [0x0000000080000000, 0x0000000100000000)
  region size 1024K, 2 young (2048K), 2 survivors (2048K)
 Metaspace       used 32039K, committed 32384K, reserved 1114112K
  class space    used 3368K, committed 3520K, reserved 1048576K
}
Event: 6.625 GC heap before
{Heap before GC invocations=10 (full 0):
 garbage-first heap   total 98304K, used 74245K [0x0000000080000000, 0x0000000100000000)
  region size 1024K, 47 young (48128K), 2 survivors (2048K)
 Metaspace       used 33987K, committed 34432K, reserved 1114112K
  class space    used 3587K, committed 3776K, reserved 1048576K
}
Event: 6.633 GC heap after
{Heap after GC invocations=11 (full 0):
 garbage-first heap   total 98304K, used 30906K [0x0000000080000000, 0x0000000100000000)
  region size 1024K, 4 young (4096K), 4 survivors (4096K)
 Metaspace       used 33987K, committed 34432K, reserved 1114112K
  class space    used 3587K, committed 3776K, reserved 1048576K
}
Event: 7.387 GC heap before
{Heap before GC invocations=11 (full 0):
 garbage-first heap   total 98304K, used 58554K [0x0000000080000000, 0x0000000100000000)
  region size 1024K, 32 young (32768K), 4 survivors (4096K)
 Metaspace       used 35514K, committed 35968K, reserved 1114112K
  class space    used 3762K, committed 3968K, reserved 1048576K
}
Event: 7.399 GC heap after
{Heap after GC invocations=12 (full 0):
 garbage-first heap   total 98304K, used 32852K [0x0000000080000000, 0x0000000100000000)
  region size 1024K, 2 young (2048K), 2 survivors (2048K)
 Metaspace       used 35514K, committed 35968K, reserved 1114112K
  class space    used 3762K, committed 3968K, reserved 1048576K
}
Event: 8.639 GC heap before
{Heap before GC invocations=13 (full 0):
 garbage-first heap   total 98304K, used 75860K [0x0000000080000000, 0x0000000100000000)
  region size 1024K, 45 young (46080K), 2 survivors (2048K)
 Metaspace       used 42163K, committed 42688K, reserved 1114112K
  class space    used 4679K, committed 4928K, reserved 1048576K
}
Event: 8.648 GC heap after
{Heap after GC invocations=14 (full 0):
 garbage-first heap   total 98304K, used 35465K [0x0000000080000000, 0x0000000100000000)
  region size 1024K, 5 young (5120K), 5 survivors (5120K)
 Metaspace       used 42163K, committed 42688K, reserved 1114112K
  class space    used 4679K, committed 4928K, reserved 1048576K
}
Event: 13.656 GC heap before
{Heap before GC invocations=14 (full 0):
 garbage-first heap   total 98304K, used 76425K [0x0000000080000000, 0x0000000100000000)
  region size 1024K, 45 young (46080K), 5 survivors (5120K)
 Metaspace       used 43747K, committed 44288K, reserved 1114112K
  class space    used 4853K, committed 5120K, reserved 1048576K
}
Event: 13.667 GC heap after
{Heap after GC invocations=15 (full 0):
 garbage-first heap   total 98304K, used 36488K [0x0000000080000000, 0x0000000100000000)
  region size 1024K, 4 young (4096K), 4 survivors (4096K)
 Metaspace       used 43747K, committed 44288K, reserved 1114112K
  class space    used 4853K, committed 5120K, reserved 1048576K
}
Event: 16.453 GC heap before
{Heap before GC invocations=15 (full 0):
 garbage-first heap   total 98304K, used 78472K [0x0000000080000000, 0x0000000100000000)
  region size 1024K, 45 young (46080K), 4 survivors (4096K)
 Metaspace       used 44305K, committed 44864K, reserved 1114112K
  class space    used 4892K, committed 5184K, reserved 1048576K
}
Event: 16.462 GC heap after
{Heap after GC invocations=16 (full 0):
 garbage-first heap   total 98304K, used 37330K [0x0000000080000000, 0x0000000100000000)
  region size 1024K, 2 young (2048K), 2 survivors (2048K)
 Metaspace       used 44305K, committed 44864K, reserved 1114112K
  class space    used 4892K, committed 5184K, reserved 1048576K
}

Dll operation events (7 events):
Event: 0.012 Loaded shared library C:\Users\LENOVO\.katalon\packages\Katalon_Studio_Windows_64-9.3.0\Katalon_Studio_Windows_64-9.3.0\jre\bin\java.dll
Event: 0.216 Loaded shared library C:\Users\LENOVO\.katalon\packages\Katalon_Studio_Windows_64-9.3.0\Katalon_Studio_Windows_64-9.3.0\jre\bin\net.dll
Event: 0.218 Loaded shared library C:\Users\LENOVO\.katalon\packages\Katalon_Studio_Windows_64-9.3.0\Katalon_Studio_Windows_64-9.3.0\jre\bin\nio.dll
Event: 0.226 Loaded shared library C:\Users\LENOVO\.katalon\packages\Katalon_Studio_Windows_64-9.3.0\Katalon_Studio_Windows_64-9.3.0\jre\bin\zip.dll
Event: 0.961 Loaded shared library C:\Users\LENOVO\.katalon\packages\Katalon_Studio_Windows_64-9.3.0\Katalon_Studio_Windows_64-9.3.0\jre\bin\verify.dll
Event: 1.437 Loaded shared library C:\Users\LENOVO\.katalon\packages\Katalon_Studio_Windows_64-9.3.0\Katalon_Studio_Windows_64-9.3.0\jre\bin\jimage.dll
Event: 8.112 Loaded shared library C:\Users\LENOVO\.katalon\packages\Katalon_Studio_Windows_64-9.3.0\Katalon_Studio_Windows_64-9.3.0\jre\bin\sunmscapi.dll

Deoptimization events (20 events):
Event: 17.020 Thread 0x000002af229f9f30 Uncommon trap: trap_request=0xffffff45 fr.pc=0x000002af2db6d88c relative=0x000000000000054c
Event: 17.020 Thread 0x000002af229f9f30 Uncommon trap: reason=unstable_if action=reinterpret pc=0x000002af2db6d88c method=java.lang.AbstractStringBuilder.putStringAt(ILjava/lang/String;II)V @ 8 c2
Event: 17.020 Thread 0x000002af229f9f30 DEOPT PACKING pc=0x000002af2db6d88c sp=0x000000be3c2fa4f0
Event: 17.020 Thread 0x000002af229f9f30 DEOPT UNPACKING pc=0x000002af2d5fa1a3 sp=0x000000be3c2fa378 mode 2
Event: 17.848 Thread 0x000002af229f9f30 Uncommon trap: trap_request=0xffffff45 fr.pc=0x000002af2de86d78 relative=0x0000000000000538
Event: 17.848 Thread 0x000002af229f9f30 Uncommon trap: reason=unstable_if action=reinterpret pc=0x000002af2de86d78 method=java.lang.String.getBytes([BIIBI)V @ 6 c2
Event: 17.848 Thread 0x000002af229f9f30 DEOPT PACKING pc=0x000002af2de86d78 sp=0x000000be3c2f8b50
Event: 17.848 Thread 0x000002af229f9f30 DEOPT UNPACKING pc=0x000002af2d5fa1a3 sp=0x000000be3c2f88d8 mode 2
Event: 18.013 Thread 0x000002af229f9f30 Uncommon trap: trap_request=0xffffffbe fr.pc=0x000002af2de2438c relative=0x000000000000512c
Event: 18.013 Thread 0x000002af229f9f30 Uncommon trap: reason=profile_predicate action=maybe_recompile pc=0x000002af2de2438c method=groovyjarjarantlr4.v4.runtime.atn.PredictionContext.getCachedContext(Lgroovyjarjarantlr4/v4/runtime/atn/PredictionContext;Ljava/util/concurrent/ConcurrentMap;Lgroo
Event: 18.013 Thread 0x000002af229f9f30 DEOPT PACKING pc=0x000002af2de2438c sp=0x000000be3c2fa370
Event: 18.013 Thread 0x000002af229f9f30 DEOPT UNPACKING pc=0x000002af2d5fa1a3 sp=0x000000be3c2fa350 mode 2
Event: 18.013 Thread 0x000002af229f9f30 Uncommon trap: trap_request=0xffffffbe fr.pc=0x000002af2de2438c relative=0x000000000000512c
Event: 18.013 Thread 0x000002af229f9f30 Uncommon trap: reason=profile_predicate action=maybe_recompile pc=0x000002af2de2438c method=groovyjarjarantlr4.v4.runtime.atn.PredictionContext.getCachedContext(Lgroovyjarjarantlr4/v4/runtime/atn/PredictionContext;Ljava/util/concurrent/ConcurrentMap;Lgroo
Event: 18.013 Thread 0x000002af229f9f30 DEOPT PACKING pc=0x000002af2de2438c sp=0x000000be3c2fa370
Event: 18.013 Thread 0x000002af229f9f30 DEOPT UNPACKING pc=0x000002af2d5fa1a3 sp=0x000000be3c2fa350 mode 2
Event: 18.013 Thread 0x000002af229f9f30 Uncommon trap: trap_request=0xffffffbe fr.pc=0x000002af2de2438c relative=0x000000000000512c
Event: 18.013 Thread 0x000002af229f9f30 Uncommon trap: reason=profile_predicate action=maybe_recompile pc=0x000002af2de2438c method=groovyjarjarantlr4.v4.runtime.atn.PredictionContext.getCachedContext(Lgroovyjarjarantlr4/v4/runtime/atn/PredictionContext;Ljava/util/concurrent/ConcurrentMap;Lgroo
Event: 18.013 Thread 0x000002af229f9f30 DEOPT PACKING pc=0x000002af2de2438c sp=0x000000be3c2fa1d0
Event: 18.014 Thread 0x000002af229f9f30 DEOPT UNPACKING pc=0x000002af2d5fa1a3 sp=0x000000be3c2fa1b0 mode 2

Classes unloaded (0 events):
No events

Classes redefined (0 events):
No events

Internal exceptions (20 events):
Event: 17.922 Thread 0x000002af229f9f30 Exception <a 'java/lang/NoSuchMethodError'{0x000000008527d588}: 'java.lang.Object java.lang.invoke.DirectMethodHandle$Holder.invokeStaticInit(java.lang.Object, int)'> (0x000000008527d588) 
thrown [s\src\hotspot\share\interpreter\linkResolver.cpp, line 759]
Event: 17.923 Thread 0x000002af229f9f30 Exception <a 'java/lang/NoSuchMethodError'{0x0000000085288180}: 'java.lang.Object java.lang.invoke.DirectMethodHandle$Holder.invokeSpecial(java.lang.Object, java.lang.Object, java.lang.Object, java.lang.Object, int)'> (0x0000000085288180) 
thrown [s\src\hotspot\share\interpreter\linkResolver.cpp, line 759]
Event: 17.927 Thread 0x000002af229f9f30 Exception <a 'java/io/IOException'{0x00000000852c0178}> (0x00000000852c0178) 
thrown [s\src\hotspot\share\prims\jni.cpp, line 516]
Event: 17.927 Thread 0x000002af229f9f30 Exception <a 'java/io/IOException'{0x00000000852c0740}> (0x00000000852c0740) 
thrown [s\src\hotspot\share\prims\jni.cpp, line 516]
Event: 17.928 Thread 0x000002af229f9f30 Exception <a 'java/io/IOException'{0x00000000852c59d0}> (0x00000000852c59d0) 
thrown [s\src\hotspot\share\prims\jni.cpp, line 516]
Event: 17.928 Thread 0x000002af229f9f30 Exception <a 'java/io/IOException'{0x00000000852c5f98}> (0x00000000852c5f98) 
thrown [s\src\hotspot\share\prims\jni.cpp, line 516]
Event: 18.002 Thread 0x000002af229f9f30 Exception <a 'java/io/IOException'{0x000000008514b5d8}> (0x000000008514b5d8) 
thrown [s\src\hotspot\share\prims\jni.cpp, line 516]
Event: 18.002 Thread 0x000002af229f9f30 Exception <a 'java/io/IOException'{0x000000008514bba0}> (0x000000008514bba0) 
thrown [s\src\hotspot\share\prims\jni.cpp, line 516]
Event: 18.047 Thread 0x000002af229f9f30 Exception <a 'java/io/IOException'{0x0000000084e4c1a0}> (0x0000000084e4c1a0) 
thrown [s\src\hotspot\share\prims\jni.cpp, line 516]
Event: 18.049 Thread 0x000002af229f9f30 Exception <a 'java/io/IOException'{0x0000000084e503c0}> (0x0000000084e503c0) 
thrown [s\src\hotspot\share\prims\jni.cpp, line 516]
Event: 18.050 Thread 0x000002af229f9f30 Exception <a 'java/io/IOException'{0x0000000084e50c30}> (0x0000000084e50c30) 
thrown [s\src\hotspot\share\prims\jni.cpp, line 516]
Event: 18.051 Thread 0x000002af229f9f30 Exception <a 'java/io/IOException'{0x0000000084e54e88}> (0x0000000084e54e88) 
thrown [s\src\hotspot\share\prims\jni.cpp, line 516]
Event: 18.051 Thread 0x000002af229f9f30 Exception <a 'java/io/IOException'{0x0000000084e556f8}> (0x0000000084e556f8) 
thrown [s\src\hotspot\share\prims\jni.cpp, line 516]
Event: 18.052 Thread 0x000002af229f9f30 Exception <a 'java/io/IOException'{0x0000000084e59680}> (0x0000000084e59680) 
thrown [s\src\hotspot\share\prims\jni.cpp, line 516]
Event: 18.236 Thread 0x000002af229f9f30 Exception <a 'java/lang/ClassNotFoundException'{0x000000008426a658}: Script1708840349497BeanInfo> (0x000000008426a658) 
thrown [s\src\hotspot\share\classfile\systemDictionary.cpp, line 256]
Event: 18.239 Thread 0x000002af229f9f30 Exception <a 'java/lang/ClassNotFoundException'{0x00000000842a55a0}: Script1708840349497Customizer> (0x00000000842a55a0) 
thrown [s\src\hotspot\share\classfile\systemDictionary.cpp, line 256]
Event: 18.242 Thread 0x000002af229f9f30 Exception <a 'java/io/IOException'{0x00000000842b9f78}> (0x00000000842b9f78) 
thrown [s\src\hotspot\share\prims\jni.cpp, line 516]
Event: 18.242 Thread 0x000002af229f9f30 Exception <a 'java/io/IOException'{0x00000000842ba7e8}> (0x00000000842ba7e8) 
thrown [s\src\hotspot\share\prims\jni.cpp, line 516]
Event: 18.283 Thread 0x000002af229f9f30 Exception <a 'java/lang/ClassNotFoundException'{0x0000000083f108b8}: Script1BeanInfo> (0x0000000083f108b8) 
thrown [s\src\hotspot\share\classfile\systemDictionary.cpp, line 256]
Event: 18.299 Thread 0x000002af229f9f30 Exception <a 'java/lang/ClassNotFoundException'{0x0000000083f3f860}: Script1Customizer> (0x0000000083f3f860) 
thrown [s\src\hotspot\share\classfile\systemDictionary.cpp, line 256]

VM Operations (20 events):
Event: 11.557 Executing VM operation: Cleanup
Event: 11.557 Executing VM operation: Cleanup done
Event: 13.223 Executing VM operation: HandshakeAllThreads
Event: 13.224 Executing VM operation: HandshakeAllThreads done
Event: 13.224 Executing VM operation: Cleanup
Event: 13.224 Executing VM operation: Cleanup done
Event: 13.578 Executing VM operation: HandshakeAllThreads
Event: 13.578 Executing VM operation: HandshakeAllThreads done
Event: 13.656 Executing VM operation: G1CollectForAllocation
Event: 13.667 Executing VM operation: G1CollectForAllocation done
Event: 14.671 Executing VM operation: Cleanup
Event: 14.671 Executing VM operation: Cleanup done
Event: 15.673 Executing VM operation: Cleanup
Event: 15.673 Executing VM operation: Cleanup done
Event: 16.453 Executing VM operation: G1CollectForAllocation
Event: 16.462 Executing VM operation: G1CollectForAllocation done
Event: 16.475 Executing VM operation: HandshakeAllThreads
Event: 16.475 Executing VM operation: HandshakeAllThreads done
Event: 17.482 Executing VM operation: Cleanup
Event: 17.482 Executing VM operation: Cleanup done

Events (20 events):
Event: 13.191 loading class java/lang/Product done
Event: 13.193 loading class java/util/Product
Event: 13.193 loading class java/util/Product done
Event: 13.194 loading class java/io/Product
Event: 13.194 loading class java/io/Product done
Event: 13.195 loading class java/net/Product
Event: 13.195 loading class java/net/Product done
Event: 13.414 Thread 0x000002af429a5460 Thread exited: 0x000002af429a5460
Event: 14.091 loading class java/lang/Throwable$WrappedPrintStream
Event: 14.091 loading class java/lang/Throwable$WrappedPrintStream done
Event: 14.921 Thread 0x000002af42ca0970 Thread exited: 0x000002af42ca0970
Event: 15.291 Thread 0x000002af42ca0970 Thread added: 0x000002af42ca0970
Event: 15.313 loading class java/lang/StringUTF16$CodePointsSpliterator
Event: 15.313 loading class java/lang/StringUTF16$CodePointsSpliterator done
Event: 15.406 Thread 0x000002af42ca0970 Thread exited: 0x000002af42ca0970
Event: 16.340 Thread 0x000002af42ca0970 Thread added: 0x000002af42ca0970
Event: 16.480 Thread 0x000002af3c2826e0 flushing nmethod 0x000002af264f4e90
Event: 16.480 Thread 0x000002af3c2826e0 flushing nmethod 0x000002af264f6690
Event: 16.602 Thread 0x000002af42ca0970 Thread exited: 0x000002af42ca0970
Event: 18.019 Thread 0x000002af42ca1390 Thread added: 0x000002af42ca1390


Dynamic libraries:
0x00007ff6f5f80000 - 0x00007ff6f5f8e000 	C:\Users\LENOVO\.katalon\packages\Katalon_Studio_Windows_64-9.3.0\Katalon_Studio_Windows_64-9.3.0\jre\bin\javaw.exe
0x00007ff94e870000 - 0x00007ff94ea84000 	C:\Windows\SYSTEM32\ntdll.dll
0x00007ff94e5a0000 - 0x00007ff94e662000 	C:\Windows\System32\KERNEL32.DLL
0x00007ff94c040000 - 0x00007ff94c3e3000 	C:\Windows\System32\KERNELBASE.dll
0x00007ff94c420000 - 0x00007ff94c531000 	C:\Windows\System32\ucrtbase.dll
0x00007ff93c6d0000 - 0x00007ff93c6e9000 	C:\Users\LENOVO\.katalon\packages\Katalon_Studio_Windows_64-9.3.0\Katalon_Studio_Windows_64-9.3.0\jre\bin\VCRUNTIME140.dll
0x00007ff946040000 - 0x00007ff946057000 	C:\Users\LENOVO\.katalon\packages\Katalon_Studio_Windows_64-9.3.0\Katalon_Studio_Windows_64-9.3.0\jre\bin\jli.dll
0x00007ff94ca40000 - 0x00007ff94cbea000 	C:\Windows\System32\USER32.dll
0x00007ff9314a0000 - 0x00007ff93172e000 	C:\Windows\WinSxS\amd64_microsoft.windows.common-controls_6595b64144ccf1df_6.0.22621.1635_none_270f70857386168e\COMCTL32.dll
0x00007ff94c3f0000 - 0x00007ff94c416000 	C:\Windows\System32\win32u.dll
0x00007ff94cec0000 - 0x00007ff94cf67000 	C:\Windows\System32\msvcrt.dll
0x00007ff94e670000 - 0x00007ff94e699000 	C:\Windows\System32\GDI32.dll
0x00007ff94bf20000 - 0x00007ff94c039000 	C:\Windows\System32\gdi32full.dll
0x00007ff94c540000 - 0x00007ff94c5da000 	C:\Windows\System32\msvcp_win.dll
0x00007ff94cfd0000 - 0x00007ff94d001000 	C:\Windows\System32\IMM32.DLL
0x00007ff93d2e0000 - 0x00007ff93d2ec000 	C:\Users\LENOVO\.katalon\packages\Katalon_Studio_Windows_64-9.3.0\Katalon_Studio_Windows_64-9.3.0\jre\bin\vcruntime140_1.dll
0x00007ff907ac0000 - 0x00007ff907b51000 	C:\Users\LENOVO\.katalon\packages\Katalon_Studio_Windows_64-9.3.0\Katalon_Studio_Windows_64-9.3.0\jre\bin\msvcp140.dll
0x00007ff8c7770000 - 0x00007ff8c83b8000 	C:\Users\LENOVO\.katalon\packages\Katalon_Studio_Windows_64-9.3.0\Katalon_Studio_Windows_64-9.3.0\jre\bin\server\jvm.dll
0x00007ff94d830000 - 0x00007ff94d8de000 	C:\Windows\System32\ADVAPI32.dll
0x00007ff94dec0000 - 0x00007ff94df64000 	C:\Windows\System32\sechost.dll
0x00007ff94e6a0000 - 0x00007ff94e7b7000 	C:\Windows\System32\RPCRT4.dll
0x00007ff942590000 - 0x00007ff9425c4000 	C:\Windows\SYSTEM32\WINMM.dll
0x00007ff9404d0000 - 0x00007ff9404da000 	C:\Windows\SYSTEM32\VERSION.dll
0x00007ff946a50000 - 0x00007ff946a59000 	C:\Windows\SYSTEM32\WSOCK32.dll
0x00007ff94ce40000 - 0x00007ff94ceb1000 	C:\Windows\System32\WS2_32.dll
0x00007ff94ac90000 - 0x00007ff94aca8000 	C:\Windows\SYSTEM32\kernel.appcore.dll
0x00007ff946060000 - 0x00007ff94606a000 	C:\Users\LENOVO\.katalon\packages\Katalon_Studio_Windows_64-9.3.0\Katalon_Studio_Windows_64-9.3.0\jre\bin\jimage.dll
0x00007ff949520000 - 0x00007ff94974e000 	C:\Windows\SYSTEM32\DBGHELP.DLL
0x00007ff94db30000 - 0x00007ff94deb9000 	C:\Windows\System32\combase.dll
0x00007ff94e460000 - 0x00007ff94e537000 	C:\Windows\System32\OLEAUT32.dll
0x00007ff931460000 - 0x00007ff931492000 	C:\Windows\SYSTEM32\dbgcore.DLL
0x00007ff94bc70000 - 0x00007ff94bcea000 	C:\Windows\System32\bcryptPrimitives.dll
0x00007ff90fe80000 - 0x00007ff90fea5000 	C:\Users\LENOVO\.katalon\packages\Katalon_Studio_Windows_64-9.3.0\Katalon_Studio_Windows_64-9.3.0\jre\bin\java.dll
0x00007ff90ef80000 - 0x00007ff90ef98000 	C:\Users\LENOVO\.katalon\packages\Katalon_Studio_Windows_64-9.3.0\Katalon_Studio_Windows_64-9.3.0\jre\bin\zip.dll
0x00007ff94d030000 - 0x00007ff94d829000 	C:\Windows\System32\SHELL32.dll
0x00007ff949c10000 - 0x00007ff94a4de000 	C:\Windows\SYSTEM32\windows.storage.dll
0x00007ff949ad0000 - 0x00007ff949c0e000 	C:\Windows\SYSTEM32\wintypes.dll
0x00007ff94c650000 - 0x00007ff94c741000 	C:\Windows\System32\SHCORE.dll
0x00007ff94e540000 - 0x00007ff94e59e000 	C:\Windows\System32\shlwapi.dll
0x00007ff94bba0000 - 0x00007ff94bbc6000 	C:\Windows\SYSTEM32\profapi.dll
0x00007ff904d30000 - 0x00007ff904d49000 	C:\Users\LENOVO\.katalon\packages\Katalon_Studio_Windows_64-9.3.0\Katalon_Studio_Windows_64-9.3.0\jre\bin\net.dll
0x00007ff943c80000 - 0x00007ff943db7000 	C:\Windows\SYSTEM32\WINHTTP.dll
0x00007ff94b130000 - 0x00007ff94b199000 	C:\Windows\system32\mswsock.dll
0x00007ff903440000 - 0x00007ff903455000 	C:\Users\LENOVO\.katalon\packages\Katalon_Studio_Windows_64-9.3.0\Katalon_Studio_Windows_64-9.3.0\jre\bin\nio.dll
0x00007ff943ea0000 - 0x00007ff943eb0000 	C:\Users\LENOVO\.katalon\packages\Katalon_Studio_Windows_64-9.3.0\Katalon_Studio_Windows_64-9.3.0\jre\bin\verify.dll
0x00007ff94a800000 - 0x00007ff94a8f3000 	C:\Windows\SYSTEM32\DNSAPI.dll
0x00007ff94a780000 - 0x00007ff94a7ad000 	C:\Windows\SYSTEM32\IPHLPAPI.DLL
0x00007ff94d010000 - 0x00007ff94d019000 	C:\Windows\System32\NSI.dll
0x00007ff93eea0000 - 0x00007ff93eeaa000 	C:\Windows\System32\rasadhlp.dll
0x00007ff942260000 - 0x00007ff9422e4000 	C:\Windows\System32\fwpuclnt.dll
0x00007ff943280000 - 0x00007ff94328e000 	C:\Users\LENOVO\.katalon\packages\Katalon_Studio_Windows_64-9.3.0\Katalon_Studio_Windows_64-9.3.0\jre\bin\sunmscapi.dll
0x00007ff94bcf0000 - 0x00007ff94be57000 	C:\Windows\System32\CRYPT32.dll
0x00007ff94b590000 - 0x00007ff94b5be000 	C:\Windows\SYSTEM32\ncrypt.dll
0x00007ff94b4e0000 - 0x00007ff94b517000 	C:\Windows\SYSTEM32\NTASN1.dll
0x00007ff94b390000 - 0x00007ff94b3ab000 	C:\Windows\SYSTEM32\CRYPTSP.dll
0x00007ff94ac00000 - 0x00007ff94ac35000 	C:\Windows\system32\rsaenh.dll
0x00007ff94b230000 - 0x00007ff94b25c000 	C:\Windows\SYSTEM32\USERENV.dll
0x00007ff94b5c0000 - 0x00007ff94b5e8000 	C:\Windows\SYSTEM32\bcrypt.dll
0x00007ff94b3b0000 - 0x00007ff94b3bc000 	C:\Windows\SYSTEM32\CRYPTBASE.dll
0x00007ff944d80000 - 0x00007ff944d99000 	C:\Windows\SYSTEM32\dhcpcsvc6.DLL
0x00007ff943c60000 - 0x00007ff943c7f000 	C:\Windows\SYSTEM32\dhcpcsvc.DLL

dbghelp: loaded successfully - version: 4.0.5 - missing functions: none
symbol engine: initialized successfully - sym options: 0x614 - pdb path: .;C:\Users\LENOVO\.katalon\packages\Katalon_Studio_Windows_64-9.3.0\Katalon_Studio_Windows_64-9.3.0\jre\bin;C:\Windows\SYSTEM32;C:\Windows\WinSxS\amd64_microsoft.windows.common-controls_6595b64144ccf1df_6.0.22621.1635_none_270f70857386168e;C:\Users\LENOVO\.katalon\packages\Katalon_Studio_Windows_64-9.3.0\Katalon_Studio_Windows_64-9.3.0\jre\bin\server

VM Arguments:
jvm_args: -Dgroovy.home=C:\Users\LENOVO/.groovy -Djava.system.class.loader=groovy.lang.GroovyClassLoader -Xmx2048m -Dfile.encoding=UTF-8 -XX:+ShowCodeDetailsInExceptionMessages 
java_command: org.codehaus.groovy.tools.GroovyStarter --classpath D:\Kelompok_3\Project WEB\Kelompok_3\bin\keyword;D:\Kelompok_3\Project WEB\Kelompok_3\Keywords;D:\Kelompok_3\Project WEB\Kelompok_3\bin\listener;D:\Kelompok_3\Project WEB\Kelompok_3\Test Listeners;D:\Kelompok_3\Project WEB\Kelompok_3\bin\lib;D:\Kelompok_3\Project WEB\Kelompok_3\Libs;D:\Kelompok_3\Project WEB\Kelompok_3\bin\groovy;D:\Kelompok_3\Project WEB\Kelompok_3\Include\scripts\groovy;C:\Users\LENOVO\.katalon\packages\Katalon_Studio_Windows_64-9.3.0\Katalon_Studio_Windows_64-9.3.0\plugins\com.kms.katalon.core_1.0.0.202401301518.jar;C:\Users\LENOVO\.katalon\packages\Katalon_Studio_Windows_64-9.3.0\Katalon_Studio_Windows_64-9.3.0\configuration\resources\lib\aalto-xml-1.0.0.jar;C:\Users\LENOVO\.katalon\packages\Katalon_Studio_Windows_64-9.3.0\Katalon_Studio_Windows_64-9.3.0\configuration\resources\lib\aspectjweaver-1.9.1.jar;C:\Users\LENOVO\.katalon\packages\Katalon_Studio_Windows_64-9.3.0\Katalon_Studio_Windows_64-9.3.0\configuration\resources\lib\bcpkix-jdk15on-1.64.jar;C:\Users\LENOVO\.katalon\packages\Katalon_Studio_Windows_64-9.3.0\Katalon_Studio_Windows_64-9.3.0\configuration\resources\lib\bcprov-jdk15on-1.64.jar;C:\Users\LENOVO\.katalon\packages\Katalon_Studio_Windows_64-9.3.0\Katalon_Studio_Windows_64-9.3.0\configuration\resources\lib\browsermob-core-2.1.5.jar;C:\Users\LENOVO\.katalon\packages\Katalon_Studio_Windows_64-9.3.0\Katalon_Studio_Windows_64-9.3.0\configuration\resources\lib\cglib-3.2.10.jar;C:\Users\LENOVO\.katalon\packages\Katalon_Studio_Windows_64-9.3.0\Katalon_Studio_Windows_64-9.3.0\configuration\resources\lib\commons-codec-1.10.jar;C:\Users\LENOVO\.katalon\packages\Katalon_Studio_Windows_64-9.3.0\Katalon_Studio_Windows_64-9.3.0\configuration\resources\lib\commons-collections4-4.1.jar;C:\Users\LENOVO\.katalon\packages\Katalon_Studio_Windows_64-9.3.0\Katalon_Studio_Windows_64-9.3.0\configuration\resources\lib\commons-validator-1.6.jar;C:\Users\LENOVO\.katalon\packages\Katalon_S
java_class_path (initial): D:\Kelompok_3\Project WEB\Kelompok_3\bin\keyword;D:\Kelompok_3\Project WEB\Kelompok_3\bin\listener;D:\Kelompok_3\Project WEB\Kelompok_3\bin\lib;D:\Kelompok_3\Project WEB\Kelompok_3\bin\groovy;D:\Kelompok_3\Project WEB\Kelompok_3\bin;C:\Users\LENOVO\.katalon\packages\Katalon_Studio_Windows_64-9.3.0\Katalon_Studio_Windows_64-9.3.0\plugins\com.kms.katalon.core_1.0.0.202401301518.jar;C:\Users\LENOVO\.katalon\packages\Katalon_Studio_Windows_64-9.3.0\Katalon_Studio_Windows_64-9.3.0\configuration\resources\lib\aalto-xml-1.0.0.jar;C:\Users\LENOVO\.katalon\packages\Katalon_Studio_Windows_64-9.3.0\Katalon_Studio_Windows_64-9.3.0\configuration\resources\lib\aspectjweaver-1.9.1.jar;C:\Users\LENOVO\.katalon\packages\Katalon_Studio_Windows_64-9.3.0\Katalon_Studio_Windows_64-9.3.0\configuration\resources\lib\bcpkix-jdk15on-1.64.jar;C:\Users\LENOVO\.katalon\packages\Katalon_Studio_Windows_64-9.3.0\Katalon_Studio_Windows_64-9.3.0\configuration\resources\lib\bcprov-jdk15on-1.64.jar;C:\Users\LENOVO\.katalon\packages\Katalon_Studio_Windows_64-9.3.0\Katalon_Studio_Windows_64-9.3.0\configuration\resources\lib\browsermob-core-2.1.5.jar;C:\Users\LENOVO\.katalon\packages\Katalon_Studio_Windows_64-9.3.0\Katalon_Studio_Windows_64-9.3.0\configuration\resources\lib\cglib-3.2.10.jar;C:\Users\LENOVO\.katalon\packages\Katalon_Studio_Windows_64-9.3.0\Katalon_Studio_Windows_64-9.3.0\configuration\resources\lib\commons-codec-1.10.jar;C:\Users\LENOVO\.katalon\packages\Katalon_Studio_Windows_64-9.3.0\Katalon_Studio_Windows_64-9.3.0\configuration\resources\lib\commons-collections4-4.1.jar;C:\Users\LENOVO\.katalon\packages\Katalon_Studio_Windows_64-9.3.0\Katalon_Studio_Windows_64-9.3.0\configuration\resources\lib\commons-validator-1.6.jar;C:\Users\LENOVO\.katalon\packages\Katalon_Studio_Windows_64-9.3.0\Katalon_Studio_Windows_64-9.3.0\configuration\resources\lib\curvesapi-1.04.jar;C:\Users\LENOVO\.katalon\packages\Katalon_Studio_Windows_64-9.3.0\Katalon_Studio_Windows_64-9.3.
Launcher Type: SUN_STANDARD

[Global flags]
     intx CICompilerCount                          = 3                                         {product} {ergonomic}
     uint ConcGCThreads                            = 1                                         {product} {ergonomic}
     uint G1ConcRefinementThreads                  = 4                                         {product} {ergonomic}
   size_t G1HeapRegionSize                         = 1048576                                   {product} {ergonomic}
    uintx GCDrainStackTargetSize                   = 64                                        {product} {ergonomic}
   size_t InitialHeapSize                          = 132120576                                 {product} {ergonomic}
   size_t MarkStackSize                            = 4194304                                   {product} {ergonomic}
   size_t MaxHeapSize                              = 2147483648                                {product} {command line}
   size_t MaxNewSize                               = 1287651328                                {product} {ergonomic}
   size_t MinHeapDeltaBytes                        = 1048576                                   {product} {ergonomic}
   size_t MinHeapSize                              = 8388608                                   {product} {ergonomic}
    uintx NonNMethodCodeHeapSize                   = 5832780                                {pd product} {ergonomic}
    uintx NonProfiledCodeHeapSize                  = 122912730                              {pd product} {ergonomic}
    uintx ProfiledCodeHeapSize                     = 122912730                              {pd product} {ergonomic}
    uintx ReservedCodeCacheSize                    = 251658240                              {pd product} {ergonomic}
     bool SegmentedCodeCache                       = true                                      {product} {ergonomic}
     bool ShowCodeDetailsInExceptionMessages       = true                                   {manageable} {command line}
   size_t SoftMaxHeapSize                          = 2147483648                             {manageable} {ergonomic}
     bool UseCompressedClassPointers               = true                           {product lp64_product} {ergonomic}
     bool UseCompressedOops                        = true                           {product lp64_product} {ergonomic}
     bool UseG1GC                                  = true                                      {product} {ergonomic}
     bool UseLargePagesIndividualAllocation        = false                                  {pd product} {ergonomic}

Logging:
Log output configuration:
 #0: stdout all=warning uptime,level,tags
 #1: stderr all=off uptime,level,tags

Environment Variables:
JAVA_HOME=C:\Program Files\Java\jdk-21
PATH=C:/Users/LENOVO/.katalon/packages/Katalon_Studio_Windows_64-9.3.0/Katalon_Studio_Windows_64-9.3.0/jre/bin/server;C:/Users/LENOVO/.katalon/packages/Katalon_Studio_Windows_64-9.3.0/Katalon_Studio_Windows_64-9.3.0/jre/bin;C:\Program Files\Common Files\Oracle\Java\javapath;C:\Python312\Scripts\;C:\Python312\;C:\Windows\system32;C:\Windows;C:\Windows\System32\Wbem;C:\Windows\System32\WindowsPowerShell\v1.0\;C:\Windows\System32\OpenSSH\;C:\ProgramData\chocolatey\bin;D:\app\Git\cmd;C:\Program Files\nodejs\;C:\Users\LENOVO\AppData\Local\Microsoft\WindowsApps;D:\app\Microsoft VS Code\bin;C:\Users\LENOVO\AppData\Roaming\npm;C:\Users\LENOVO\AppData\Local\Android\Sdk\platform-tools;C:\Users\LENOVO\AppData\Local\Android\Sdk\platform-tools;C:\Users\LENOVO\AppData\Local\GitHubDesktop\bin;C:\Users\LENOVO\.katalon\packages\Katalon_Studio_Windows_64-9.3.0\Katalon_Studio_Windows_64-9.3.0;
USERNAME=LENOVO
OS=Windows_NT
PROCESSOR_IDENTIFIER=Intel64 Family 6 Model 140 Stepping 2, GenuineIntel
TMP=C:\Users\LENOVO\AppData\Local\Temp
TEMP=C:\Users\LENOVO\AppData\Local\Temp



---------------  S Y S T E M  ---------------

OS:
 Windows 11 , 64 bit Build 22621 (10.0.22621.1928)
OS uptime: 2 days 3:13 hours
Hyper-V role detected

CPU: total 4 (initial active 4) (2 cores per cpu, 2 threads per core) family 6 model 140 stepping 2 microcode 0x26, cx8, cmov, fxsr, ht, mmx, 3dnowpref, sse, sse2, sse3, ssse3, sse4.1, sse4.2, popcnt, lzcnt, tsc, tscinvbit, avx, avx2, aes, erms, clmul, bmi1, bmi2, adx, avx512f, avx512dq, avx512cd, avx512bw, avx512vl, sha, fma, vzeroupper, avx512_vpopcntdq, avx512_vpclmulqdq, avx512_vaes, avx512_vnni, clflush, clflushopt, clwb, avx512_vbmi2, avx512_vbmi, hv

Memory: 4k page, system-wide physical 7975M (425M free)
TotalPageFile size 12678M (AvailPageFile size 5M)
current process WorkingSet (physical memory assigned to process): 237M, peak: 257M
current process commit charge ("private bytes"): 261M, peak: 282M

vm_info: OpenJDK 64-Bit Server VM (17.0.7+7) for windows-amd64 JRE (17.0.7+7), built on Apr 18 2023 22:10:42 by "temurin" with MS VC++ 16.7 (VS2019)

END.
