#
# There is insufficient memory for the Java Runtime Environment to continue.
# Native memory allocation (malloc) failed to allocate 130784 bytes for Chunk::new
# Possible reasons:
#   The system is out of physical RAM or swap space
#   The process is running with CompressedOops enabled, and the Java Heap may be blocking the growth of the native heap
# Possible solutions:
#   Reduce memory load on the system
#   Increase physical memory or swap space
#   Check if swap backing store is full
#   Decrease Java heap size (-Xmx/-Xms)
#   Decrease number of Java threads
#   Decrease Java thread stack sizes (-Xss)
#   Set larger code cache with -XX:ReservedCodeCacheSize=
#   JVM is running with Unscaled Compressed Oops mode in which the Java heap is
#     placed in the first 4GB address space. The Java Heap base address is the
#     maximum limit for the native heap growth. Please use -XX:HeapBaseMinAddress
#     to set the Java Heap base and to place the Java Heap above 4GB virtual address.
# This output file may be truncated or incomplete.
#
#  Out of Memory Error (arena.cpp:189), pid=1788, tid=9828
#
# JRE version: OpenJDK Runtime Environment Temurin-17.0.7+7 (17.0.7+7) (build 17.0.7+7)
# Java VM: OpenJDK 64-Bit Server VM Temurin-17.0.7+7 (17.0.7+7, mixed mode, tiered, compressed oops, compressed class ptrs, g1 gc, windows-amd64)
# No core dump will be written. Minidumps are not enabled by default on client versions of Windows
#

---------------  S U M M A R Y ------------

Command Line: -Dgroovy.home=C:\Users\LENOVO/.groovy -Djava.system.class.loader=groovy.lang.GroovyClassLoader -Xmx2048m -Dfile.encoding=UTF-8 -XX:+ShowCodeDetailsInExceptionMessages org.codehaus.groovy.tools.GroovyStarter --classpath D:\Kelompok_3\Project WEB\Kelompok_3\bin\keyword;D:\Kelompok_3\Project WEB\Kelompok_3\Keywords;D:\Kelompok_3\Project WEB\Kelompok_3\bin\listener;D:\Kelompok_3\Project WEB\Kelompok_3\Test Listeners;D:\Kelompok_3\Project WEB\Kelompok_3\bin\lib;D:\Kelompok_3\Project WEB\Kelompok_3\Libs;D:\Kelompok_3\Project WEB\Kelompok_3\bin\groovy;D:\Kelompok_3\Project WEB\Kelompok_3\Include\scripts\groovy;C:\Users\LENOVO\.katalon\packages\Katalon_Studio_Windows_64-9.3.0\Katalon_Studio_Windows_64-9.3.0\plugins\com.kms.katalon.core_1.0.0.202401301518.jar;C:\Users\LENOVO\.katalon\packages\Katalon_Studio_Windows_64-9.3.0\Katalon_Studio_Windows_64-9.3.0\configuration\resources\lib\aalto-xml-1.0.0.jar;C:\Users\LENOVO\.katalon\packages\Katalon_Studio_Windows_64-9.3.0\Katalon_Studio_Windows_64-9.3.0\configuration\resources\lib\aspectjweaver-1.9.1.jar;C:\Users\LENOVO\.katalon\packages\Katalon_Studio_Windows_64-9.3.0\Katalon_Studio_Windows_64-9.3.0\configuration\resources\lib\bcpkix-jdk15on-1.64.jar;C:\Users\LENOVO\.katalon\packages\Katalon_Studio_Windows_64-9.3.0\Katalon_Studio_Windows_64-9.3.0\configuration\resources\lib\bcprov-jdk15on-1.64.jar;C:\Users\LENOVO\.katalon\packages\Katalon_Studio_Windows_64-9.3.0\Katalon_Studio_Windows_64-9.3.0\configuration\resources\lib\browsermob-core-2.1.5.jar;C:\Users\LENOVO\.katalon\packages\Katalon_Studio_Windows_64-9.3.0\Katalon_Studio_Windows_64-9.3.0\configuration\resources\lib\cglib-3.2.10.jar;C:\Users\LENOVO\.katalon\packages\Katalon_Studio_Windows_64-9.3.0\Katalon_Studio_Windows_64-9.3.0\configuration\resources\lib\commons-codec-1.10.jar;C:\Users\LENOVO\.katalon\packages\Katalon_Studio_Windows_64-9.3.0\Katalon_Studio_Windows_64-9.3.0\configuration\resources\lib\commons-collections4-4.1.jar;C:\Users\LENOVO\.katalon\packages\Katalon_Studio_Windows_64-9.3.0\Katalon_Studio_Windows_64-9.3.0\configuration\resources\lib\commons-validator-1.6.jar;C:\Users\LENOVO\.katalon\packages\Katalon_Studio_Windows_64-9.3.0\Katalon_Studio_Windows_64-9.3.0\configuration\resources\lib\curvesapi-1.04.jar;C:\Users\LENOVO\.katalon\packages\Katalon_Studio_Windows_64-9.3.0\Katalon_Studio_Windows_64-9.3.0\configuration\resources\lib\dnsjava-2.1.8.jar;C:\Users\LENOVO\.katalon\packages\Katalon_Studio_Windows_64-9.3.0\Katalon_Studio_Windows_64-9.3.0\configuration\resources\lib\groovy-ant-3.0.17.jar;C:\Users\LENOVO\.katalon\packages\Katalon_Studio_Windows_64-9.3.0\Katalon_Studio_Windows_64-9.3.0\configuration\resources\lib\groovy-astbuilder-3.0.17.jar;C:\Users\LENOVO\.katalon\packages\Katalon_Studio_Windows_64-9.3.0\Katalon_Studio_Windows_64-9.3.0\configuration\resources\lib\groovy-cli-picocli-3.0.17.jar;C:\Users\LENOVO\.katalon\packages\Katalon_Studio_Windows_64-9.3.0\Katalon_Studio_Windows_64-9.3.0\configuration\resources\lib\groovy-console-3.0.17.jar;C:\Users\LENOVO\.katalon\packages\Katalon_Studio_Windows_64-9.3.0\Katalon_Studio_Windows_64-9.3.0\configuration\resources\lib\groovy-datetime-3.0.17.jar;C:\Users\LENOVO\.katalon\packages\Katalon_Studio_Windows_64-9.3.0\Katalon_Studio_Windows_64-9.3.0\configuration\resources\lib\groovy-dateutil-3.0.17.jar;C:\Users\LENOVO\.katalon\packages\Katalon_Studio_Windows_64-9.3.0\Katalon_Studio_Windows_64-9.3.0\configuration\resources\lib\groovy-docgenerator-3.0.17.jar;C:\Users\LENOVO\.katalon\packages\Katalon_Studio_Windows_64-9.3.0\Katalon_Studio_Windows_64-9.3.0\configuration\resources\lib\groovy-groovydoc-3.0.17.jar;C:\Users\LENOVO\.katalon\packages\Katalon_Studio_Windows_64-9.3.0\Katalon_Studio_Windows_64-9.3.0\configuration\resources\lib\groovy-groovysh-3.0.17.jar;C:\Users\LENOVO\.katalon\packages\Katalon_Studio_Windows_64-9.3.0\Katalon_Studio_Windows_64-9.3.0\configuration\resources\lib\groovy-jmx-3.0.17.jar;C:\Users\LENOVO\.katalon\packages\Katalon_Studio_Windows_64-9.3.0\Katalon_Studio_Windows_64-9.3.0\configuration\resources\lib\groovy-json-3.0.17.jar;C:\Users\LENOVO\.katalon\packages\Katalon_Studio_Windows_64-9.3.0\Katalon_Studio_Windows_64-9.3.0\configuration\resources\lib\groovy-jsr223-3.0.17.jar;C:\Users\LENOVO\.katalon\packages\Katalon_Studio_Windows_64-9.3.0\Katalon_Studio_Windows_64-9.3.0\configuration\resources\lib\groovy-macro-3.0.17.jar;C:\Users\LENOVO\.katalon\packages\Katalon_Studio_Windows_64-9.3.0\Katalon_Studio_Windows_64-9.3.0\configuration\resources\lib\groovy-nio-3.0.17.jar;C:\Users\LENOVO\.katalon\packages\Katalon_Studio_Windows_64-9.3.0\Katalon_Studio_Windows_64-9.3.0\configuration\resources\lib\groovy-servlet-3.0.17.jar;C:\Users\LENOVO\.katalon\packages\Katalon_Studio_Windows_64-9.3.0\Katalon_Studio_Windows_64-9.3.0\configuration\resources\lib\groovy-sql-3.0.17.jar;C:\Users\LENOVO\.katalon\packages\Katalon_Studio_Windows_64-9.3.0\Katalon_Studio_Windows_64-9.3.0\configuration\resources\lib\groovy-swing-3.0.17.jar;C:\Users\LENOVO\.katalon\packages\Katalon_Studio_Windows_64-9.3.0\Katalon_Studio_Windows_64-9.3.0\configuration\resources\lib\groovy-templates-3.0.17.jar;C:\Users\LENOVO\.katalon\packages\Katalon_Studio_Windows_64-9.3.0\Katalon_Studio_Windows_64-9.3.0\configuration\resources\lib\groovy-test-3.0.17.jar;C:\Users\LENOVO\.katalon\packages\Katalon_Studio_Windows_64-9.3.0\Katalon_Studio_Windows_64-9.3.0\configuration\resources\lib\groovy-test-junit5-3.0.17.jar;C:\Users\LENOVO\.katalon\packages\Katalon_Studio_Windows_64-9.3.0\Katalon_Studio_Windows_64-9.3.0\configuration\resources\lib\groovy-testng-3.0.17.jar;C:\Users\LENOVO\.katalon\packages\Katalon_Studio_Windows_64-9.3.0\Katalon_Studio_Windows_64-9.3.0\configuration\resources\lib\groovy-xml-3.0.17.jar;C:\Users\LENOVO\.katalon\packages\Katalon_Studio_Windows_64-9.3.0\Katalon_Studio_Windows_64-9.3.0\configuration\resources\lib\java-client-7.0.0.jar;C:\Users\LENOVO\.katalon\packages\Katalon_Studio_Windows_64-9.3.0\Katalon_Studio_Windows_64-9.3.0\configuration\resources\lib\javax.servlet-api_3.1.0.jar;C:\Users\LENOVO\.katalon\packages\Katalon_Studio_Windows_64-9.3.0\Katalon_Studio_Windows_64-9.3.0\configuration\resources\lib\jna-5.12.1.jar;C:\Users\LENOVO\.katalon\packages\Katalon_Studio_Windows_64-9.3.0\Katalon_Studio_Windows_64-9.3.0\configuration\resources\lib\jna-platform-5.12.1.jar;C:\Users\LENOVO\.katalon\packages\Katalon_Studio_Windows_64-9.3.0\Katalon_Studio_Windows_64-9.3.0\configuration\resources\lib\jzlib-1.1.3.jar;C:\Users\LENOVO\.katalon\packages\Katalon_Studio_Windows_64-9.3.0\Katalon_Studio_Windows_64-9.3.0\configuration\resources\lib\kat-server.jar;C:\Users\LENOVO\.katalon\packages\Katalon_Studio_Windows_64-9.3.0\Katalon_Studio_Windows_64-9.3.0\configuration\resources\lib\littleproxy-1.1.0-beta-bmp-17.jar;C:\Users\LENOVO\.katalon\packages\Katalon_Studio_Windows_64-9.3.0\Katalon_Studio_Windows_64-9.3.0\configuration\resources\lib\log4j-1.2-api-2.17.1.jar;C:\Users\LENOVO\.katalon\packages\Katalon_Studio_Windows_64-9.3.0\Katalon_Studio_Windows_64-9.3.0\configuration\resources\lib\log4j-api-2.17.1.jar;C:\Users\LENOVO\.katalon\packages\Katalon_Studio_Windows_64-9.3.0\Katalon_Studio_Windows_64-9.3.0\configuration\resources\lib\log4j-core-2.17.1.jar;C:\Users\LENOVO\.katalon\packages\Katalon_Studio_Windows_64-9.3.0\Katalon_Studio_Windows_64-9.3.0\configuration\resources\lib\mitm-2.1.5.jar;C:\Users\LENOVO\.katalon\packages\Katalon_Studio_Windows_64-9.3.0\Katalon_Studio_Windows_64-9.3.0\configuration\resources\lib\netty-all-4.1.70.Final.jar;C:\Users\LENOVO\.katalon\packages\Katalon_Studio_Windows_64-9.3.0\Katalon_Studio_Windows_64-9.3.0\configuration\resources\lib\poi-3.17.jar;C:\Users\LENOVO\.katalon\packages\Katalon_Studio_Windows_64-9.3.0\Katalon_Studio_Windows_64-9.3.0\configuration\resources\lib\poi-ooxml-3.17.jar;C:\Users\LENOVO\.katalon\packages\Katalon_Studio_Windows_64-9.3.0\Katalon_Studio_Windows_64-9.3.0\configuration\resources\lib\poi-ooxml-schemas-3.17.jar;C:\Users\LENOVO\.katalon\packages\Katalon_Studio_Windows_64-9.3.0\Katalon_Studio_Windows_64-9.3.0\configuration\resources\lib\proxy-vole-1.0.4-SNAPSHOT-jar-with-dependencies.jar;C:\Users\LENOVO\.katalon\packages\Katalon_Studio_Windows_64-9.3.0\Katalon_Studio_Windows_64-9.3.0\configuration\resources\lib\repackaged-sikuli-api-1.0.2-standalone.jar;C:\Users\LENOVO\.katalon\packages\Katalon_Studio_Windows_64-9.3.0\Katalon_Studio_Windows_64-9.3.0\configuration\resources\lib\selenium-leg-rc-3.141.59.jar;C:\Users\LENOVO\.katalon\packages\Katalon_Studio_Windows_64-9.3.0\Katalon_Studio_Windows_64-9.3.0\configuration\resources\lib\selenium-server-standalone-3.141.59.jar;C:\Users\LENOVO\.katalon\packages\Katalon_Studio_Windows_64-9.3.0\Katalon_Studio_Windows_64-9.3.0\configuration\resources\lib\selenium-shutterbug-1.1.jar;C:\Users\LENOVO\.katalon\packages\Katalon_Studio_Windows_64-9.3.0\Katalon_Studio_Windows_64-9.3.0\configuration\resources\lib\slf4j-api-1.7.25.jar;C:\Users\LENOVO\.katalon\packages\Katalon_Studio_Windows_64-9.3.0\Katalon_Studio_Windows_64-9.3.0\configuration\resources\lib\soap-builder-1.0.0.jar;C:\Users\LENOVO\.katalon\packages\Katalon_Studio_Windows_64-9.3.0\Katalon_Studio_Windows_64-9.3.0\configuration\resources\lib\soap-common-1.0.0.jar;C:\Users\LENOVO\.katalon\packages\Katalon_Studio_Windows_64-9.3.0\Katalon_Studio_Windows_64-9.3.0\configuration\resources\lib\soap-legacy-1.0.0.jar;C:\Users\LENOVO\.katalon\packages\Katalon_Studio_Windows_64-9.3.0\Katalon_Studio_Windows_64-9.3.0\configuration\resources\lib\spring-context-5.3.19.jar;C:\Users\LENOVO\.katalon\packages\Katalon_Studio_Windows_64-9.3.0\Katalon_Studio_Windows_64-9.3.0\configuration\resources\lib\stax2-api-4.0.0.jar;C:\Users\LENOVO\.katalon\packages\Katalon_Studio_Windows_64-9.3.0\Katalon_Studio_Windows_64-9.3.0\configuration\resources\lib\su.jar;C:\Users\LENOVO\.katalon\packages\Katalon_Studio_Windows_64-9.3.0\Katalon_Studio_Windows_64-9.3.0\configuration\resources\lib\testng-7.8.0.jar;C:\Users\LENOVO\.katalon\packages\Katalon_Studio_Windows_64-9.3.0\Katalon_Studio_Windows_64-9.3.0\configuration\resources\lib\wadl.jar;C:\Users\LENOVO\.katalon\packages\Katalon_Studio_Windows_64-9.3.0\Katalon_Studio_Windows_64-9.3.0\configuration\resources\lib\xmlbeans-3.1.0.jar;C:\Users\LENOVO\.katalon\packages\Katalon_Studio_Windows_64-9.3.0\Katalon_Studio_Windows_64-9.3.0\plugins\net.sf.supercsv.super-csv_2.1.0.jar;C:\Users\LENOVO\.katalon\packages\Katalon_Studio_Windows_64-9.3.0\Katalon_Studio_Windows_64-9.3.0\plugins\org.apache.commons.io_2.4.0.jar;C:\Users\LENOVO\.katalon\packages\Katalon_Studio_Windows_64-9.3.0\Katalon_Studio_Windows_64-9.3.0\plugins\org.apache.commons.lang_2.6.0.jar;C:\Users\LENOVO\.katalon\packages\Katalon_Studio_Windows_64-9.3.0\Katalon_Studio_Windows_64-9.3.0\plugins\com.google.gson_2.10.1.v20230109-0753.jar;C:\Users\LENOVO\.katalon\packages\Katalon_Studio_Windows_64-9.3.0\Katalon_Studio_Windows_64-9.3.0\plugins\org.jsoup_1.14.3.jar;C:\Users\LENOVO\.katalon\packages\Katalon_Studio_Windows_64-9.3.0\Katalon_Studio_Windows_64-9.3.0\plugins\org.apache.commons.dbutils_1.6.0.jar;C:\Users\LENOVO\.katalon\packages\Katalon_Studio_Windows_64-9.3.0\Katalon_Studio_Windows_64-9.3.0\plugins\com.oracle.jdbc.ojdbc7_12.1.0.2.jar;C:\Users\LENOVO\.katalon\packages\Katalon_Studio_Windows_64-9.3.0\Katalon_Studio_Windows_64-9.3.0\plugins\org.postgresql.jdbc_42.4.1.jar;c:\Users\LENOVO\.katalon\packages\Katalon_Studio_Windows_64-9.3.0\Katalon_Studio_Windows_64-9.3.0\plugins\org.eclipse.osgi_3.18.300.v20230220-1352.jar;C:\Users\LENOVO\.katalon\packages\Katalon_Studio_Windows_64-9.3.0\Katalon_Studio_Windows_64-9.3.0\plugins\com.kms.katalon.constant_1.0.0.202401301518.jar;C:\Users\LENOVO\.katalon\packages\Katalon_Studio_Windows_64-9.3.0\Katalon_Studio_Windows_64-9.3.0\plugins\org.eclipse.persistence.eclipselink_2.7.11.jar;C:\Users\LENOVO\.katalon\packages\Katalon_Studio_Windows_64-9.3.0\Katalon_Studio_Windows_64-9.3.0\plugins\com.kms.katalon.selenium-standalone_1.0.0.202401301518.jar;C:\Users\LENOVO\.katalon\packages\Katalon_Studio_Windows_64-9.3.0\Katalon_Studio_Windows_64-9.3.0\plugins\atu.testrecorder.screen-recorder_2.1.0.jar;C:\Users\LENOVO\.katalon\packages\Katalon_Studio_Windows_64-9.3.0\Katalon_Studio_Windows_64-9.3.0\plugins\com.google.guava_23.0.0.jar;C:\Users\LENOVO\.katalon\packages\Katalon_Studio_Windows_64-9.3.0\Katalon_Studio_Windows_64-9.3.0\plugins\com.kms.katalon.util_1.0.0.202401301518.jar;C:\Users\LENOVO\.katalon\packages\Katalon_Studio_Windows_64-9.3.0\Katalon_Studio_Windows_64-9.3.0\plugins\org.apache.httpcomponents.httpclient_4.5.14.v20221207-1049.jar;C:\Users\LENOVO\.katalon\packages\Katalon_Studio_Windows_64-9.3.0\Katalon_Studio_Windows_64-9.3.0\plugins\org.apache.httpcomponents.httpcore_4.4.16.v20221207-1049.jar;C:\Users\LENOVO\.katalon\packages\Katalon_Studio_Windows_64-9.3.0\Katalon_Studio_Windows_64-9.3.0\plugins\org.apache.httpcomponents.httpmime_4.5.1.jar;C:\Users\LENOVO\.katalon\packages\Katalon_Studio_Windows_64-9.3.0\Katalon_Studio_Windows_64-9.3.0\plugins\org.apache.commons.lang3_3.7.0.jar;C:\Users\LENOVO\.katalon\packages\Katalon_Studio_Windows_64-9.3.0\Katalon_Studio_Windows_64-9.3.0\plugins\org.greenrobot.eventbus_3.1.1.jar;C:\Users\LENOVO\.katalon\packages\Katalon_Studio_Windows_64-9.3.0\Katalon_Studio_Windows_64-9.3.0\plugins\org.assertj.core_3.10.0.jar;C:\Users\LENOVO\.katalon\packages\Katalon_Studio_Windows_64-9.3.0\Katalon_Studio_Windows_64-9.3.0\plugins\org.junit_4.13.2.v20211018-1956.jar;C:\Users\LENOVO\.katalon\packages\Katalon_Studio_Windows_64-9.3.0\Katalon_Studio_Windows_64-9.3.0\plugins\com.fasterxml.jackson.core.jackson-databind_2.14.0.jar;C:\Users\LENOVO\.katalon\packages\Katalon_Studio_Windows_64-9.3.0\Katalon_Studio_Windows_64-9.3.0\plugins\com.fasterxml.jackson.core.jackson-core_2.14.0.jar;C:\Users\LENOVO\.katalon\packages\Katalon_Studio_Windows_64-9.3.0\Katalon_Studio_Windows_64-9.3.0\plugins\com.fasterxml.jackson.core.jackson-annotations_2.14.0.jar;C:\Users\LENOVO\.katalon\packages\Katalon_Studio_Windows_64-9.3.0\Katalon_Studio_Windows_64-9.3.0\plugins\ch.qos.logback.classic_1.2.3.jar;C:\Users\LENOVO\.katalon\packages\Katalon_Studio_Windows_64-9.3.0\Katalon_Studio_Windows_64-9.3.0\plugins\ch.qos.logback.core_1.2.3.jar;C:\Users\LENOVO\.katalon\packages\Katalon_Studio_Windows_64-9.3.0\Katalon_Studio_Windows_64-9.3.0\plugins\slf4j.api_1.7.36.jar;C:\Users\LENOVO\.katalon\packages\Katalon_Studio_Windows_64-9.3.0\Katalon_Studio_Windows_64-9.3.0\plugins\org.fusesource.jansi_1.17.1.jar;C:\Users\LENOVO\.katalon\packages\Katalon_Studio_Windows_64-9.3.0\Katalon_Studio_Windows_64-9.3.0\plugins\com.kms.katalon.netlightbody_1.0.0.202401301518.jar;C:\Users\LENOVO\.katalon\packages\Katalon_Studio_Windows_64-9.3.0\Katalon_Studio_Windows_64-9.3.0\plugins\com.kms.katalon.poi_1.0.0.202401301518.jar;C:\Users\LENOVO\.katalon\packages\Katalon_Studio_Windows_64-9.3.0\Katalon_Studio_Windows_64-9.3.0\plugins\org.apache.commons.commons-text_1.10.0.jar;C:\Users\LENOVO\.katalon\packages\Katalon_Studio_Windows_64-9.3.0\Katalon_Studio_Windows_64-9.3.0\plugins\com.kms.katalon.proxyvole_1.0.0.202401301518.jar;C:\Users\LENOVO\.katalon\packages\Katalon_Studio_Windows_64-9.3.0\Katalon_Studio_Windows_64-9.3.0\plugins\com.microsoft.sqlserver.mssql-jdbc_6.2.2.jre8.jar;C:\Users\LENOVO\.katalon\packages\Katalon_Studio_Windows_64-9.3.0\Katalon_Studio_Windows_64-9.3.0\plugins\com.github.kklisura.cdt.java-client_2.1.0.jar;C:\Users\LENOVO\.katalon\packages\Katalon_Studio_Windows_64-9.3.0\Katalon_Studio_Windows_64-9.3.0\plugins\javax.websocket-api_1.1.0.jar;C:\Users\LENOVO\.katalon\packages\Katalon_Studio_Windows_64-9.3.0\Katalon_Studio_Windows_64-9.3.0\plugins\org.glassfish.tyrus.container-grizzly-client_1.13.1.jar;C:\Users\LENOVO\.katalon\packages\Katalon_Studio_Windows_64-9.3.0\Katalon_Studio_Windows_64-9.3.0\plugins\org.glassfish.grizzly.http-server_2.3.25.jar;C:\Users\LENOVO\.katalon\packages\Katalon_Studio_Windows_64-9.3.0\Katalon_Studio_Windows_64-9.3.0\plugins\org.glassfish.grizzly.framework_2.3.25.jar;C:\Users\LENOVO\.katalon\packages\Katalon_Studio_Windows_64-9.3.0\Katalon_Studio_Windows_64-9.3.0\plugins\org.glassfish.grizzly.http_2.3.25.jar;C:\Users\LENOVO\.katalon\packages\Katalon_Studio_Windows_64-9.3.0\Katalon_Studio_Windows_64-9.3.0\plugins\org.glassfish.tyrus.client_1.13.1.jar;C:\Users\LENOVO\.katalon\packages\Katalon_Studio_Windows_64-9.3.0\Katalon_Studio_Windows_64-9.3.0\plugins\org.glassfish.tyrus.core_1.13.1.jar;C:\Users\LENOVO\.katalon\packages\Katalon_Studio_Windows_64-9.3.0\Katalon_Studio_Windows_64-9.3.0\plugins\org.glassfish.tyrus.spi_1.13.1.jar;C:\Users\LENOVO\.katalon\packages\Katalon_Studio_Windows_64-9.3.0\Katalon_Studio_Windows_64-9.3.0\plugins\javassist_3.28.0.GA.jar;C:\Users\LENOVO\.katalon\packages\Katalon_Studio_Windows_64-9.3.0\Katalon_Studio_Windows_64-9.3.0\plugins\com.graphql-java_16.2.0.jar;C:\Users\LENOVO\.katalon\packages\Katalon_Studio_Windows_64-9.3.0\Katalon_Studio_Windows_64-9.3.0\plugins\org.glassfish.jaxb.runtime_2.3.6.jar;C:\Users\LENOVO\.katalon\packages\Katalon_Studio_Windows_64-9.3.0\Katalon_Studio_Windows_64-9.3.0\plugins\org.glassfish.jaxb.txw2_2.3.6.jar;C:\Users\LENOVO\.katalon\packages\Katalon_Studio_Windows_64-9.3.0\Katalon_Studio_Windows_64-9.3.0\plugins\org.dom4j_1.6.1.v201312101416.jar;C:\Users\LENOVO\.katalon\packages\Katalon_Studio_Windows_64-9.3.0\Katalon_Studio_Windows_64-9.3.0\plugins\com.kms.katalon.groovy-extended_1.0.0.202401301518.jar;C:\Users\LENOVO\.katalon\packages\Katalon_Studio_Windows_64-9.3.0\Katalon_Studio_Windows_64-9.3.0\plugins\com.sun.activation.javax.activation_1.2.0.jar;C:\Users\LENOVO\.katalon\packages\Katalon_Studio_Windows_64-9.3.0\Katalon_Studio_Windows_64-9.3.0\plugins\jakarta.xml.bind-api_2.3.3.jar;C:\Users\LENOVO\.katalon\packages\Katalon_Studio_Windows_64-9.3.0\Katalon_Studio_Windows_64-9.3.0\plugins\com.sun.xml.bind.jaxb-impl_2.3.6.jar;C:\Users\LENOVO\.katalon\packages\Katalon_Studio_Windows_64-9.3.0\Katalon_Studio_Windows_64-9.3.0\plugins\org.apache.commons.logging_1.2.0.v20180409-1502.jar;C:\Users\LENOVO\.katalon\packages\Katalon_Studio_Windows_64-9.3.0\Katalon_Studio_Windows_64-9.3.0\plugins\org.hamcrest.core_1.3.0.v20180420-1519.jar;C:\Users\LENOVO\.katalon\packages\Katalon_Studio_Windows_64-9.3.0\Katalon_Studio_Windows_64-9.3.0\plugins\org.beanshell.bsh_2.0.0.0b4.jar;C:\Users\LENOVO\.katalon\packages\Katalon_Studio_Windows_64-9.3.0\Katalon_Studio_Windows_64-9.3.0\plugins\org.apache.ant.launcher_1.9.6.jar;C:\Users\LENOVO\.katalon\packages\Katalon_Studio_Windows_64-9.3.0\Katalon_Studio_Windows_64-9.3.0\plugins\com.kms.katalon.core.appium_1.0.0.202401301518.jar;C:\Users\LENOVO\.katalon\packages\Katalon_Studio_Windows_64-9.3.0\Katalon_Studio_Windows_64-9.3.0\plugins\com.kms.katalon.logging_1.0.0.202401301518.jar;C:\Users\LENOVO\.katalon\packages\Katalon_Studio_Windows_64-9.3.0\Katalon_Studio_Windows_64-9.3.0\plugins\org.eclipse.equinox.common_3.17.100.v20230202-1341.jar;C:\Users\LENOVO\.katalon\packages\Katalon_Studio_Windows_64-9.3.0\Katalon_Studio_Windows_64-9.3.0\plugins\com.kms.katalon.core.webui_1.0.0.202401301518.jar;C:\Users\LENOVO\.katalon\packages\Katalon_Studio_Windows_64-9.3.0\Katalon_Studio_Windows_64-9.3.0\plugins\org.json_20140107.0.0.jar;C:\Users\LENOVO\.katalon\packages\Katalon_Studio_Windows_64-9.3.0\Katalon_Studio_Windows_64-9.3.0\plugins\org.eclipse.e4.core.contexts_1.11.0.v20220716-0839.jar;C:\Users\LENOVO\.katalon\packages\Katalon_Studio_Windows_64-9.3.0\Katalon_Studio_Windows_64-9.3.0\plugins\org.eclipse.e4.core.services_2.3.400.v20220915-1347.jar;C:\Users\LENOVO\.katalon\packages\Katalon_Studio_Windows_64-9.3.0\Katalon_Studio_Windows_64-9.3.0\plugins\com.kms.katalon.core.mobile_1.0.0.202401301518.jar;C:\Users\LENOVO\.katalon\packages\Katalon_Studio_Windows_64-9.3.0\Katalon_Studio_Windows_64-9.3.0\plugins\org.apache.commons.commons-validator_1.7.0.jar;C:\Users\LENOVO\.katalon\packages\Katalon_Studio_Windows_64-9.3.0\Katalon_Studio_Windows_64-9.3.0\plugins\com.kms.katalon.core.cucumber_1.0.0.202401301518.jar;C:\Users\LENOVO\.katalon\packages\Katalon_Studio_Windows_64-9.3.0\Katalon_Studio_Windows_64-9.3.0\plugins\io.cucumber.core_3.0.2.jar;C:\Users\LENOVO\.katalon\packages\Katalon_Studio_Windows_64-9.3.0\Katalon_Studio_Windows_64-9.3.0\plugins\io.cucumber.datatable_1.0.3.jar;C:\Users\LENOVO\.katalon\packages\Katalon_Studio_Windows_64-9.3.0\Katalon_Studio_Windows_64-9.3.0\plugins\io.cucumber.datatable-dependencies_1.0.3.jar;C:\Users\LENOVO\.katalon\packages\Katalon_Studio_Windows_64-9.3.0\Katalon_Studio_Windows_64-9.3.0\plugins\io.cucumber.expressions_5.0.19.jar;C:\Users\LENOVO\.katalon\packages\Katalon_Studio_Windows_64-9.3.0\Katalon_Studio_Windows_64-9.3.0\plugins\io.cucumber.gherkin_5.0.0.jar;C:\Users\LENOVO\.katalon\packages\Katalon_Studio_Windows_64-9.3.0\Katalon_Studio_Windows_64-9.3.0\plugins\io.cucumber.html_0.2.7.jar;C:\Users\LENOVO\.katalon\packages\Katalon_Studio_Windows_64-9.3.0\Katalon_Studio_Windows_64-9.3.0\plugins\io.cucumber.java_3.0.2.jar;C:\Users\LENOVO\.katalon\packages\Katalon_Studio_Windows_64-9.3.0\Katalon_Studio_Windows_64-9.3.0\plugins\io.cucumber.tag-expressions_1.1.1.jar;C:\Users\LENOVO\.katalon\packages\Katalon_Studio_Windows_64-9.3.0\Katalon_Studio_Windows_64-9.3.0\plugins\io.cucumber.junit_3.0.2.jar;C:\Users\LENOVO\.katalon\packages\Katalon_Studio_Windows_64-9.3.0\Katalon_Studio_Windows_64-9.3.0\plugins\com.kms.katalon.core.webservice_1.0.0.202401301518.jar;C:\Users\LENOVO\.katalon\packages\Katalon_Studio_Windows_64-9.3.0\Katalon_Studio_Windows_64-9.3.0\plugins\wsdl4j_1.6.2.jar;C:\Users\LENOVO\.katalon\packages\Katalon_Studio_Windows_64-9.3.0\Katalon_Studio_Windows_64-9.3.0\plugins\com.google.oauth-client.google-oauth-client_1.22.0.jar;C:\Users\LENOVO\.katalon\packages\Katalon_Studio_Windows_64-9.3.0\Katalon_Studio_Windows_64-9.3.0\plugins\com.google.http-client.google-http-client_1.22.0.jar;C:\Users\LENOVO\.katalon\packages\Katalon_Studio_Windows_64-9.3.0\Katalon_Studio_Windows_64-9.3.0\plugins\ca.juliusdavies.not-yet-commons-ssl_0.3.11.jar;C:\Users\LENOVO\.katalon\packages\Katalon_Studio_Windows_64-9.3.0\Katalon_Studio_Windows_64-9.3.0\plugins\com.kms.katalon.preferences_1.0.0.202401301518.jar;C:\Users\LENOVO\.katalon\packages\Katalon_Studio_Windows_64-9.3.0\Katalon_Studio_Windows_64-9.3.0\plugins\org.apache.xmlbeans_3.1.0.jar;C:\Users\LENOVO\.katalon\packages\Katalon_Studio_Windows_64-9.3.0\Katalon_Studio_Windows_64-9.3.0\plugins\com.kms.katalon.entity_1.0.0.202401301518.jar;C:\Users\LENOVO\.katalon\packages\Katalon_Studio_Windows_64-9.3.0\Katalon_Studio_Windows_64-9.3.0\plugins\org.antlr.antlr4-runtime_4.8.0.jar;C:\Users\LENOVO\.katalon\packages\Katalon_Studio_Windows_64-9.3.0\Katalon_Studio_Windows_64-9.3.0\plugins\com.networknt.json-schema-validator_1.0.66.jar;C:\Users\LENOVO\.katalon\packages\Katalon_Studio_Windows_64-9.3.0\Katalon_Studio_Windows_64-9.3.0\plugins\jakarta.xml.ws-api_2.3.3.jar;C:\Users\LENOVO\.katalon\packages\Katalon_Studio_Windows_64-9.3.0\Katalon_Studio_Windows_64-9.3.0\plugins\javax.xml.soap-api_1.4.0.jar;C:\Users\LENOVO\.katalon\packages\Katalon_Studio_Windows_64-9.3.0\Katalon_Studio_Windows_64-9.3.0\plugins\com.kms.katalon.core.windows_1.0.0.202401301518.jar;C:\Users\LENOVO\.katalon\packages\Katalon_Studio_Windows_64-9.3.0\Katalon_Studio_Windows_64-9.3.0\plugins\com.kms.katalon.core.testng_1.0.0.202401301518.jar;C:\Users\LENOVO\.katalon\packages\Katalon_Studio_Windows_64-9.3.0\Katalon_Studio_Windows_64-9.3.0\configuration\org.eclipse.osgi\27\0\.cp\resources\basic-report\katalon-studio-report-plugin.jar;C:\Users\LENOVO\.katalon\packages\Katalon_Studio_Windows_64-9.3.0\Katalon_Studio_Windows_64-9.3.0\plugins\org.codehaus.groovy_3.0.17.v202303311542-e2303\lib\groovy-3.0.17-indy.jar;C:\Users\LENOVO\.katalon\packages\Katalon_Studio_Windows_64-9.3.0\Katalon_Studio_Windows_64-9.3.0\plugins\org.codehaus.groovy_3.0.17.v202303311542-e2303\lib\ivy-2.5.1.jar --main groovy.ui.GroovyMain --encoding UTF-8 --indy D:\Kelompok_3\Project WEB\Kelompok_3\Libs\TempTestCase1709380157334.groovy

Host: 11th Gen Intel(R) Core(TM) i3-1115G4 @ 3.00GHz, 4 cores, 7G,  Windows 11 , 64 bit Build 22621 (10.0.22621.1928)
Time: Sat Mar  2 18:49:33 2024 SE Asia Standard Time elapsed time: 15.070266 seconds (0d 0h 0m 15s)

---------------  T H R E A D  ---------------

Current thread (0x0000022a5bbb80b0):  JavaThread "C2 CompilerThread1" daemon [_thread_in_native, id=9828, stack(0x0000005190e00000,0x0000005190f00000)]


Current CompileTask:
C2:  15070 5305       4       java.lang.invoke.LambdaForm::prepare (112 bytes)

Stack: [0x0000005190e00000,0x0000005190f00000]
Native frames: (J=compiled Java code, j=interpreted, Vv=VM code, C=native code)
V  [jvm.dll+0x67754a]
V  [jvm.dll+0x834304]
V  [jvm.dll+0x835aae]
V  [jvm.dll+0x836113]
V  [jvm.dll+0x24696f]
V  [jvm.dll+0xac0ac]
V  [jvm.dll+0xac67c]
V  [jvm.dll+0x364e37]
V  [jvm.dll+0x1bc895]
V  [jvm.dll+0x219799]
V  [jvm.dll+0x218a61]
V  [jvm.dll+0x1a4d8d]
V  [jvm.dll+0x2284da]
V  [jvm.dll+0x226615]
V  [jvm.dll+0x7ea90b]
V  [jvm.dll+0x7e4e7a]
V  [jvm.dll+0x676395]
C  [ucrtbase.dll+0x29363]
C  [KERNEL32.DLL+0x126ad]
C  [ntdll.dll+0x5aa68]


---------------  P R O C E S S  ---------------

Threads class SMR info:
_java_thread_list=0x0000022a5c7a4f80, length=22, elements={
0x0000022a3d757f30, 0x0000022a5b035270, 0x0000022a5b036640, 0x0000022a5b053010,
0x0000022a5b0538d0, 0x0000022a5b054190, 0x0000022a5b056a60, 0x0000022a5b05d6b0,
0x0000022a5b066fd0, 0x0000022a5b076080, 0x0000022a5b2b5d60, 0x0000022a5bd31050,
0x0000022a5beace80, 0x0000022a5d4b9a50, 0x0000022a5d549960, 0x0000022a5d54a300,
0x0000022a5d54bfe0, 0x0000022a5d548fc0, 0x0000022a5d549e30, 0x0000022a5d54a7d0,
0x0000022a5d54c4b0, 0x0000022a5bbb80b0
}

Java Threads: ( => current thread )
  0x0000022a3d757f30 JavaThread "main" [_thread_in_Java, id=15716, stack(0x000000518f900000,0x000000518fa00000)]
  0x0000022a5b035270 JavaThread "Reference Handler" daemon [_thread_blocked, id=17580, stack(0x0000005190000000,0x0000005190100000)]
  0x0000022a5b036640 JavaThread "Finalizer" daemon [_thread_blocked, id=2508, stack(0x0000005190100000,0x0000005190200000)]
  0x0000022a5b053010 JavaThread "Signal Dispatcher" daemon [_thread_blocked, id=6220, stack(0x0000005190200000,0x0000005190300000)]
  0x0000022a5b0538d0 JavaThread "Attach Listener" daemon [_thread_blocked, id=984, stack(0x0000005190300000,0x0000005190400000)]
  0x0000022a5b054190 JavaThread "Service Thread" daemon [_thread_blocked, id=17716, stack(0x0000005190400000,0x0000005190500000)]
  0x0000022a5b056a60 JavaThread "Monitor Deflation Thread" daemon [_thread_blocked, id=12284, stack(0x0000005190500000,0x0000005190600000)]
  0x0000022a5b05d6b0 JavaThread "C2 CompilerThread0" daemon [_thread_in_native, id=4284, stack(0x0000005190600000,0x0000005190700000)]
  0x0000022a5b066fd0 JavaThread "C1 CompilerThread0" daemon [_thread_in_vm, id=6324, stack(0x0000005190700000,0x0000005190800000)]
  0x0000022a5b076080 JavaThread "Sweeper thread" daemon [_thread_blocked, id=10824, stack(0x0000005190800000,0x0000005190900000)]
  0x0000022a5b2b5d60 JavaThread "Common-Cleaner" daemon [_thread_blocked, id=8756, stack(0x0000005190900000,0x0000005190a00000)]
  0x0000022a5bd31050 JavaThread "Notification Thread" daemon [_thread_blocked, id=9448, stack(0x0000005190c00000,0x0000005190d00000)]
  0x0000022a5beace80 JavaThread "Exec Default Executor" daemon [_thread_in_native, id=4252, stack(0x0000005191000000,0x0000005191100000)]
  0x0000022a5d4b9a50 JavaThread "UrlChecker-2" daemon [_thread_blocked, id=18004, stack(0x0000005191100000,0x0000005191200000)]
  0x0000022a5d549960 JavaThread "Exec Stream Pumper" daemon [_thread_in_native, id=15388, stack(0x0000005191300000,0x0000005191400000)]
  0x0000022a5d54a300 JavaThread "Exec Stream Pumper" daemon [_thread_in_native, id=12764, stack(0x0000005191400000,0x0000005191500000)]
  0x0000022a5d54bfe0 JavaThread "Keep-Alive-Timer" daemon [_thread_blocked, id=9320, stack(0x0000005191500000,0x0000005191600000)]
  0x0000022a5d548fc0 JavaThread "ForkJoinPool.commonPool-worker-1" daemon [_thread_blocked, id=18320, stack(0x0000005191600000,0x0000005191700000)]
  0x0000022a5d549e30 JavaThread "ForkJoinPool.commonPool-worker-2" daemon [_thread_blocked, id=2972, stack(0x0000005191700000,0x0000005191800000)]
  0x0000022a5d54a7d0 JavaThread "OkHttp ConnectionPool" daemon [_thread_blocked, id=12312, stack(0x0000005191800000,0x0000005191900000)]
  0x0000022a5d54c4b0 JavaThread "Okio Watchdog" daemon [_thread_blocked, id=15880, stack(0x0000005191900000,0x0000005191a00000)]
=>0x0000022a5bbb80b0 JavaThread "C2 CompilerThread1" daemon [_thread_in_native, id=9828, stack(0x0000005190e00000,0x0000005190f00000)]

Other Threads:
  0x0000022a56ee46d0 VMThread "VM Thread" [stack: 0x000000518ff00000,0x0000005190000000] [id=3584]
  0x0000022a3d759960 WatcherThread [stack: 0x0000005190d00000,0x0000005190e00000] [id=7164]
  0x0000022a3d7b4ab0 GCTaskThread "GC Thread#0" [stack: 0x000000518fa00000,0x000000518fb00000] [id=15576]
  0x0000022a5b82c8a0 GCTaskThread "GC Thread#1" [stack: 0x0000005190a00000,0x0000005190b00000] [id=13084]
  0x0000022a5b3fe820 GCTaskThread "GC Thread#2" [stack: 0x0000005190b00000,0x0000005190c00000] [id=7644]
  0x0000022a5c7b7630 GCTaskThread "GC Thread#3" [stack: 0x0000005190f00000,0x0000005191000000] [id=2096]
  0x0000022a3d7c58f0 ConcurrentGCThread "G1 Main Marker" [stack: 0x000000518fb00000,0x000000518fc00000] [id=13648]
  0x0000022a3d7c6b00 ConcurrentGCThread "G1 Conc#0" [stack: 0x000000518fc00000,0x000000518fd00000] [id=7904]
  0x0000022a56d5c9d0 ConcurrentGCThread "G1 Refine#0" [stack: 0x000000518fd00000,0x000000518fe00000] [id=7080]
  0x0000022a56d5dbf0 ConcurrentGCThread "G1 Service" [stack: 0x000000518fe00000,0x000000518ff00000] [id=13528]

Threads with active compile tasks:
C2 CompilerThread0    15098 5306       4       java.lang.invoke.MethodHandle::<init> (37 bytes)
C2 CompilerThread1    15098 5305       4       java.lang.invoke.LambdaForm::prepare (112 bytes)

VM state: not at safepoint (normal execution)

VM Mutex/Monitor currently owned by a thread: None

Heap address: 0x0000000080000000, size: 2048 MB, Compressed Oops mode: 32-bit

CDS archive(s) not mapped
Compressed class space mapped at: 0x0000000100000000-0x0000000140000000, reserved size: 1073741824
Narrow klass base: 0x0000000000000000, Narrow klass shift: 3, Narrow klass range: 0x140000000

GC Precious Log:
 CPUs: 4 total, 4 available
 Memory: 7975M
 Large Page Support: Disabled
 NUMA Support: Disabled
 Compressed Oops: Enabled (32-bit)
 Heap Region Size: 1M
 Heap Min Capacity: 8M
 Heap Initial Capacity: 126M
 Heap Max Capacity: 2G
 Pre-touch: Disabled
 Parallel Workers: 4
 Concurrent Workers: 1
 Concurrent Refinement Workers: 4
 Periodic GC: Disabled

Heap:
 garbage-first heap   total 98304K, used 66258K [0x0000000080000000, 0x0000000100000000)
  region size 1024K, 37 young (37888K), 6 survivors (6144K)
 Metaspace       used 43689K, committed 44224K, reserved 1114112K
  class space    used 4845K, committed 5120K, reserved 1048576K

Heap Regions: E=young(eden), S=young(survivor), O=old, HS=humongous(starts), HC=humongous(continues), CS=collection set, F=free, OA=open archive, CA=closed archive, TAMS=top-at-mark-start (previous, next)
|   0|0x0000000080000000, 0x0000000080100000, 0x0000000080100000|100%|HS|  |TAMS 0x0000000080100000, 0x0000000080000000| Complete 
|   1|0x0000000080100000, 0x0000000080200000, 0x0000000080200000|100%|HS|  |TAMS 0x0000000080200000, 0x0000000080100000| Complete 
|   2|0x0000000080200000, 0x0000000080300000, 0x0000000080300000|100%| O|  |TAMS 0x0000000080300000, 0x0000000080200000| Untracked 
|   3|0x0000000080300000, 0x0000000080400000, 0x0000000080400000|100%| O|  |TAMS 0x0000000080400000, 0x0000000080300000| Untracked 
|   4|0x0000000080400000, 0x0000000080500000, 0x0000000080500000|100%| O|  |TAMS 0x0000000080500000, 0x0000000080400000| Untracked 
|   5|0x0000000080500000, 0x0000000080600000, 0x0000000080600000|100%| O|  |TAMS 0x0000000080600000, 0x0000000080500000| Untracked 
|   6|0x0000000080600000, 0x0000000080700000, 0x0000000080700000|100%| O|  |TAMS 0x0000000080700000, 0x0000000080600000| Untracked 
|   7|0x0000000080700000, 0x0000000080800000, 0x0000000080800000|100%| O|  |TAMS 0x0000000080800000, 0x0000000080700000| Untracked 
|   8|0x0000000080800000, 0x0000000080900000, 0x0000000080900000|100%| O|  |TAMS 0x0000000080900000, 0x0000000080800000| Untracked 
|   9|0x0000000080900000, 0x0000000080a00000, 0x0000000080a00000|100%|HS|  |TAMS 0x0000000080a00000, 0x0000000080900000| Complete 
|  10|0x0000000080a00000, 0x0000000080b00000, 0x0000000080b00000|100%|HC|  |TAMS 0x0000000080b00000, 0x0000000080a00000| Complete 
|  11|0x0000000080b00000, 0x0000000080c00000, 0x0000000080c00000|100%| O|  |TAMS 0x0000000080c00000, 0x0000000080b00000| Untracked 
|  12|0x0000000080c00000, 0x0000000080cbbe00, 0x0000000080d00000| 73%| O|  |TAMS 0x0000000080cbbe00, 0x0000000080c00000| Untracked 
|  13|0x0000000080d00000, 0x0000000080e00000, 0x0000000080e00000|100%| O|  |TAMS 0x0000000080e00000, 0x0000000080d00000| Untracked 
|  14|0x0000000080e00000, 0x0000000080f00000, 0x0000000080f00000|100%| O|  |TAMS 0x0000000080f00000, 0x0000000080e00000| Untracked 
|  15|0x0000000080f00000, 0x0000000081000000, 0x0000000081000000|100%| O|  |TAMS 0x0000000081000000, 0x0000000080f00000| Untracked 
|  16|0x0000000081000000, 0x0000000081100000, 0x0000000081100000|100%| O|  |TAMS 0x0000000081100000, 0x0000000081000000| Untracked 
|  17|0x0000000081100000, 0x0000000081200000, 0x0000000081200000|100%| O|  |TAMS 0x0000000081200000, 0x0000000081100000| Untracked 
|  18|0x0000000081200000, 0x0000000081300000, 0x0000000081300000|100%| O|  |TAMS 0x0000000081300000, 0x0000000081200000| Untracked 
|  19|0x0000000081300000, 0x0000000081400000, 0x0000000081400000|100%| O|  |TAMS 0x0000000081400000, 0x0000000081300000| Untracked 
|  20|0x0000000081400000, 0x0000000081500000, 0x0000000081500000|100%| O|  |TAMS 0x0000000081500000, 0x0000000081400000| Untracked 
|  21|0x0000000081500000, 0x0000000081600000, 0x0000000081600000|100%| O|  |TAMS 0x0000000081600000, 0x0000000081500000| Untracked 
|  22|0x0000000081600000, 0x0000000081700000, 0x0000000081700000|100%| O|  |TAMS 0x0000000081700000, 0x0000000081600000| Untracked 
|  23|0x0000000081700000, 0x0000000081800000, 0x0000000081800000|100%| O|  |TAMS 0x0000000081800000, 0x0000000081700000| Untracked 
|  24|0x0000000081800000, 0x0000000081900000, 0x0000000081900000|100%| O|  |TAMS 0x0000000081890000, 0x0000000081800000| Untracked 
|  25|0x0000000081900000, 0x0000000081a00000, 0x0000000081a00000|100%| O|  |TAMS 0x0000000081a00000, 0x0000000081900000| Untracked 
|  26|0x0000000081a00000, 0x0000000081b00000, 0x0000000081b00000|100%| O|  |TAMS 0x0000000081b00000, 0x0000000081a00000| Untracked 
|  27|0x0000000081b00000, 0x0000000081c00000, 0x0000000081c00000|100%| O|  |TAMS 0x0000000081b00000, 0x0000000081b00000| Untracked 
|  28|0x0000000081c00000, 0x0000000081d00000, 0x0000000081d00000|100%| O|  |TAMS 0x0000000081c00000, 0x0000000081c00000| Untracked 
|  29|0x0000000081d00000, 0x0000000081d81600, 0x0000000081e00000| 50%| O|  |TAMS 0x0000000081d00000, 0x0000000081d00000| Untracked 
|  30|0x0000000081e00000, 0x0000000081e00000, 0x0000000081f00000|  0%| F|  |TAMS 0x0000000081e00000, 0x0000000081e00000| Untracked 
|  31|0x0000000081f00000, 0x0000000081f00000, 0x0000000082000000|  0%| F|  |TAMS 0x0000000081f00000, 0x0000000081f00000| Untracked 
|  32|0x0000000082000000, 0x0000000082000000, 0x0000000082100000|  0%| F|  |TAMS 0x0000000082000000, 0x0000000082000000| Untracked 
|  33|0x0000000082100000, 0x0000000082100000, 0x0000000082200000|  0%| F|  |TAMS 0x0000000082100000, 0x0000000082100000| Untracked 
|  34|0x0000000082200000, 0x0000000082200000, 0x0000000082300000|  0%| F|  |TAMS 0x0000000082200000, 0x0000000082200000| Untracked 
|  35|0x0000000082300000, 0x0000000082300000, 0x0000000082400000|  0%| F|  |TAMS 0x0000000082300000, 0x0000000082300000| Untracked 
|  36|0x0000000082400000, 0x0000000082400000, 0x0000000082500000|  0%| F|  |TAMS 0x0000000082400000, 0x0000000082400000| Untracked 
|  37|0x0000000082500000, 0x0000000082500000, 0x0000000082600000|  0%| F|  |TAMS 0x0000000082500000, 0x0000000082500000| Untracked 
|  38|0x0000000082600000, 0x0000000082600000, 0x0000000082700000|  0%| F|  |TAMS 0x0000000082600000, 0x0000000082600000| Untracked 
|  39|0x0000000082700000, 0x0000000082700000, 0x0000000082800000|  0%| F|  |TAMS 0x0000000082700000, 0x0000000082700000| Untracked 
|  40|0x0000000082800000, 0x0000000082800000, 0x0000000082900000|  0%| F|  |TAMS 0x0000000082800000, 0x0000000082800000| Untracked 
|  41|0x0000000082900000, 0x0000000082900000, 0x0000000082a00000|  0%| F|  |TAMS 0x0000000082900000, 0x0000000082900000| Untracked 
|  42|0x0000000082a00000, 0x0000000082a77478, 0x0000000082b00000| 46%| S|CS|TAMS 0x0000000082a00000, 0x0000000082a00000| Complete 
|  43|0x0000000082b00000, 0x0000000082c00000, 0x0000000082c00000|100%| S|CS|TAMS 0x0000000082b00000, 0x0000000082b00000| Complete 
|  44|0x0000000082c00000, 0x0000000082d00000, 0x0000000082d00000|100%| S|CS|TAMS 0x0000000082c00000, 0x0000000082c00000| Complete 
|  45|0x0000000082d00000, 0x0000000082e00000, 0x0000000082e00000|100%| S|CS|TAMS 0x0000000082d00000, 0x0000000082d00000| Complete 
|  46|0x0000000082e00000, 0x0000000082f00000, 0x0000000082f00000|100%| S|CS|TAMS 0x0000000082e00000, 0x0000000082e00000| Complete 
|  47|0x0000000082f00000, 0x0000000083000000, 0x0000000083000000|100%| S|CS|TAMS 0x0000000082f00000, 0x0000000082f00000| Complete 
|  48|0x0000000083000000, 0x0000000083000000, 0x0000000083100000|  0%| F|  |TAMS 0x0000000083000000, 0x0000000083000000| Untracked 
|  49|0x0000000083100000, 0x0000000083100000, 0x0000000083200000|  0%| F|  |TAMS 0x0000000083100000, 0x0000000083100000| Untracked 
|  50|0x0000000083200000, 0x0000000083200000, 0x0000000083300000|  0%| F|  |TAMS 0x0000000083200000, 0x0000000083200000| Untracked 
|  51|0x0000000083300000, 0x0000000083300000, 0x0000000083400000|  0%| F|  |TAMS 0x0000000083300000, 0x0000000083300000| Untracked 
|  52|0x0000000083400000, 0x0000000083400000, 0x0000000083500000|  0%| F|  |TAMS 0x0000000083400000, 0x0000000083400000| Untracked 
|  53|0x0000000083500000, 0x0000000083500000, 0x0000000083600000|  0%| F|  |TAMS 0x0000000083500000, 0x0000000083500000| Untracked 
|  54|0x0000000083600000, 0x0000000083600000, 0x0000000083700000|  0%| F|  |TAMS 0x0000000083600000, 0x0000000083600000| Untracked 
|  55|0x0000000083700000, 0x0000000083700000, 0x0000000083800000|  0%| F|  |TAMS 0x0000000083700000, 0x0000000083700000| Untracked 
|  56|0x0000000083800000, 0x0000000083800000, 0x0000000083900000|  0%| F|  |TAMS 0x0000000083800000, 0x0000000083800000| Untracked 
|  57|0x0000000083900000, 0x0000000083900000, 0x0000000083a00000|  0%| F|  |TAMS 0x0000000083900000, 0x0000000083900000| Untracked 
|  58|0x0000000083a00000, 0x0000000083a00000, 0x0000000083b00000|  0%| F|  |TAMS 0x0000000083a00000, 0x0000000083a00000| Untracked 
|  59|0x0000000083b00000, 0x0000000083b00000, 0x0000000083c00000|  0%| F|  |TAMS 0x0000000083b00000, 0x0000000083b00000| Untracked 
|  60|0x0000000083c00000, 0x0000000083c00000, 0x0000000083d00000|  0%| F|  |TAMS 0x0000000083c00000, 0x0000000083c00000| Untracked 
|  61|0x0000000083d00000, 0x0000000083d00000, 0x0000000083e00000|  0%| F|  |TAMS 0x0000000083d00000, 0x0000000083d00000| Untracked 
|  62|0x0000000083e00000, 0x0000000083e00000, 0x0000000083f00000|  0%| F|  |TAMS 0x0000000083e00000, 0x0000000083e00000| Untracked 
|  63|0x0000000083f00000, 0x0000000083f00000, 0x0000000084000000|  0%| F|  |TAMS 0x0000000083f00000, 0x0000000083f00000| Untracked 
|  64|0x0000000084000000, 0x0000000084000000, 0x0000000084100000|  0%| F|  |TAMS 0x0000000084000000, 0x0000000084000000| Untracked 
|  65|0x0000000084100000, 0x0000000084180800, 0x0000000084200000| 50%| E|  |TAMS 0x0000000084100000, 0x0000000084100000| Complete 
|  66|0x0000000084200000, 0x0000000084300000, 0x0000000084300000|100%| E|CS|TAMS 0x0000000084200000, 0x0000000084200000| Complete 
|  67|0x0000000084300000, 0x0000000084400000, 0x0000000084400000|100%| E|CS|TAMS 0x0000000084300000, 0x0000000084300000| Complete 
|  68|0x0000000084400000, 0x0000000084500000, 0x0000000084500000|100%| E|CS|TAMS 0x0000000084400000, 0x0000000084400000| Complete 
|  69|0x0000000084500000, 0x0000000084600000, 0x0000000084600000|100%| E|CS|TAMS 0x0000000084500000, 0x0000000084500000| Complete 
|  70|0x0000000084600000, 0x0000000084700000, 0x0000000084700000|100%| E|CS|TAMS 0x0000000084600000, 0x0000000084600000| Complete 
|  71|0x0000000084700000, 0x0000000084800000, 0x0000000084800000|100%| E|CS|TAMS 0x0000000084700000, 0x0000000084700000| Complete 
|  72|0x0000000084800000, 0x0000000084900000, 0x0000000084900000|100%| E|CS|TAMS 0x0000000084800000, 0x0000000084800000| Complete 
|  73|0x0000000084900000, 0x0000000084a00000, 0x0000000084a00000|100%| E|CS|TAMS 0x0000000084900000, 0x0000000084900000| Complete 
|  74|0x0000000084a00000, 0x0000000084b00000, 0x0000000084b00000|100%| E|CS|TAMS 0x0000000084a00000, 0x0000000084a00000| Complete 
|  75|0x0000000084b00000, 0x0000000084c00000, 0x0000000084c00000|100%| E|CS|TAMS 0x0000000084b00000, 0x0000000084b00000| Complete 
|  76|0x0000000084c00000, 0x0000000084d00000, 0x0000000084d00000|100%| E|CS|TAMS 0x0000000084c00000, 0x0000000084c00000| Complete 
|  77|0x0000000084d00000, 0x0000000084e00000, 0x0000000084e00000|100%| E|CS|TAMS 0x0000000084d00000, 0x0000000084d00000| Complete 
|  78|0x0000000084e00000, 0x0000000084f00000, 0x0000000084f00000|100%| E|CS|TAMS 0x0000000084e00000, 0x0000000084e00000| Complete 
|  79|0x0000000084f00000, 0x0000000085000000, 0x0000000085000000|100%| E|CS|TAMS 0x0000000084f00000, 0x0000000084f00000| Complete 
|  80|0x0000000085000000, 0x0000000085100000, 0x0000000085100000|100%| E|CS|TAMS 0x0000000085000000, 0x0000000085000000| Complete 
|  81|0x0000000085100000, 0x0000000085200000, 0x0000000085200000|100%| E|CS|TAMS 0x0000000085100000, 0x0000000085100000| Complete 
|  82|0x0000000085200000, 0x0000000085300000, 0x0000000085300000|100%| E|CS|TAMS 0x0000000085200000, 0x0000000085200000| Complete 
|  83|0x0000000085300000, 0x0000000085400000, 0x0000000085400000|100%| E|CS|TAMS 0x0000000085300000, 0x0000000085300000| Complete 
|  84|0x0000000085400000, 0x0000000085500000, 0x0000000085500000|100%| E|CS|TAMS 0x0000000085400000, 0x0000000085400000| Complete 
|  85|0x0000000085500000, 0x0000000085600000, 0x0000000085600000|100%| E|CS|TAMS 0x0000000085500000, 0x0000000085500000| Complete 
|  86|0x0000000085600000, 0x0000000085700000, 0x0000000085700000|100%| E|CS|TAMS 0x0000000085600000, 0x0000000085600000| Complete 
|  87|0x0000000085700000, 0x0000000085800000, 0x0000000085800000|100%| E|CS|TAMS 0x0000000085700000, 0x0000000085700000| Complete 
|  88|0x0000000085800000, 0x0000000085900000, 0x0000000085900000|100%| E|CS|TAMS 0x0000000085800000, 0x0000000085800000| Complete 
|  89|0x0000000085900000, 0x0000000085a00000, 0x0000000085a00000|100%| E|CS|TAMS 0x0000000085900000, 0x0000000085900000| Complete 
|  90|0x0000000085a00000, 0x0000000085b00000, 0x0000000085b00000|100%| E|CS|TAMS 0x0000000085a00000, 0x0000000085a00000| Complete 
|  91|0x0000000085b00000, 0x0000000085c00000, 0x0000000085c00000|100%| E|CS|TAMS 0x0000000085b00000, 0x0000000085b00000| Complete 
|  92|0x0000000085c00000, 0x0000000085d00000, 0x0000000085d00000|100%| E|CS|TAMS 0x0000000085c00000, 0x0000000085c00000| Complete 
|  93|0x0000000085d00000, 0x0000000085e00000, 0x0000000085e00000|100%| E|CS|TAMS 0x0000000085d00000, 0x0000000085d00000| Complete 
|  94|0x0000000085e00000, 0x0000000085f00000, 0x0000000085f00000|100%| E|CS|TAMS 0x0000000085e00000, 0x0000000085e00000| Complete 
| 125|0x0000000087d00000, 0x0000000087e00000, 0x0000000087e00000|100%| E|CS|TAMS 0x0000000087d00000, 0x0000000087d00000| Complete 

Card table byte_map: [0x0000022a501d0000,0x0000022a505d0000] _byte_map_base: 0x0000022a4fdd0000

Marking Bits (Prev, Next): (CMBitMap*) 0x0000022a3d7b4fc0, (CMBitMap*) 0x0000022a3d7b5000
 Prev Bits: [0x0000022a509d0000, 0x0000022a529d0000)
 Next Bits: [0x0000022a529d0000, 0x0000022a549d0000)

Polling page: 0x0000022a3cee0000

Metaspace:

Usage:
  Non-class:     37.93 MB used.
      Class:      4.73 MB used.
       Both:     42.67 MB used.

Virtual space:
  Non-class space:       64.00 MB reserved,      38.19 MB ( 60%) committed,  1 nodes.
      Class space:        1.00 GB reserved,       5.00 MB ( <1%) committed,  1 nodes.
             Both:        1.06 GB reserved,      43.19 MB (  4%) committed. 

Chunk freelists:
   Non-Class:  9.19 MB
       Class:  10.97 MB
        Both:  20.16 MB

MaxMetaspaceSize: unlimited
CompressedClassSpaceSize: 1.00 GB
Initial GC threshold: 21.00 MB
Current GC threshold: 58.75 MB
CDS: off
MetaspaceReclaimPolicy: balanced
 - commit_granule_bytes: 65536.
 - commit_granule_words: 8192.
 - virtual_space_node_default_size: 8388608.
 - enlarge_chunks_in_place: 1.
 - new_chunks_are_fully_committed: 0.
 - uncommit_free_chunks: 1.
 - use_allocation_guard: 0.
 - handle_deallocations: 1.


Internal statistics:

num_allocs_failed_limit: 6.
num_arena_births: 640.
num_arena_deaths: 0.
num_vsnodes_births: 2.
num_vsnodes_deaths: 0.
num_space_committed: 691.
num_space_uncommitted: 0.
num_chunks_returned_to_freelist: 6.
num_chunks_taken_from_freelist: 1688.
num_chunk_merges: 6.
num_chunk_splits: 1144.
num_chunks_enlarged: 788.
num_inconsistent_stats: 0.

CodeHeap 'non-profiled nmethods': size=120000Kb used=2949Kb max_used=2949Kb free=117050Kb
 bounds [0x0000022a488a0000, 0x0000022a48b90000, 0x0000022a4fdd0000]
CodeHeap 'profiled nmethods': size=120000Kb used=8734Kb max_used=8734Kb free=111265Kb
 bounds [0x0000022a40dd0000, 0x0000022a41660000, 0x0000022a48300000]
CodeHeap 'non-nmethods': size=5760Kb used=2319Kb max_used=2372Kb free=3440Kb
 bounds [0x0000022a48300000, 0x0000022a48570000, 0x0000022a488a0000]
 total_blobs=5434 nmethods=4609 adapters=737
 compilation: enabled
              stopped_count=0, restarted_count=0
 full_count=0

Compilation events (20 events):
Event: 15.049 Thread 0x0000022a5b066fd0 5316       3       java.util.Arrays$ArrayList::iterator (12 bytes)
Event: 15.049 Thread 0x0000022a5b066fd0 nmethod 5316 0x0000022a41644b90 code [0x0000022a41644d40, 0x0000022a41644fb8]
Event: 15.049 Thread 0x0000022a5b066fd0 5317       3       java.util.Arrays$ArrayItr::<init> (10 bytes)
Event: 15.049 Thread 0x0000022a5b066fd0 nmethod 5317 0x0000022a41645090 code [0x0000022a41645220, 0x0000022a416453d8]
Event: 15.050 Thread 0x0000022a5b066fd0 5318   !   3       java.lang.invoke.ClassSpecializer::findSpecies (146 bytes)
Event: 15.051 Thread 0x0000022a5b066fd0 nmethod 5318 0x0000022a41645490 code [0x0000022a41645780, 0x0000022a41646838]
Event: 15.051 Thread 0x0000022a5b066fd0 5315       3       java.util.Formatter::ensureOpen (16 bytes)
Event: 15.051 Thread 0x0000022a5b066fd0 nmethod 5315 0x0000022a41647090 code [0x0000022a41647240, 0x0000022a41647408]
Event: 15.051 Thread 0x0000022a5b066fd0 5319       3       com.sun.org.apache.xerces.internal.utils.XMLSecurityManager$NameMap::getOldName (18 bytes)
Event: 15.051 Thread 0x0000022a5b066fd0 nmethod 5319 0x0000022a41647510 code [0x0000022a416476c0, 0x0000022a41647888]
Event: 15.051 Thread 0x0000022a5b066fd0 5320       3       com.sun.org.apache.xerces.internal.util.FeatureState::isExceptional (8 bytes)
Event: 15.052 Thread 0x0000022a5b066fd0 nmethod 5320 0x0000022a41647990 code [0x0000022a41647b20, 0x0000022a41647c58]
Event: 15.052 Thread 0x0000022a5b066fd0 5321       3       com.sun.org.apache.xerces.internal.impl.XMLEntityScanner::peekChar (63 bytes)
Event: 15.053 Thread 0x0000022a5b066fd0 nmethod 5321 0x0000022a41647d10 code [0x0000022a41647ec0, 0x0000022a41648168]
Event: 15.053 Thread 0x0000022a5b066fd0 5322       3       com.sun.org.apache.xerces.internal.util.XMLChar::isSpace (22 bytes)
Event: 15.053 Thread 0x0000022a5b066fd0 nmethod 5322 0x0000022a41648290 code [0x0000022a41648420, 0x0000022a416485d8]
Event: 15.053 Thread 0x0000022a5b066fd0 5323       3       com.sun.org.apache.xerces.internal.impl.XMLEntityScanner::skipChar (142 bytes)
Event: 15.053 Thread 0x0000022a5b066fd0 nmethod 5323 0x0000022a41648690 code [0x0000022a41648860, 0x0000022a41648b78]
Event: 15.060 Thread 0x0000022a5b066fd0 5324       1       org.codehaus.groovy.vmplugin.v8.MethodHandleWrapper::isCanSetTarget (5 bytes)
Event: 15.060 Thread 0x0000022a5b066fd0 nmethod 5324 0x0000022a48b80c90 code [0x0000022a48b80e20, 0x0000022a48b80ef8]

GC Heap History (20 events):
Event: 2.939 GC heap before
{Heap before GC invocations=2 (full 0):
 garbage-first heap   total 129024K, used 30630K [0x0000000080000000, 0x0000000100000000)
  region size 1024K, 19 young (19456K), 2 survivors (2048K)
 Metaspace       used 10573K, committed 10752K, reserved 1114112K
  class space    used 903K, committed 960K, reserved 1048576K
}
Event: 2.943 GC heap after
{Heap after GC invocations=3 (full 0):
 garbage-first heap   total 129024K, used 16111K [0x0000000080000000, 0x0000000100000000)
  region size 1024K, 3 young (3072K), 3 survivors (3072K)
 Metaspace       used 10573K, committed 10752K, reserved 1114112K
  class space    used 903K, committed 960K, reserved 1048576K
}
Event: 4.443 GC heap before
{Heap before GC invocations=3 (full 0):
 garbage-first heap   total 129024K, used 85743K [0x0000000080000000, 0x0000000100000000)
  region size 1024K, 71 young (72704K), 3 survivors (3072K)
 Metaspace       used 21322K, committed 21504K, reserved 1114112K
  class space    used 2222K, committed 2304K, reserved 1048576K
}
Event: 4.453 GC heap after
{Heap after GC invocations=4 (full 0):
 garbage-first heap   total 129024K, used 23118K [0x0000000080000000, 0x0000000100000000)
  region size 1024K, 8 young (8192K), 8 survivors (8192K)
 Metaspace       used 21322K, committed 21504K, reserved 1114112K
  class space    used 2222K, committed 2304K, reserved 1048576K
}
Event: 4.881 GC heap before
{Heap before GC invocations=5 (full 0):
 garbage-first heap   total 81920K, used 64078K [0x0000000080000000, 0x0000000100000000)
  region size 1024K, 48 young (49152K), 8 survivors (8192K)
 Metaspace       used 22145K, committed 22400K, reserved 1114112K
  class space    used 2310K, committed 2432K, reserved 1048576K
}
Event: 4.895 GC heap after
{Heap after GC invocations=6 (full 0):
 garbage-first heap   total 81920K, used 22396K [0x0000000080000000, 0x0000000100000000)
  region size 1024K, 2 young (2048K), 2 survivors (2048K)
 Metaspace       used 22145K, committed 22400K, reserved 1114112K
  class space    used 2310K, committed 2432K, reserved 1048576K
}
Event: 5.598 GC heap before
{Heap before GC invocations=6 (full 0):
 garbage-first heap   total 81920K, used 56188K [0x0000000080000000, 0x0000000100000000)
  region size 1024K, 35 young (35840K), 2 survivors (2048K)
 Metaspace       used 24967K, committed 25280K, reserved 1114112K
  class space    used 2607K, committed 2752K, reserved 1048576K
}
Event: 5.606 GC heap after
{Heap after GC invocations=7 (full 0):
 garbage-first heap   total 81920K, used 24336K [0x0000000080000000, 0x0000000100000000)
  region size 1024K, 4 young (4096K), 4 survivors (4096K)
 Metaspace       used 24967K, committed 25280K, reserved 1114112K
  class space    used 2607K, committed 2752K, reserved 1048576K
}
Event: 6.524 GC heap before
{Heap before GC invocations=7 (full 0):
 garbage-first heap   total 81920K, used 59152K [0x0000000080000000, 0x0000000100000000)
  region size 1024K, 38 young (38912K), 4 survivors (4096K)
 Metaspace       used 30649K, committed 31040K, reserved 1114112K
  class space    used 3271K, committed 3456K, reserved 1048576K
}
Event: 6.533 GC heap after
{Heap after GC invocations=8 (full 0):
 garbage-first heap   total 81920K, used 26786K [0x0000000080000000, 0x0000000100000000)
  region size 1024K, 5 young (5120K), 5 survivors (5120K)
 Metaspace       used 30649K, committed 31040K, reserved 1114112K
  class space    used 3271K, committed 3456K, reserved 1048576K
}
Event: 6.824 GC heap before
{Heap before GC invocations=8 (full 0):
 garbage-first heap   total 81920K, used 63650K [0x0000000080000000, 0x0000000100000000)
  region size 1024K, 38 young (38912K), 5 survivors (5120K)
 Metaspace       used 31872K, committed 32256K, reserved 1114112K
  class space    used 3351K, committed 3520K, reserved 1048576K
}
Event: 6.833 GC heap after
{Heap after GC invocations=9 (full 0):
 garbage-first heap   total 81920K, used 27691K [0x0000000080000000, 0x0000000100000000)
  region size 1024K, 4 young (4096K), 4 survivors (4096K)
 Metaspace       used 31872K, committed 32256K, reserved 1114112K
  class space    used 3351K, committed 3520K, reserved 1048576K
}
Event: 7.134 GC heap before
{Heap before GC invocations=9 (full 0):
 garbage-first heap   total 81920K, used 62507K [0x0000000080000000, 0x0000000100000000)
  region size 1024K, 38 young (38912K), 4 survivors (4096K)
 Metaspace       used 32076K, committed 32448K, reserved 1114112K
  class space    used 3371K, committed 3520K, reserved 1048576K
}
Event: 7.140 GC heap after
{Heap after GC invocations=10 (full 0):
 garbage-first heap   total 81920K, used 28624K [0x0000000080000000, 0x0000000100000000)
  region size 1024K, 2 young (2048K), 2 survivors (2048K)
 Metaspace       used 32076K, committed 32448K, reserved 1114112K
  class space    used 3371K, committed 3520K, reserved 1048576K
}
Event: 7.369 GC heap before
{Heap before GC invocations=10 (full 0):
 garbage-first heap   total 81920K, used 63440K [0x0000000080000000, 0x0000000100000000)
  region size 1024K, 36 young (36864K), 2 survivors (2048K)
 Metaspace       used 32204K, committed 32640K, reserved 1114112K
  class space    used 3380K, committed 3584K, reserved 1048576K
}
Event: 7.375 GC heap after
{Heap after GC invocations=11 (full 0):
 garbage-first heap   total 98304K, used 30168K [0x0000000080000000, 0x0000000100000000)
  region size 1024K, 4 young (4096K), 4 survivors (4096K)
 Metaspace       used 32204K, committed 32640K, reserved 1114112K
  class space    used 3380K, committed 3584K, reserved 1048576K
}
Event: 8.641 GC heap before
{Heap before GC invocations=11 (full 0):
 garbage-first heap   total 98304K, used 67032K [0x0000000080000000, 0x0000000100000000)
  region size 1024K, 41 young (41984K), 4 survivors (4096K)
 Metaspace       used 35553K, committed 35968K, reserved 1114112K
  class space    used 3770K, committed 3968K, reserved 1048576K
}
Event: 8.651 GC heap after
{Heap after GC invocations=12 (full 0):
 garbage-first heap   total 98304K, used 32591K [0x0000000080000000, 0x0000000100000000)
  region size 1024K, 6 young (6144K), 6 survivors (6144K)
 Metaspace       used 35553K, committed 35968K, reserved 1114112K
  class space    used 3770K, committed 3968K, reserved 1048576K
}
Event: 10.545 GC heap before
{Heap before GC invocations=13 (full 0):
 garbage-first heap   total 98304K, used 75599K [0x0000000080000000, 0x0000000100000000)
  region size 1024K, 48 young (49152K), 6 survivors (6144K)
 Metaspace       used 42147K, committed 42688K, reserved 1114112K
  class space    used 4678K, committed 4928K, reserved 1048576K
}
Event: 10.560 GC heap after
{Heap after GC invocations=14 (full 0):
 garbage-first heap   total 98304K, used 35538K [0x0000000080000000, 0x0000000100000000)
  region size 1024K, 6 young (6144K), 6 survivors (6144K)
 Metaspace       used 42147K, committed 42688K, reserved 1114112K
  class space    used 4678K, committed 4928K, reserved 1048576K
}

Dll operation events (7 events):
Event: 0.059 Loaded shared library C:\Users\LENOVO\.katalon\packages\Katalon_Studio_Windows_64-9.3.0\Katalon_Studio_Windows_64-9.3.0\jre\bin\java.dll
Event: 0.582 Loaded shared library C:\Users\LENOVO\.katalon\packages\Katalon_Studio_Windows_64-9.3.0\Katalon_Studio_Windows_64-9.3.0\jre\bin\net.dll
Event: 0.596 Loaded shared library C:\Users\LENOVO\.katalon\packages\Katalon_Studio_Windows_64-9.3.0\Katalon_Studio_Windows_64-9.3.0\jre\bin\nio.dll
Event: 0.621 Loaded shared library C:\Users\LENOVO\.katalon\packages\Katalon_Studio_Windows_64-9.3.0\Katalon_Studio_Windows_64-9.3.0\jre\bin\zip.dll
Event: 2.071 Loaded shared library C:\Users\LENOVO\.katalon\packages\Katalon_Studio_Windows_64-9.3.0\Katalon_Studio_Windows_64-9.3.0\jre\bin\verify.dll
Event: 2.698 Loaded shared library C:\Users\LENOVO\.katalon\packages\Katalon_Studio_Windows_64-9.3.0\Katalon_Studio_Windows_64-9.3.0\jre\bin\jimage.dll
Event: 9.603 Loaded shared library C:\Users\LENOVO\.katalon\packages\Katalon_Studio_Windows_64-9.3.0\Katalon_Studio_Windows_64-9.3.0\jre\bin\sunmscapi.dll

Deoptimization events (20 events):
Event: 12.269 Thread 0x0000022a3d757f30 DEOPT PACKING pc=0x0000022a4896ed24 sp=0x000000518f9faef0
Event: 12.269 Thread 0x0000022a3d757f30 DEOPT UNPACKING pc=0x0000022a4835a1a3 sp=0x000000518f9fae98 mode 2
Event: 14.960 Thread 0x0000022a3d757f30 DEOPT PACKING pc=0x0000022a40ea395a sp=0x000000518f9fb030
Event: 14.960 Thread 0x0000022a3d757f30 DEOPT UNPACKING pc=0x0000022a4835ace3 sp=0x000000518f9fa528 mode 0
Event: 15.013 Thread 0x0000022a3d757f30 Uncommon trap: trap_request=0xffffff45 fr.pc=0x0000022a489a7924 relative=0x00000000000000a4
Event: 15.013 Thread 0x0000022a3d757f30 Uncommon trap: reason=unstable_if action=reinterpret pc=0x0000022a489a7924 method=java.lang.Integer.stringSize(I)I @ 3 c2
Event: 15.013 Thread 0x0000022a3d757f30 DEOPT PACKING pc=0x0000022a489a7924 sp=0x000000518f9fa0f0
Event: 15.013 Thread 0x0000022a3d757f30 DEOPT UNPACKING pc=0x0000022a4835a1a3 sp=0x000000518f9fa078 mode 2
Event: 15.013 Thread 0x0000022a3d757f30 Uncommon trap: trap_request=0xffffff45 fr.pc=0x0000022a4899c038 relative=0x0000000000000298
Event: 15.013 Thread 0x0000022a3d757f30 Uncommon trap: reason=unstable_if action=reinterpret pc=0x0000022a4899c038 method=java.lang.Integer.getChars(II[B)I @ 4 c2
Event: 15.013 Thread 0x0000022a3d757f30 DEOPT PACKING pc=0x0000022a4899c038 sp=0x000000518f9fa0d0
Event: 15.013 Thread 0x0000022a3d757f30 DEOPT UNPACKING pc=0x0000022a4835a1a3 sp=0x000000518f9fa060 mode 2
Event: 15.063 Thread 0x0000022a3d757f30 Uncommon trap: trap_request=0xffffff45 fr.pc=0x0000022a4896e384 relative=0x00000000000009a4
Event: 15.063 Thread 0x0000022a3d757f30 Uncommon trap: reason=unstable_if action=reinterpret pc=0x0000022a4896e384 method=java.util.regex.Matcher.reset()Ljava/util/regex/Matcher; @ 71 c2
Event: 15.063 Thread 0x0000022a3d757f30 DEOPT PACKING pc=0x0000022a4896e384 sp=0x000000518f9fc790
Event: 15.063 Thread 0x0000022a3d757f30 DEOPT UNPACKING pc=0x0000022a4835a1a3 sp=0x000000518f9fc650 mode 2
Event: 15.063 Thread 0x0000022a3d757f30 Uncommon trap: trap_request=0xffffff45 fr.pc=0x0000022a4899e704 relative=0x00000000000005a4
Event: 15.063 Thread 0x0000022a3d757f30 Uncommon trap: reason=unstable_if action=reinterpret pc=0x0000022a4899e704 method=java.util.regex.Matcher.search(I)Z @ 76 c2
Event: 15.063 Thread 0x0000022a3d757f30 DEOPT PACKING pc=0x0000022a4899e704 sp=0x000000518f9fc760
Event: 15.063 Thread 0x0000022a3d757f30 DEOPT UNPACKING pc=0x0000022a4835a1a3 sp=0x000000518f9fc6d0 mode 2

Classes unloaded (0 events):
No events

Classes redefined (0 events):
No events

Internal exceptions (20 events):
Event: 12.275 Thread 0x0000022a3d757f30 Exception <a 'java/lang/ClassNotFoundException'{0x0000000085585c40}: com/kms/katalon/core/webui/keyword/builtin/NavigateToUrlKeywordBeanInfo> (0x0000000085585c40) 
thrown [s\src\hotspot\share\classfile\systemDictionary.cpp, line 256]
Event: 12.277 Thread 0x0000022a3d757f30 Exception <a 'java/lang/ClassNotFoundException'{0x00000000855aab98}: com/kms/katalon/core/webui/keyword/builtin/NavigateToUrlKeywordCustomizer> (0x00000000855aab98) 
thrown [s\src\hotspot\share\classfile\systemDictionary.cpp, line 256]
Event: 14.659 Thread 0x0000022a3d757f30 Exception <a 'java/lang/ClassNotFoundException'{0x00000000854da858}: KatalonReportListenerBeanInfo> (0x00000000854da858) 
thrown [s\src\hotspot\share\classfile\systemDictionary.cpp, line 256]
Event: 14.660 Thread 0x0000022a3d757f30 Exception <a 'java/lang/ClassNotFoundException'{0x00000000854f48f8}: KatalonReportListenerCustomizer> (0x00000000854f48f8) 
thrown [s\src\hotspot\share\classfile\systemDictionary.cpp, line 256]
Event: 14.814 Thread 0x0000022a3d757f30 Exception <a 'java/lang/ClassNotFoundException'{0x0000000084b58e28}: Script1709294318629BeanInfo> (0x0000000084b58e28) 
thrown [s\src\hotspot\share\classfile\systemDictionary.cpp, line 256]
Event: 14.820 Thread 0x0000022a3d757f30 Exception <a 'java/lang/ClassNotFoundException'{0x0000000084b93070}: Script1709294318629Customizer> (0x0000000084b93070) 
thrown [s\src\hotspot\share\classfile\systemDictionary.cpp, line 256]
Event: 14.829 Thread 0x0000022a3d757f30 Exception <a 'java/lang/ClassNotFoundException'{0x0000000084bec678}: com/kms/katalon/core/testcase/TestCaseFactoryBeanInfo> (0x0000000084bec678) 
thrown [s\src\hotspot\share\classfile\systemDictionary.cpp, line 256]
Event: 14.832 Thread 0x0000022a3d757f30 Exception <a 'java/lang/ClassNotFoundException'{0x0000000084a1c038}: com/kms/katalon/core/testcase/TestCaseFactoryCustomizer> (0x0000000084a1c038) 
thrown [s\src\hotspot\share\classfile\systemDictionary.cpp, line 256]
Event: 14.880 Thread 0x0000022a3d757f30 Exception <a 'java/lang/ClassNotFoundException'{0x00000000849adf18}: com/kms/katalon/core/keyword/builtin/CallTestCaseKeywordBeanInfo> (0x00000000849adf18) 
thrown [s\src\hotspot\share\classfile\systemDictionary.cpp, line 256]
Event: 14.884 Thread 0x0000022a3d757f30 Exception <a 'java/lang/ClassNotFoundException'{0x00000000849dfc10}: com/kms/katalon/core/keyword/builtin/CallTestCaseKeywordCustomizer> (0x00000000849dfc10) 
thrown [s\src\hotspot\share\classfile\systemDictionary.cpp, line 256]
Event: 15.023 Thread 0x0000022a3d757f30 Exception <a 'java/lang/ClassNotFoundException'{0x00000000845c1858}: Script1709049914229BeanInfo> (0x00000000845c1858) 
thrown [s\src\hotspot\share\classfile\systemDictionary.cpp, line 256]
Event: 15.026 Thread 0x0000022a3d757f30 Exception <a 'java/lang/ClassNotFoundException'{0x00000000845fc590}: Script1709049914229Customizer> (0x00000000845fc590) 
thrown [s\src\hotspot\share\classfile\systemDictionary.cpp, line 256]
Event: 15.038 Thread 0x0000022a3d757f30 Exception <a 'java/lang/ClassNotFoundException'{0x0000000084469760}: com/kms/katalon/core/logging/model/TestStatus$TestStatusValueBeanInfo> (0x0000000084469760) 
thrown [s\src\hotspot\share\classfile\systemDictionary.cpp, line 256]
Event: 15.040 Thread 0x0000022a3d757f30 Exception <a 'java/lang/ClassNotFoundException'{0x000000008449d248}: com/kms/katalon/core/logging/model/TestStatus$TestStatusValueCustomizer> (0x000000008449d248) 
thrown [s\src\hotspot\share\classfile\systemDictionary.cpp, line 256]
Event: 15.042 Thread 0x0000022a3d757f30 Exception <a 'java/io/IOException'{0x00000000844d1de8}> (0x00000000844d1de8) 
thrown [s\src\hotspot\share\prims\jni.cpp, line 516]
Event: 15.047 Thread 0x0000022a3d757f30 Exception <a 'java/io/IOException'{0x00000000844f78a8}> (0x00000000844f78a8) 
thrown [s\src\hotspot\share\prims\jni.cpp, line 516]
Event: 15.048 Thread 0x0000022a3d757f30 Exception <a 'java/io/IOException'{0x00000000844fc1b8}> (0x00000000844fc1b8) 
thrown [s\src\hotspot\share\prims\jni.cpp, line 516]
Event: 15.058 Thread 0x0000022a3d757f30 Exception <a 'java/lang/ClassNotFoundException'{0x000000008435e9e0}: internal/GlobalVariableBeanInfo> (0x000000008435e9e0) 
thrown [s\src\hotspot\share\classfile\systemDictionary.cpp, line 256]
Event: 15.059 Thread 0x0000022a3d757f30 Exception <a 'java/lang/ClassNotFoundException'{0x00000000843893e0}: internal/GlobalVariableCustomizer> (0x00000000843893e0) 
thrown [s\src\hotspot\share\classfile\systemDictionary.cpp, line 256]
Event: 15.068 Thread 0x0000022a3d757f30 Exception <a 'java/lang/ClassNotFoundException'{0x00000000843df3a0}: sun/misc/SharedSecrets> (0x00000000843df3a0) 
thrown [s\src\hotspot\share\classfile\systemDictionary.cpp, line 256]

VM Operations (20 events):
Event: 10.274 Executing VM operation: HandshakeAllThreads
Event: 10.274 Executing VM operation: HandshakeAllThreads done
Event: 10.274 Executing VM operation: Cleanup
Event: 10.274 Executing VM operation: Cleanup done
Event: 10.275 Executing VM operation: HandshakeAllThreads
Event: 10.275 Executing VM operation: HandshakeAllThreads done
Event: 10.277 Executing VM operation: HandshakeAllThreads
Event: 10.277 Executing VM operation: HandshakeAllThreads done
Event: 10.545 Executing VM operation: G1CollectForAllocation
Event: 10.560 Executing VM operation: G1CollectForAllocation done
Event: 11.565 Executing VM operation: Cleanup
Event: 11.565 Executing VM operation: Cleanup done
Event: 11.811 Executing VM operation: HandshakeAllThreads
Event: 11.811 Executing VM operation: HandshakeAllThreads done
Event: 12.814 Executing VM operation: Cleanup
Event: 12.814 Executing VM operation: Cleanup done
Event: 14.791 Executing VM operation: HandshakeAllThreads
Event: 14.791 Executing VM operation: HandshakeAllThreads done
Event: 14.791 Executing VM operation: Cleanup
Event: 14.791 Executing VM operation: Cleanup done

Events (20 events):
Event: 12.024 loading class java/lang/StackTraceElement$HashedModules
Event: 12.024 loading class java/lang/StackTraceElement$HashedModules done
Event: 12.261 Thread 0x0000022a5bbb80b0 Thread exited: 0x0000022a5bbb80b0
Event: 12.273 Thread 0x0000022a5bbb80b0 Thread added: 0x0000022a5bbb80b0
Event: 12.284 loading class sun/net/www/protocol/https/Handler
Event: 12.287 loading class sun/net/www/protocol/https/Handler done
Event: 14.650 Thread 0x0000022a5bbb80b0 Thread exited: 0x0000022a5bbb80b0
Event: 14.682 Thread 0x0000022a5bbb80b0 Thread added: 0x0000022a5bbb80b0
Event: 14.724 loading class java/lang/Enum$STOP_ON_FAILURE
Event: 14.724 loading class java/lang/Enum$STOP_ON_FAILURE done
Event: 14.727 loading class java/lang/Object$STOP_ON_FAILURE
Event: 14.727 loading class java/lang/Object$STOP_ON_FAILURE done
Event: 14.778 loading class java/lang/Object$GproductName
Event: 14.778 loading class java/lang/Object$GproductName done
Event: 15.043 loading class java/lang/Throwable$WrappedPrintStream
Event: 15.043 loading class java/lang/Throwable$WrappedPrintStream done
Event: 15.068 loading class sun/misc/SharedSecrets
Event: 15.068 loading class sun/misc/SharedSecrets done
Event: 15.068 loading class java/lang/Throwable$WrappedPrintWriter
Event: 15.068 loading class java/lang/Throwable$WrappedPrintWriter done


Dynamic libraries:
0x00007ff6a9370000 - 0x00007ff6a937e000 	C:\Users\LENOVO\.katalon\packages\Katalon_Studio_Windows_64-9.3.0\Katalon_Studio_Windows_64-9.3.0\jre\bin\javaw.exe
0x00007ff94e870000 - 0x00007ff94ea84000 	C:\Windows\SYSTEM32\ntdll.dll
0x00007ff94e5a0000 - 0x00007ff94e662000 	C:\Windows\System32\KERNEL32.DLL
0x00007ff94c040000 - 0x00007ff94c3e3000 	C:\Windows\System32\KERNELBASE.dll
0x00007ff94c420000 - 0x00007ff94c531000 	C:\Windows\System32\ucrtbase.dll
0x00007ff946040000 - 0x00007ff946057000 	C:\Users\LENOVO\.katalon\packages\Katalon_Studio_Windows_64-9.3.0\Katalon_Studio_Windows_64-9.3.0\jre\bin\jli.dll
0x00007ff94ca40000 - 0x00007ff94cbea000 	C:\Windows\System32\USER32.dll
0x00007ff94c3f0000 - 0x00007ff94c416000 	C:\Windows\System32\win32u.dll
0x00007ff94e670000 - 0x00007ff94e699000 	C:\Windows\System32\GDI32.dll
0x00007ff94bf20000 - 0x00007ff94c039000 	C:\Windows\System32\gdi32full.dll
0x00007ff94c540000 - 0x00007ff94c5da000 	C:\Windows\System32\msvcp_win.dll
0x00007ff9314a0000 - 0x00007ff93172e000 	C:\Windows\WinSxS\amd64_microsoft.windows.common-controls_6595b64144ccf1df_6.0.22621.1635_none_270f70857386168e\COMCTL32.dll
0x00007ff94cec0000 - 0x00007ff94cf67000 	C:\Windows\System32\msvcrt.dll
0x00007ff92c940000 - 0x00007ff92c959000 	C:\Users\LENOVO\.katalon\packages\Katalon_Studio_Windows_64-9.3.0\Katalon_Studio_Windows_64-9.3.0\jre\bin\VCRUNTIME140.dll
0x00007ff94cfd0000 - 0x00007ff94d001000 	C:\Windows\System32\IMM32.DLL
0x00007ff93d2e0000 - 0x00007ff93d2ec000 	C:\Users\LENOVO\.katalon\packages\Katalon_Studio_Windows_64-9.3.0\Katalon_Studio_Windows_64-9.3.0\jre\bin\vcruntime140_1.dll
0x00007ff90a650000 - 0x00007ff90a6e1000 	C:\Users\LENOVO\.katalon\packages\Katalon_Studio_Windows_64-9.3.0\Katalon_Studio_Windows_64-9.3.0\jre\bin\msvcp140.dll
0x00007ff8c7770000 - 0x00007ff8c83b8000 	C:\Users\LENOVO\.katalon\packages\Katalon_Studio_Windows_64-9.3.0\Katalon_Studio_Windows_64-9.3.0\jre\bin\server\jvm.dll
0x00007ff94d830000 - 0x00007ff94d8de000 	C:\Windows\System32\ADVAPI32.dll
0x00007ff94dec0000 - 0x00007ff94df64000 	C:\Windows\System32\sechost.dll
0x00007ff94e6a0000 - 0x00007ff94e7b7000 	C:\Windows\System32\RPCRT4.dll
0x00007ff942590000 - 0x00007ff9425c4000 	C:\Windows\SYSTEM32\WINMM.dll
0x00007ff9404d0000 - 0x00007ff9404da000 	C:\Windows\SYSTEM32\VERSION.dll
0x00007ff946a50000 - 0x00007ff946a59000 	C:\Windows\SYSTEM32\WSOCK32.dll
0x00007ff94ce40000 - 0x00007ff94ceb1000 	C:\Windows\System32\ws2_32.DLL
0x00007ff94ac90000 - 0x00007ff94aca8000 	C:\Windows\SYSTEM32\kernel.appcore.dll
0x00007ff946060000 - 0x00007ff94606a000 	C:\Users\LENOVO\.katalon\packages\Katalon_Studio_Windows_64-9.3.0\Katalon_Studio_Windows_64-9.3.0\jre\bin\jimage.dll
0x00007ff949520000 - 0x00007ff94974e000 	C:\Windows\SYSTEM32\DBGHELP.DLL
0x00007ff94db30000 - 0x00007ff94deb9000 	C:\Windows\System32\combase.dll
0x00007ff94e460000 - 0x00007ff94e537000 	C:\Windows\System32\OLEAUT32.dll
0x00007ff931460000 - 0x00007ff931492000 	C:\Windows\SYSTEM32\dbgcore.DLL
0x00007ff94bc70000 - 0x00007ff94bcea000 	C:\Windows\System32\bcryptPrimitives.dll
0x00007ff90fe80000 - 0x00007ff90fea5000 	C:\Users\LENOVO\.katalon\packages\Katalon_Studio_Windows_64-9.3.0\Katalon_Studio_Windows_64-9.3.0\jre\bin\java.dll
0x00007ff90ef80000 - 0x00007ff90ef98000 	C:\Users\LENOVO\.katalon\packages\Katalon_Studio_Windows_64-9.3.0\Katalon_Studio_Windows_64-9.3.0\jre\bin\zip.dll
0x00007ff94d030000 - 0x00007ff94d829000 	C:\Windows\System32\SHELL32.dll
0x00007ff949c10000 - 0x00007ff94a4de000 	C:\Windows\SYSTEM32\windows.storage.dll
0x00007ff949ad0000 - 0x00007ff949c0e000 	C:\Windows\SYSTEM32\wintypes.dll
0x00007ff94c650000 - 0x00007ff94c741000 	C:\Windows\System32\SHCORE.dll
0x00007ff94e540000 - 0x00007ff94e59e000 	C:\Windows\System32\shlwapi.dll
0x00007ff94bba0000 - 0x00007ff94bbc6000 	C:\Windows\SYSTEM32\profapi.dll
0x00007ff904d30000 - 0x00007ff904d49000 	C:\Users\LENOVO\.katalon\packages\Katalon_Studio_Windows_64-9.3.0\Katalon_Studio_Windows_64-9.3.0\jre\bin\net.dll
0x00007ff943c80000 - 0x00007ff943db7000 	C:\Windows\SYSTEM32\WINHTTP.dll
0x00007ff94b130000 - 0x00007ff94b199000 	C:\Windows\system32\mswsock.dll
0x00007ff903440000 - 0x00007ff903455000 	C:\Users\LENOVO\.katalon\packages\Katalon_Studio_Windows_64-9.3.0\Katalon_Studio_Windows_64-9.3.0\jre\bin\nio.dll
0x00007ff943ea0000 - 0x00007ff943eb0000 	C:\Users\LENOVO\.katalon\packages\Katalon_Studio_Windows_64-9.3.0\Katalon_Studio_Windows_64-9.3.0\jre\bin\verify.dll
0x00007ff94a800000 - 0x00007ff94a8f3000 	C:\Windows\SYSTEM32\DNSAPI.dll
0x00007ff94a780000 - 0x00007ff94a7ad000 	C:\Windows\SYSTEM32\IPHLPAPI.DLL
0x00007ff94d010000 - 0x00007ff94d019000 	C:\Windows\System32\NSI.dll
0x00007ff93eea0000 - 0x00007ff93eeaa000 	C:\Windows\System32\rasadhlp.dll
0x00007ff942260000 - 0x00007ff9422e4000 	C:\Windows\System32\fwpuclnt.dll
0x00007ff943280000 - 0x00007ff94328e000 	C:\Users\LENOVO\.katalon\packages\Katalon_Studio_Windows_64-9.3.0\Katalon_Studio_Windows_64-9.3.0\jre\bin\sunmscapi.dll
0x00007ff94bcf0000 - 0x00007ff94be57000 	C:\Windows\System32\CRYPT32.dll
0x00007ff94b590000 - 0x00007ff94b5be000 	C:\Windows\SYSTEM32\ncrypt.dll
0x00007ff94b4e0000 - 0x00007ff94b517000 	C:\Windows\SYSTEM32\NTASN1.dll
0x00007ff94b390000 - 0x00007ff94b3ab000 	C:\Windows\SYSTEM32\CRYPTSP.dll
0x00007ff94ac00000 - 0x00007ff94ac35000 	C:\Windows\system32\rsaenh.dll
0x00007ff94b230000 - 0x00007ff94b25c000 	C:\Windows\SYSTEM32\USERENV.dll
0x00007ff94b5c0000 - 0x00007ff94b5e8000 	C:\Windows\SYSTEM32\bcrypt.dll
0x00007ff94b3b0000 - 0x00007ff94b3bc000 	C:\Windows\SYSTEM32\CRYPTBASE.dll
0x00007ff944d80000 - 0x00007ff944d99000 	C:\Windows\SYSTEM32\dhcpcsvc6.DLL
0x00007ff943c60000 - 0x00007ff943c7f000 	C:\Windows\SYSTEM32\dhcpcsvc.DLL

dbghelp: loaded successfully - version: 4.0.5 - missing functions: none
symbol engine: initialized successfully - sym options: 0x614 - pdb path: .;C:\Users\LENOVO\.katalon\packages\Katalon_Studio_Windows_64-9.3.0\Katalon_Studio_Windows_64-9.3.0\jre\bin;C:\Windows\SYSTEM32;C:\Windows\WinSxS\amd64_microsoft.windows.common-controls_6595b64144ccf1df_6.0.22621.1635_none_270f70857386168e;C:\Users\LENOVO\.katalon\packages\Katalon_Studio_Windows_64-9.3.0\Katalon_Studio_Windows_64-9.3.0\jre\bin\server

VM Arguments:
jvm_args: -Dgroovy.home=C:\Users\LENOVO/.groovy -Djava.system.class.loader=groovy.lang.GroovyClassLoader -Xmx2048m -Dfile.encoding=UTF-8 -XX:+ShowCodeDetailsInExceptionMessages 
java_command: org.codehaus.groovy.tools.GroovyStarter --classpath D:\Kelompok_3\Project WEB\Kelompok_3\bin\keyword;D:\Kelompok_3\Project WEB\Kelompok_3\Keywords;D:\Kelompok_3\Project WEB\Kelompok_3\bin\listener;D:\Kelompok_3\Project WEB\Kelompok_3\Test Listeners;D:\Kelompok_3\Project WEB\Kelompok_3\bin\lib;D:\Kelompok_3\Project WEB\Kelompok_3\Libs;D:\Kelompok_3\Project WEB\Kelompok_3\bin\groovy;D:\Kelompok_3\Project WEB\Kelompok_3\Include\scripts\groovy;C:\Users\LENOVO\.katalon\packages\Katalon_Studio_Windows_64-9.3.0\Katalon_Studio_Windows_64-9.3.0\plugins\com.kms.katalon.core_1.0.0.202401301518.jar;C:\Users\LENOVO\.katalon\packages\Katalon_Studio_Windows_64-9.3.0\Katalon_Studio_Windows_64-9.3.0\configuration\resources\lib\aalto-xml-1.0.0.jar;C:\Users\LENOVO\.katalon\packages\Katalon_Studio_Windows_64-9.3.0\Katalon_Studio_Windows_64-9.3.0\configuration\resources\lib\aspectjweaver-1.9.1.jar;C:\Users\LENOVO\.katalon\packages\Katalon_Studio_Windows_64-9.3.0\Katalon_Studio_Windows_64-9.3.0\configuration\resources\lib\bcpkix-jdk15on-1.64.jar;C:\Users\LENOVO\.katalon\packages\Katalon_Studio_Windows_64-9.3.0\Katalon_Studio_Windows_64-9.3.0\configuration\resources\lib\bcprov-jdk15on-1.64.jar;C:\Users\LENOVO\.katalon\packages\Katalon_Studio_Windows_64-9.3.0\Katalon_Studio_Windows_64-9.3.0\configuration\resources\lib\browsermob-core-2.1.5.jar;C:\Users\LENOVO\.katalon\packages\Katalon_Studio_Windows_64-9.3.0\Katalon_Studio_Windows_64-9.3.0\configuration\resources\lib\cglib-3.2.10.jar;C:\Users\LENOVO\.katalon\packages\Katalon_Studio_Windows_64-9.3.0\Katalon_Studio_Windows_64-9.3.0\configuration\resources\lib\commons-codec-1.10.jar;C:\Users\LENOVO\.katalon\packages\Katalon_Studio_Windows_64-9.3.0\Katalon_Studio_Windows_64-9.3.0\configuration\resources\lib\commons-collections4-4.1.jar;C:\Users\LENOVO\.katalon\packages\Katalon_Studio_Windows_64-9.3.0\Katalon_Studio_Windows_64-9.3.0\configuration\resources\lib\commons-validator-1.6.jar;C:\Users\LENOVO\.katalon\packages\Katalon_S
java_class_path (initial): D:\Kelompok_3\Project WEB\Kelompok_3\bin\keyword;D:\Kelompok_3\Project WEB\Kelompok_3\bin\listener;D:\Kelompok_3\Project WEB\Kelompok_3\bin\lib;D:\Kelompok_3\Project WEB\Kelompok_3\bin\groovy;D:\Kelompok_3\Project WEB\Kelompok_3\bin;C:\Users\LENOVO\.katalon\packages\Katalon_Studio_Windows_64-9.3.0\Katalon_Studio_Windows_64-9.3.0\plugins\com.kms.katalon.core_1.0.0.202401301518.jar;C:\Users\LENOVO\.katalon\packages\Katalon_Studio_Windows_64-9.3.0\Katalon_Studio_Windows_64-9.3.0\configuration\resources\lib\aalto-xml-1.0.0.jar;C:\Users\LENOVO\.katalon\packages\Katalon_Studio_Windows_64-9.3.0\Katalon_Studio_Windows_64-9.3.0\configuration\resources\lib\aspectjweaver-1.9.1.jar;C:\Users\LENOVO\.katalon\packages\Katalon_Studio_Windows_64-9.3.0\Katalon_Studio_Windows_64-9.3.0\configuration\resources\lib\bcpkix-jdk15on-1.64.jar;C:\Users\LENOVO\.katalon\packages\Katalon_Studio_Windows_64-9.3.0\Katalon_Studio_Windows_64-9.3.0\configuration\resources\lib\bcprov-jdk15on-1.64.jar;C:\Users\LENOVO\.katalon\packages\Katalon_Studio_Windows_64-9.3.0\Katalon_Studio_Windows_64-9.3.0\configuration\resources\lib\browsermob-core-2.1.5.jar;C:\Users\LENOVO\.katalon\packages\Katalon_Studio_Windows_64-9.3.0\Katalon_Studio_Windows_64-9.3.0\configuration\resources\lib\cglib-3.2.10.jar;C:\Users\LENOVO\.katalon\packages\Katalon_Studio_Windows_64-9.3.0\Katalon_Studio_Windows_64-9.3.0\configuration\resources\lib\commons-codec-1.10.jar;C:\Users\LENOVO\.katalon\packages\Katalon_Studio_Windows_64-9.3.0\Katalon_Studio_Windows_64-9.3.0\configuration\resources\lib\commons-collections4-4.1.jar;C:\Users\LENOVO\.katalon\packages\Katalon_Studio_Windows_64-9.3.0\Katalon_Studio_Windows_64-9.3.0\configuration\resources\lib\commons-validator-1.6.jar;C:\Users\LENOVO\.katalon\packages\Katalon_Studio_Windows_64-9.3.0\Katalon_Studio_Windows_64-9.3.0\configuration\resources\lib\curvesapi-1.04.jar;C:\Users\LENOVO\.katalon\packages\Katalon_Studio_Windows_64-9.3.0\Katalon_Studio_Windows_64-9.3.
Launcher Type: SUN_STANDARD

[Global flags]
     intx CICompilerCount                          = 3                                         {product} {ergonomic}
     uint ConcGCThreads                            = 1                                         {product} {ergonomic}
     uint G1ConcRefinementThreads                  = 4                                         {product} {ergonomic}
   size_t G1HeapRegionSize                         = 1048576                                   {product} {ergonomic}
    uintx GCDrainStackTargetSize                   = 64                                        {product} {ergonomic}
   size_t InitialHeapSize                          = 132120576                                 {product} {ergonomic}
   size_t MarkStackSize                            = 4194304                                   {product} {ergonomic}
   size_t MaxHeapSize                              = 2147483648                                {product} {command line}
   size_t MaxNewSize                               = 1287651328                                {product} {ergonomic}
   size_t MinHeapDeltaBytes                        = 1048576                                   {product} {ergonomic}
   size_t MinHeapSize                              = 8388608                                   {product} {ergonomic}
    uintx NonNMethodCodeHeapSize                   = 5832780                                {pd product} {ergonomic}
    uintx NonProfiledCodeHeapSize                  = 122912730                              {pd product} {ergonomic}
    uintx ProfiledCodeHeapSize                     = 122912730                              {pd product} {ergonomic}
    uintx ReservedCodeCacheSize                    = 251658240                              {pd product} {ergonomic}
     bool SegmentedCodeCache                       = true                                      {product} {ergonomic}
     bool ShowCodeDetailsInExceptionMessages       = true                                   {manageable} {command line}
   size_t SoftMaxHeapSize                          = 2147483648                             {manageable} {ergonomic}
     bool UseCompressedClassPointers               = true                           {product lp64_product} {ergonomic}
     bool UseCompressedOops                        = true                           {product lp64_product} {ergonomic}
     bool UseG1GC                                  = true                                      {product} {ergonomic}
     bool UseLargePagesIndividualAllocation        = false                                  {pd product} {ergonomic}

Logging:
Log output configuration:
 #0: stdout all=warning uptime,level,tags
 #1: stderr all=off uptime,level,tags

Environment Variables:
JAVA_HOME=C:\Program Files\Java\jdk-21
PATH=C:/Users/LENOVO/.katalon/packages/Katalon_Studio_Windows_64-9.3.0/Katalon_Studio_Windows_64-9.3.0/jre/bin/server;C:/Users/LENOVO/.katalon/packages/Katalon_Studio_Windows_64-9.3.0/Katalon_Studio_Windows_64-9.3.0/jre/bin;C:\Program Files\Common Files\Oracle\Java\javapath;C:\Python312\Scripts\;C:\Python312\;C:\Windows\system32;C:\Windows;C:\Windows\System32\Wbem;C:\Windows\System32\WindowsPowerShell\v1.0\;C:\Windows\System32\OpenSSH\;C:\ProgramData\chocolatey\bin;D:\app\Git\cmd;C:\Program Files\nodejs\;C:\Users\LENOVO\AppData\Local\Microsoft\WindowsApps;D:\app\Microsoft VS Code\bin;C:\Users\LENOVO\AppData\Roaming\npm;C:\Users\LENOVO\AppData\Local\Android\Sdk\platform-tools;C:\Users\LENOVO\AppData\Local\Android\Sdk\platform-tools;C:\Users\LENOVO\AppData\Local\GitHubDesktop\bin;C:\Users\LENOVO\.katalon\packages\Katalon_Studio_Windows_64-9.3.0\Katalon_Studio_Windows_64-9.3.0;
USERNAME=LENOVO
OS=Windows_NT
PROCESSOR_IDENTIFIER=Intel64 Family 6 Model 140 Stepping 2, GenuineIntel
TMP=C:\Users\LENOVO\AppData\Local\Temp
TEMP=C:\Users\LENOVO\AppData\Local\Temp



---------------  S Y S T E M  ---------------

OS:
 Windows 11 , 64 bit Build 22621 (10.0.22621.1928)
OS uptime: 2 days 2:50 hours
Hyper-V role detected

CPU: total 4 (initial active 4) (2 cores per cpu, 2 threads per core) family 6 model 140 stepping 2 microcode 0x26, cx8, cmov, fxsr, ht, mmx, 3dnowpref, sse, sse2, sse3, ssse3, sse4.1, sse4.2, popcnt, lzcnt, tsc, tscinvbit, avx, avx2, aes, erms, clmul, bmi1, bmi2, adx, avx512f, avx512dq, avx512cd, avx512bw, avx512vl, sha, fma, vzeroupper, avx512_vpopcntdq, avx512_vpclmulqdq, avx512_vaes, avx512_vnni, clflush, clflushopt, clwb, avx512_vbmi2, avx512_vbmi, hv

Memory: 4k page, system-wide physical 7975M (445M free)
TotalPageFile size 12678M (AvailPageFile size 0M)
current process WorkingSet (physical memory assigned to process): 227M, peak: 259M
current process commit charge ("private bytes"): 252M, peak: 288M

vm_info: OpenJDK 64-Bit Server VM (17.0.7+7) for windows-amd64 JRE (17.0.7+7), built on Apr 18 2023 22:10:42 by "temurin" with MS VC++ 16.7 (VS2019)

END.
