[35m[Appium][39m Welcome to Appium v2.4.1
[35m[Appium][39m Non-default server args:
[35m[Appium][39m { basePath: [32m'/wd/hub'[39m, loglevel: [32m'info'[39m, port: [33m50802[39m }
[35m[Appium][39m Attempting to load driver uiautomator2...
[35m[Appium][39m Appium REST http interface listener started on http://0.0.0.0:50802/wd/hub
[35m[Appium][39m You can provide the following URLs in your client code to connect to this server:
[35m[Appium][39m 	http://192.168.1.8:50802/wd/hub
[35m[Appium][39m 	http://127.0.0.1:50802/wd/hub (only accessible from the same host)
[35m[Appium][39m Available drivers:
[35m[Appium][39m   - uiautomator2@2.43.2 (automationName 'UiAutomator2')
[35m[Appium][39m No plugins have been installed. Use the "appium plugin" command to install the one(s) you want to use.
[38;5;0m[HTTP][0m [37m-->[39m [37mGET[39m [37m/wd/hub/status[39m
[38;5;0m[HTTP][0m [90m{}[39m
[38;5;0m[HTTP][0m [37m<-- GET /wd/hub/status [39m[32m200[39m [90m31 ms - 110[39m
[38;5;0m[HTTP][0m [90m[39m
[38;5;0m[HTTP][0m [37m-->[39m [37mGET[39m [37m/wd/hub/status[39m
[38;5;0m[HTTP][0m [90m{}[39m
[38;5;0m[HTTP][0m [37m<-- GET /wd/hub/status [39m[32m200[39m [90m3 ms - 110[39m
[38;5;0m[HTTP][0m [90m[39m
[38;5;0m[HTTP][0m [37m-->[39m [37mPOST[39m [37m/wd/hub/session[39m
[38;5;0m[HTTP][0m [90m{"desiredCapabilities":{"appium:systemPort":8237,"appium:newCommandTimeout":1800,"appium:appWaitActivity":"","appium:automationName":"uiautomator2","appium:platformVersion":"10","appium:deviceId":"","appium:udid":"be9cc2e6","appium:appWaitforLaunch":false,"appium:autoGrantPermissions":true,"appium:platformName":"ANDROID","appium:appActivity":".Settings","appium:deviceName":"Xiaomi Redmi Note 7 (Android 10)","platformName":"Android","appium:appPackage":"com.android.settings"},"capabilities":{"firstMatch":[{"appium:appActivity":".Settings","appium:appPackage":"com.android.settings","appium:appWaitActivity":"","appium:appWaitforLaunch":false,"appium:autoGrantPermissions":true,"appium:automationName":"uiautomator2","appium:deviceId":"","appium:deviceName":"Xiaomi Redmi Note 7 (Android 10)","appium:newCommandTimeout":1800,"appium:platformName":"ANDROID","appium:platformVersion":"10","appium:systemPort":8237,"appium:udid":"be9cc2e6","platformName":"android"}]}}[39m
[38;5;32m[BaseDriver][0m Ignoring capability 'appium:platformName=ANDROID' and using capability 'platformName=android'
[38;5;32m[BaseDriver][0m The capabilities ["platformName"] are standard capabilities and do not require "appium:" prefix
[35m[Appium][39m Attempting to find matching driver for automationName 'uiautomator2' and platformName 'android'
[35m[Appium][39m The 'uiautomator2' driver was installed and matched caps.
[35m[Appium][39m Will require it at C:\Users\Ray\.appium\node_modules\appium-uiautomator2-driver
[38;5;16m[AppiumDriver@dc5a][0m Appium v2.4.1 creating new AndroidUiautomator2Driver (v2.43.2) session
[38;5;16m[AppiumDriver@dc5a][0m Checking BaseDriver versions for Appium and AndroidUiautomator2Driver
[38;5;16m[AppiumDriver@dc5a][0m Appium's BaseDriver version is 9.5.0
[38;5;16m[AppiumDriver@dc5a][0m AndroidUiautomator2Driver's BaseDriver version is 9.5.0
[38;5;48m[AndroidUiautomator2Driver@1b06][0m The following provided capabilities were not recognized by this driver:
[38;5;48m[AndroidUiautomator2Driver@1b06][0m   appWaitforLaunch
[38;5;48m[AndroidUiautomator2Driver@1b06][0m   deviceId
[38;5;48m[AndroidUiautomator2Driver@1b06 (40141f68)][0m Session created with session id: 40141f68-fbc0-4152-bb74-31bebf69d27a
[38;5;48m[AndroidUiautomator2Driver@1b06 (40141f68)][0m Starting 'com.android.settings' directly on the device
[38;5;64m[ADB][0m Found 1 'build-tools' folders under 'C:\Users\Ray\AppData\Local\Android\Sdk' (newest first):
[38;5;64m[ADB][0m     C:\Users\Ray\AppData\Local\Android\Sdk\build-tools\34.0.0
[38;5;64m[ADB][0m Using 'adb.exe' from 'C:\Users\Ray\AppData\Local\Android\Sdk\platform-tools\adb.exe'
[38;5;48m[AndroidUiautomator2Driver@1b06 (40141f68)][0m Retrieving device list
[38;5;48m[AndroidUiautomator2Driver@1b06 (40141f68)][0m Using device: be9cc2e6
[38;5;64m[ADB][0m Using 'adb.exe' from 'C:\Users\Ray\AppData\Local\Android\Sdk\platform-tools\adb.exe'
[38;5;64m[ADB][0m Getting device platform version
[38;5;48m[AndroidUiautomator2Driver@1b06 (40141f68)][0m Relaxing hidden api policy
[38;5;48m[AndroidUiautomator2Driver@1b06 (40141f68)][0m No app sent in, not parsing package/activity
[38;5;64m[ADB][0m Using 'apksigner.jar' from 'C:\Users\Ray\AppData\Local\Android\Sdk\build-tools\34.0.0\lib\apksigner.jar'
[38;5;64m[ADB][0m 'C:\Users\Ray\.appium\node_modules\appium-uiautomator2-driver\node_modules\appium-uiautomator2-server\apks\appium-uiautomator2-server-debug-androidTest.apk' is signed with the default certificate
[38;5;64m[ADB][0m 'C:\Users\Ray\.appium\node_modules\appium-uiautomator2-driver\node_modules\appium-uiautomator2-server\apks\appium-uiautomator2-server-v6.0.6.apk' is signed with the default certificate
[38;5;48m[AndroidUiautomator2Driver@1b06 (40141f68)][0m Server packages are not going to be (re)installed
[38;5;64m[ADB][0m Adding packages ["io.appium.settings","io.appium.uiautomator2.server","io.appium.uiautomator2.server.test"] to Doze whitelist
[38;5;48m[AndroidUiautomator2Driver@1b06 (40141f68)][0m Starting UIAutomator2 server 6.0.6
[38;5;48m[AndroidUiautomator2Driver@1b06 (40141f68)][0m Using UIAutomator2 server from 'C:\Users\Ray\.appium\node_modules\appium-uiautomator2-driver\node_modules\appium-uiautomator2-server\apks\appium-uiautomator2-server-v6.0.6.apk' and test from 'C:\Users\Ray\.appium\node_modules\appium-uiautomator2-driver\node_modules\appium-uiautomator2-server\apks\appium-uiautomator2-server-debug-androidTest.apk'
[38;5;48m[AndroidUiautomator2Driver@1b06 (40141f68)][0m Waiting up to 30000ms for UiAutomator2 to be online...
[38;5;48m[AndroidUiautomator2Driver@1b06 (40141f68)][0m socket hang up
[38;5;48m[AndroidUiautomator2Driver@1b06 (40141f68)][0m socket hang up
[38;5;48m[AndroidUiautomator2Driver@1b06 (40141f68)][0m socket hang up
[38;5;48m[AndroidUiautomator2Driver@1b06 (40141f68)][0m socket hang up
[38;5;48m[AndroidUiautomator2Driver@1b06 (40141f68)][0m Determined the downstream protocol as 'W3C'
[38;5;48m[AndroidUiautomator2Driver@1b06 (40141f68)][0m Screen already unlocked, doing nothing
[38;5;48m[AndroidUiautomator2Driver@1b06 (40141f68)][0m Starting 'com.android.settings/.Settings and waiting for 'com.android.settings/.Settings'
[38;5;16m[AppiumDriver@dc5a][0m New AndroidUiautomator2Driver session created successfully, session 40141f68-fbc0-4152-bb74-31bebf69d27a added to master session list
[38;5;0m[HTTP][0m [37m<-- POST /wd/hub/session [39m[32m200[39m [90m19667 ms - 1200[39m
[38;5;0m[HTTP][0m [90m[39m
[38;5;0m[HTTP][0m [37m-->[39m [37mGET[39m [37m/wd/hub/session/40141f68-fbc0-4152-bb74-31bebf69d27a[39m
[38;5;0m[HTTP][0m [90m{}[39m
[38;5;0m[HTTP][0m [37m<-- GET /wd/hub/session/40141f68-fbc0-4152-bb74-31bebf69d27a [39m[32m200[39m [90m50 ms - 372[39m
[38;5;0m[HTTP][0m [90m[39m
[38;5;0m[HTTP][0m [37m-->[39m [37mGET[39m [37m/wd/hub/session/40141f68-fbc0-4152-bb74-31bebf69d27a[39m
[38;5;0m[HTTP][0m [90m{}[39m
[38;5;0m[HTTP][0m [37m<-- GET /wd/hub/session/40141f68-fbc0-4152-bb74-31bebf69d27a [39m[32m200[39m [90m15 ms - 372[39m
[38;5;0m[HTTP][0m [90m[39m
[38;5;0m[HTTP][0m [37m-->[39m [37mGET[39m [37m/wd/hub/status[39m
[38;5;0m[HTTP][0m [90m{}[39m
[38;5;0m[HTTP][0m [37m<-- GET /wd/hub/status [39m[32m200[39m [90m2 ms - 110[39m
[38;5;0m[HTTP][0m [90m[39m
[38;5;0m[HTTP][0m [37m-->[39m [37mPOST[39m [37m/wd/hub/session/40141f68-fbc0-4152-bb74-31bebf69d27a/timeouts[39m
[38;5;0m[HTTP][0m [90m{"implicit":60000}[39m
[38;5;0m[HTTP][0m [37m<-- POST /wd/hub/session/40141f68-fbc0-4152-bb74-31bebf69d27a/timeouts [39m[32m200[39m [90m6 ms - 14[39m
[38;5;0m[HTTP][0m [90m[39m
[38;5;0m[HTTP][0m [37m-->[39m [37mGET[39m [37m/wd/hub/session/40141f68-fbc0-4152-bb74-31bebf69d27a/appium/device/system_bars[39m
[38;5;0m[HTTP][0m [90m{}[39m
[38;5;0m[HTTP][0m [37m<-- GET /wd/hub/session/40141f68-fbc0-4152-bb74-31bebf69d27a/appium/device/system_bars [39m[32m200[39m [90m203 ms - 151[39m
[38;5;0m[HTTP][0m [90m[39m
[38;5;0m[HTTP][0m [37m-->[39m [37mPOST[39m [37m/wd/hub/session/40141f68-fbc0-4152-bb74-31bebf69d27a/appium/device/activate_app[39m
[38;5;0m[HTTP][0m [90m{"bundleId":"id.binar.fp.secondhand"}[39m
[38;5;0m[HTTP][0m [37m<-- POST /wd/hub/session/40141f68-fbc0-4152-bb74-31bebf69d27a/appium/device/activate_app [39m[32m200[39m [90m288 ms - 14[39m
[38;5;0m[HTTP][0m [90m[39m
[38;5;0m[HTTP][0m [37m-->[39m [37mGET[39m [37m/wd/hub/session/40141f68-fbc0-4152-bb74-31bebf69d27a/source[39m
[38;5;0m[HTTP][0m [90m{}[39m
[38;5;48m[AndroidUiautomator2Driver@1b06 (40141f68)][0m Driver proxy active, passing request on via HTTP proxy
[38;5;48m[AndroidUiautomator2Driver@1b06 (40141f68)][0m Replacing sessionId ae7efd3b-4ec7-42d7-be28-260d0573b209 with 40141f68-fbc0-4152-bb74-31bebf69d27a
[38;5;0m[HTTP][0m [37m<-- GET /wd/hub/session/40141f68-fbc0-4152-bb74-31bebf69d27a/source [39m[32m200[39m [90m393 ms - 20373[39m
[38;5;0m[HTTP][0m [90m[39m
[38;5;0m[HTTP][0m [37m-->[39m [37mGET[39m [37m/wd/hub/session/40141f68-fbc0-4152-bb74-31bebf69d27a/screenshot[39m
[38;5;0m[HTTP][0m [90m{}[39m
[38;5;0m[HTTP][0m [37m<-- GET /wd/hub/session/40141f68-fbc0-4152-bb74-31bebf69d27a/screenshot [39m[32m200[39m [90m905 ms - 95500[39m
[38;5;0m[HTTP][0m [90m[39m
[38;5;0m[HTTP][0m [37m-->[39m [37mDELETE[39m [37m/wd/hub/session/40141f68-fbc0-4152-bb74-31bebf69d27a[39m
[38;5;0m[HTTP][0m [90m{}[39m
[38;5;16m[AppiumDriver@dc5a][0m Removing session 40141f68-fbc0-4152-bb74-31bebf69d27a from our master session list
[38;5;48m[AndroidUiautomator2Driver@1b06 (40141f68)][0m Restoring hidden api policy to the device default configuration
